2024-01-20 06:18:28 index.ts[info]: initializeRoutes() 
2024-01-20 06:18:28 index.ts[info]: SERVER listening on PORT:5000 
2024-01-20 06:19:11 index.ts[info]: controller.admin.bookingSlots() 
2024-01-20 06:19:11 index.ts[debug]: controller.admin.bookingSlots() Object = {"theaterName":"Blockbuster Bliss","price":"10.99","noOfPersons":"6","extraPersonCost":"5.99      ","addOns":[{"id":64,"price":"3443","itemsName":"sagd"},{"id":4,"price":"3443","itemsName":"lights with numbers"}],"cake":{"id":37,"price":"wed","itemsName":"wededwe"},"decoration":{"id":61,"price":"123","itemsName":"test123"},"theaterUid":"b62f63ac-6ec1-4bca-8ad2-d5f2105c3f04","bookedDate":"2024-01-26","timeSlotId":"1","customerEmail":"x1k19uwj05@myinfoinc.com","customerName":"syed","phoneNumber":"8877887787"} 
2024-01-20 06:19:11 index.ts[info]: services.admin.theater.bookingSlots() ==>  
2024-01-20 06:19:32 index.ts[error]: ERROR occurred in services.admin.theater.bookingSlots connect ETIMEDOUT 74.125.24.108:465 Error: connect ETIMEDOUT 74.125.24.108:465
    at TCPConnectWrap.afterConnect [as oncomplete] (node:net:1595:16)
2024-01-20 06:19:32 index.ts[info]: helper.response_builder.responseBuilder() 
2024-01-20 06:20:04 index.ts[info]: controller.admin.bookingSlots() 
2024-01-20 06:20:04 index.ts[debug]: controller.admin.bookingSlots() Object = {"theaterName":"Dream Dhamaka","price":"1999","noOfPersons":"6","extraPersonCost":"299       ","decoration":{"id":137,"price":"599","itemsName":"Birthday"},"cake":{"id":130,"price":"699","itemsName":"Red Velvet"},"addOns":{"id":124,"price":"99","itemsName":"HDB Lights"},"theaterUid":"b7ae67b9-09fe-428e-b89b-123f110b7a89","bookedDate":"2024-01-21","startTime":"2024-01-21T1:00 pm ","endTime":"2024-01-21T 3:30 pm"} 
2024-01-20 06:20:04 index.ts[info]: services.admin.theater.bookingSlots() ==>  
2024-01-20 06:20:04 index.ts[error]: ERROR occurred in services.admin.theater.bookingSlots Expected a string but received a undefined TypeError: Expected a string but received a undefined
    at assertString (D:\projets\projects\Backend\node_modules\validator\lib\util\assertString.js:17:11)
    at Object.isEmail (D:\projets\projects\Backend\node_modules\validator\lib\isEmail.js:80:29)
    at D:\projets\projects\Backend\src\utils\emaiMessage.ts:34:50
    at Array.every (<anonymous>)
    at D:\projets\projects\Backend\src\utils\emaiMessage.ts:34:25
    at Generator.next (<anonymous>)
    at D:\projets\projects\Backend\src\utils\emaiMessage.ts:8:71
    at new Promise (<anonymous>)
    at __awaiter (D:\projets\projects\Backend\src\utils\emaiMessage.ts:4:12)
    at sendMail (D:\projets\projects\Backend\src\utils\emaiMessage.ts:28:49)
    at Object.<anonymous> (D:\projets\projects\Backend\src\services\User\userTheater.ts:61:31)
    at Generator.next (<anonymous>)
    at D:\projets\projects\Backend\src\services\User\userTheater.ts:31:71
    at new Promise (<anonymous>)
    at __awaiter (D:\projets\projects\Backend\src\services\User\userTheater.ts:27:12)
    at Object.bookingSlots (D:\projets\projects\Backend\src\services\User\userTheater.ts:47:12)
    at D:\projets\projects\Backend\src\controller\User\userTheater.ts:14:60
    at Generator.next (<anonymous>)
    at D:\projets\projects\Backend\src\controller\User\userTheater.ts:31:71
    at new Promise (<anonymous>)
    at __awaiter (D:\projets\projects\Backend\src\controller\User\userTheater.ts:27:12)
    at bookingSlots (D:\projets\projects\Backend\src\controller\User\userTheater.ts:44:12)
2024-01-20 06:20:04 index.ts[info]: helper.response_builder.responseBuilder() 
2024-01-20 06:21:33 index.ts[info]: controller.admin.bookingSlots() 
2024-01-20 06:21:33 index.ts[debug]: controller.admin.bookingSlots() Object = {"theaterName":"Blockbuster Bliss","price":"10.99","noOfPersons":"6","extraPersonCost":"5.99      ","addOns":[{"id":64,"price":"3443","itemsName":"sagd"},{"id":4,"price":"3443","itemsName":"lights with numbers"}],"cake":{"id":37,"price":"wed","itemsName":"wededwe"},"decoration":{"id":61,"price":"123","itemsName":"test123"},"theaterUid":"b62f63ac-6ec1-4bca-8ad2-d5f2105c3f04","bookedDate":"2024-01-26","timeSlotId":"1","customerEmail":"x1k19uwj05@myinfoinc.com","customerName":"syed","phoneNumber":"8877887787"} 
2024-01-20 06:21:33 index.ts[info]: services.admin.theater.bookingSlots() ==>  
2024-01-20 06:21:54 index.ts[error]: ERROR occurred in services.admin.theater.bookingSlots connect ETIMEDOUT 74.125.24.108:465 Error: connect ETIMEDOUT 74.125.24.108:465
    at TCPConnectWrap.afterConnect [as oncomplete] (node:net:1595:16)
2024-01-20 06:21:54 index.ts[info]: helper.response_builder.responseBuilder() 
2024-01-20 06:23:51 index.ts[info]: initializeRoutes() 
2024-01-20 06:23:51 index.ts[info]: SERVER listening on PORT:5000 
2024-01-20 06:24:01 index.ts[info]: controller.admin.bookingSlots() 
2024-01-20 06:24:01 index.ts[debug]: controller.admin.bookingSlots() Object = {"theaterName":"Blockbuster Bliss","price":"10.99","noOfPersons":"6","extraPersonCost":"5.99      ","addOns":[{"id":64,"price":"3443","itemsName":"sagd"},{"id":4,"price":"3443","itemsName":"lights with numbers"}],"cake":{"id":37,"price":"wed","itemsName":"wededwe"},"decoration":{"id":61,"price":"123","itemsName":"test123"},"theaterUid":"b62f63ac-6ec1-4bca-8ad2-d5f2105c3f04","bookedDate":"2024-01-26","timeSlotId":"1","customerEmail":"x1k19uwj05@myinfoinc.com","customerName":"syed","phoneNumber":"8877887787"} 
2024-01-20 06:24:01 index.ts[info]: services.admin.theater.bookingSlots() ==>  
2024-01-20 06:24:23 index.ts[error]: ERROR occurred in services.admin.theater.bookingSlots connect ETIMEDOUT 74.125.24.108:465 Error: connect ETIMEDOUT 74.125.24.108:465
    at TCPConnectWrap.afterConnect [as oncomplete] (node:net:1595:16)
2024-01-20 06:24:23 index.ts[info]: helper.response_builder.responseBuilder() 
2024-01-20 06:25:05 index.ts[info]: initializeRoutes() 
2024-01-20 06:25:05 index.ts[info]: SERVER listening on PORT:5000 
2024-01-20 06:25:08 index.ts[info]: controller.admin.bookingSlots() 
2024-01-20 06:25:08 index.ts[debug]: controller.admin.bookingSlots() Object = {"theaterName":"Blockbuster Bliss","price":"10.99","noOfPersons":"6","extraPersonCost":"5.99      ","addOns":[{"id":64,"price":"3443","itemsName":"sagd"},{"id":4,"price":"3443","itemsName":"lights with numbers"}],"cake":{"id":37,"price":"wed","itemsName":"wededwe"},"decoration":{"id":61,"price":"123","itemsName":"test123"},"theaterUid":"b62f63ac-6ec1-4bca-8ad2-d5f2105c3f04","bookedDate":"2024-01-26","timeSlotId":"1","customerEmail":"x1k19uwj05@myinfoinc.com","customerName":"syed","phoneNumber":"8877887787"} 
2024-01-20 06:25:08 index.ts[info]: services.admin.theater.bookingSlots() ==>  
2024-01-20 06:25:08 index.ts[info]: data_stores_mysql_lib_user.getSingleTheater() 
2024-01-20 06:25:15 index.ts[info]: data_stores_mysql_lib_user_Theater.bookingSlots() 
2024-01-20 06:25:15 index.ts[info]: helper.response_builder.responseBuilder() 
2024-01-20 06:25:55 index.ts[info]: initializeRoutes() 
2024-01-20 06:25:55 index.ts[info]: SERVER listening on PORT:5000 
2024-01-20 06:26:13 index.ts[info]: controller.admin.bookingSlots() 
2024-01-20 06:26:13 index.ts[debug]: controller.admin.bookingSlots() Object = {"theaterName":"Blockbuster Bliss","price":"10.99","noOfPersons":"6","extraPersonCost":"5.99      ","addOns":[{"id":64,"price":"3443","itemsName":"sagd"},{"id":4,"price":"3443","itemsName":"lights with numbers"}],"cake":{"id":37,"price":"wed","itemsName":"wededwe"},"decoration":{"id":61,"price":"123","itemsName":"test123"},"theaterUid":"b62f63ac-6ec1-4bca-8ad2-d5f2105c3f04","bookedDate":"2024-01-26","timeSlotId":"1","customerEmail":"syedabbas83778@gmail.com","customerName":"syed","phoneNumber":"8877887787"} 
2024-01-20 06:26:13 index.ts[info]: services.admin.theater.bookingSlots() ==>  
2024-01-20 06:26:34 index.ts[error]: ERROR occurred in services.admin.theater.bookingSlots connect ETIMEDOUT 74.125.24.109:465 Error: connect ETIMEDOUT 74.125.24.109:465
    at TCPConnectWrap.afterConnect [as oncomplete] (node:net:1595:16)
2024-01-20 06:26:34 index.ts[info]: helper.response_builder.responseBuilder() 
2024-01-20 06:27:45 index.ts[info]: initializeRoutes() 
2024-01-20 06:27:45 index.ts[info]: SERVER listening on PORT:5000 
2024-01-20 06:27:53 index.ts[info]: controller.admin.bookingSlots() 
2024-01-20 06:27:53 index.ts[debug]: controller.admin.bookingSlots() Object = {"theaterName":"Blockbuster Bliss","price":"10.99","noOfPersons":"6","extraPersonCost":"5.99      ","addOns":[{"id":64,"price":"3443","itemsName":"sagd"},{"id":4,"price":"3443","itemsName":"lights with numbers"}],"cake":{"id":37,"price":"wed","itemsName":"wededwe"},"decoration":{"id":61,"price":"123","itemsName":"test123"},"theaterUid":"b62f63ac-6ec1-4bca-8ad2-d5f2105c3f04","bookedDate":"2024-01-26","timeSlotId":"1","customerEmail":"syedabbas83778@gmail.com","customerName":"syed","phoneNumber":"8877887787"} 
2024-01-20 06:27:53 index.ts[info]: services.admin.theater.bookingSlots() ==>  
2024-01-20 06:28:14 index.ts[error]: ERROR occurred in services.admin.theater.bookingSlots connect ETIMEDOUT 74.125.24.109:465 Error: connect ETIMEDOUT 74.125.24.109:465
    at TCPConnectWrap.afterConnect [as oncomplete] (node:net:1595:16)
2024-01-20 06:28:14 index.ts[info]: helper.response_builder.responseBuilder() 
2024-01-20 06:32:08 index.ts[info]: initializeRoutes() 
2024-01-20 06:32:08 index.ts[info]: SERVER listening on PORT:5000 
2024-01-20 06:32:12 index.ts[info]: controller.admin.bookingSlots() 
2024-01-20 06:32:12 index.ts[debug]: controller.admin.bookingSlots() Object = {"theaterName":"Blockbuster Bliss","price":"10.99","noOfPersons":"6","extraPersonCost":"5.99      ","addOns":[{"id":64,"price":"3443","itemsName":"sagd"},{"id":4,"price":"3443","itemsName":"lights with numbers"}],"cake":{"id":37,"price":"wed","itemsName":"wededwe"},"decoration":{"id":61,"price":"123","itemsName":"test123"},"theaterUid":"b62f63ac-6ec1-4bca-8ad2-d5f2105c3f04","bookedDate":"2024-01-26","timeSlotId":"1","customerEmail":"syedabbas83778@gmail.com","customerName":"syed","phoneNumber":"8877887787"} 
2024-01-20 06:32:12 index.ts[info]: services.admin.theater.bookingSlots() ==>  
2024-01-20 06:32:12 index.ts[info]: data_stores_mysql_lib_user.getSingleTheater() 
2024-01-20 06:32:19 index.ts[info]: data_stores_mysql_lib_user_Theater.bookingSlots() 
2024-01-20 06:32:19 index.ts[info]: helper.response_builder.responseBuilder() 
2024-01-20 06:34:42 index.ts[info]: initializeRoutes() 
2024-01-20 06:34:42 index.ts[info]: SERVER listening on PORT:5000 
2024-01-20 06:34:51 index.ts[info]: controller.admin.bookingSlots() 
2024-01-20 06:34:51 index.ts[debug]: controller.admin.bookingSlots() Object = {"theaterName":"Blockbuster Bliss","price":"10.99","noOfPersons":"6","extraPersonCost":"5.99      ","addOns":[{"id":64,"price":"3443","itemsName":"sagd"},{"id":4,"price":"3443","itemsName":"lights with numbers"}],"cake":{"id":37,"price":"wed","itemsName":"wededwe"},"decoration":{"id":61,"price":"123","itemsName":"test123"},"theaterUid":"b62f63ac-6ec1-4bca-8ad2-d5f2105c3f04","bookedDate":"2024-01-26","timeSlotId":"1","customerEmail":"syedabbas83778@gmail.com","customerName":"syed","phoneNumber":"8877887787"} 
2024-01-20 06:34:51 index.ts[info]: services.admin.theater.bookingSlots() ==>  
2024-01-20 06:34:51 index.ts[info]: data_stores_mysql_lib_user.getSingleTheater() 
2024-01-20 06:35:01 index.ts[info]: data_stores_mysql_lib_user_Theater.bookingSlots() 
2024-01-20 06:35:01 index.ts[info]: helper.response_builder.responseBuilder() 
2024-01-20 06:42:37 index.ts[info]: initializeRoutes() 
2024-01-20 06:42:37 index.ts[info]: SERVER listening on PORT:5000 
2024-01-20 06:42:49 index.ts[info]: initializeRoutes() 
2024-01-20 06:42:49 index.ts[info]: SERVER listening on PORT:5000 
2024-01-20 06:43:08 index.ts[info]: controller.admin.bookingSlots() 
2024-01-20 06:43:08 index.ts[debug]: controller.admin.bookingSlots() Object = {"theaterName":"Blockbuster Bliss","price":"10.99","noOfPersons":"6","extraPersonCost":"5.99      ","addOns":[{"id":64,"price":"3443","itemsName":"sagd"},{"id":4,"price":"3443","itemsName":"lights with numbers"}],"cake":{"id":37,"price":"wed","itemsName":"wededwe"},"decoration":{"id":61,"price":"123","itemsName":"test123"},"theaterUid":"b62f63ac-6ec1-4bca-8ad2-d5f2105c3f04","bookedDate":"2024-01-26","timeSlotId":"1","customerEmail":"syedabbas83778@gmail.com","customerName":"syed","phoneNumber":"8877887787"} 
2024-01-20 06:43:08 index.ts[info]: services.admin.theater.bookingSlots() ==>  
2024-01-20 06:43:13 index.ts[info]: data_stores_mysql_lib_user.getSingleTheater() 
2024-01-20 06:43:21 index.ts[info]: data_stores_mysql_lib_user_Theater.bookingSlots() 
2024-01-20 06:43:22 index.ts[info]: helper.response_builder.responseBuilder() 
2024-01-20 06:44:17 index.ts[info]: controller.admin.bookingSlots() 
2024-01-20 06:44:17 index.ts[debug]: controller.admin.bookingSlots() Object = {"theaterName":"Blockbuster Bliss","price":"10.99","noOfPersons":"6","extraPersonCost":"5.99      ","addOns":[{"id":64,"price":"3443","itemsName":"sagd"},{"id":4,"price":"3443","itemsName":"lights with numbers"}],"cake":{"id":37,"price":"wed","itemsName":"wededwe"},"decoration":{"id":61,"price":"123","itemsName":"test123"},"theaterUid":"b62f63ac-6ec1-4bca-8ad2-d5f2105c3f04","bookedDate":"2024-01-26","timeSlotId":"1","customerEmail":"syedabbas83778@gmail.com","customerName":"syed","phoneNumber":"8877887787"} 
2024-01-20 06:44:17 index.ts[info]: services.admin.theater.bookingSlots() ==>  
2024-01-20 06:44:22 index.ts[info]: data_stores_mysql_lib_user.getSingleTheater() 
2024-01-20 06:44:25 index.ts[info]: data_stores_mysql_lib_user_Theater.bookingSlots() 
2024-01-20 06:44:26 index.ts[info]: helper.response_builder.responseBuilder() 
2024-01-20 06:47:52 index.ts[info]: initializeRoutes() 
2024-01-20 06:47:52 index.ts[info]: SERVER listening on PORT:5000 
2024-01-20 06:48:08 index.ts[info]: initializeRoutes() 
2024-01-20 06:48:08 index.ts[info]: SERVER listening on PORT:5000 
2024-01-20 06:48:18 index.ts[info]: controller.admin.bookingSlots() 
2024-01-20 06:48:18 index.ts[debug]: controller.admin.bookingSlots() Object = {"theaterName":"Blockbuster Bliss","price":"10.99","noOfPersons":"6","extraPersonCost":"5.99      ","addOns":[{"id":64,"price":"3443","itemsName":"sagd"},{"id":4,"price":"3443","itemsName":"lights with numbers"}],"cake":{"id":37,"price":"wed","itemsName":"wededwe"},"decoration":{"id":61,"price":"123","itemsName":"test123"},"theaterUid":"b62f63ac-6ec1-4bca-8ad2-d5f2105c3f04","bookedDate":"2024-01-26","timeSlotId":"1","customerEmail":"syedabbas83778@gmail.com","customerName":"syed","phoneNumber":"8877887787"} 
2024-01-20 06:48:18 index.ts[info]: services.admin.theater.bookingSlots() ==>  
2024-01-20 06:48:23 index.ts[info]: data_stores_mysql_lib_user.getSingleTheater() 
2024-01-20 06:48:30 index.ts[info]: data_stores_mysql_lib_user_Theater.bookingSlots() 
2024-01-20 06:48:30 index.ts[info]: helper.response_builder.responseBuilder() 
2024-01-20 06:49:21 index.ts[info]: initializeRoutes() 
2024-01-20 06:49:21 index.ts[info]: SERVER listening on PORT:5000 
2024-01-20 06:49:48 index.ts[info]: initializeRoutes() 
2024-01-20 06:49:48 index.ts[info]: SERVER listening on PORT:5000 
2024-01-20 06:49:52 index.ts[info]: controller.admin.bookingSlots() 
2024-01-20 06:49:52 index.ts[debug]: controller.admin.bookingSlots() Object = {"theaterName":"Blockbuster Bliss","price":"10.99","noOfPersons":"6","extraPersonCost":"5.99      ","addOns":[{"id":64,"price":"3443","itemsName":"sagd"},{"id":4,"price":"3443","itemsName":"lights with numbers"}],"cake":{"id":37,"price":"wed","itemsName":"wededwe"},"decoration":{"id":61,"price":"123","itemsName":"test123"},"theaterUid":"b62f63ac-6ec1-4bca-8ad2-d5f2105c3f04","bookedDate":"2024-01-26","timeSlotId":"1","customerEmail":"syedabbas83778@gmail.com","customerName":"syed","phoneNumber":"8877887787"} 
2024-01-20 06:49:52 index.ts[info]: services.admin.theater.bookingSlots() ==>  
2024-01-20 06:49:55 index.ts[info]: data_stores_mysql_lib_user.getSingleTheater() 
2024-01-20 06:50:01 index.ts[info]: data_stores_mysql_lib_user_Theater.bookingSlots() 
2024-01-20 06:50:02 index.ts[info]: helper.response_builder.responseBuilder() 
2024-01-20 06:50:42 index.ts[info]: controller.admin.bookingSlots() 
2024-01-20 06:50:42 index.ts[debug]: controller.admin.bookingSlots() Object = {"theaterName":"Blockbuster Bliss","price":"10.99","noOfPersons":"6","extraPersonCost":"5.99      ","addOns":[{"id":64,"price":"3443","itemsName":"sagd"},{"id":4,"price":"3443","itemsName":"lights with numbers"}],"cake":{"id":37,"price":"wed","itemsName":"wededwe"},"decoration":{"id":61,"price":"123","itemsName":"test123"},"theaterUid":"b62f63ac-6ec1-4bca-8ad2-d5f2105c3f04","bookedDate":"2024-01-26","timeSlotId":"1","customerEmail":"syedabbas83778@gmail.com","customerName":"syed","phoneNumber":"8877887787"} 
2024-01-20 06:50:42 index.ts[info]: services.admin.theater.bookingSlots() ==>  
2024-01-20 06:50:46 index.ts[info]: data_stores_mysql_lib_user.getSingleTheater() 
2024-01-20 06:50:49 index.ts[info]: data_stores_mysql_lib_user_Theater.bookingSlots() 
2024-01-20 06:50:50 index.ts[info]: helper.response_builder.responseBuilder() 
