2024-01-29 08:02:49 index.ts[info]: initializeRoutes() 
2024-01-29 08:02:49 index.ts[info]: SERVER listening on PORT:5000 
2024-01-29 08:03:54 index.ts[info]: controller.admin.getBookedTIming() 
2024-01-29 08:03:54 index.ts[debug]: controller.admin.getBookedTIming() Object = {} 
2024-01-29 08:03:54 index.ts[info]: services.admin.theater.getBookedTIming() ==>  
2024-01-29 08:03:54 index.ts[info]: data_stores_mysql_lib_user.getSingleTheater() 
2024-01-29 08:04:01 index.ts[error]: ERROR occurred in services.admin.theater.getBookedTIming Cannot read properties of undefined (reading 'id') TypeError: Cannot read properties of undefined (reading 'id')
    at Object.<anonymous> (D:\projets\projects\Backend\src\services\User\userTheater.ts:134:78)
    at Generator.next (<anonymous>)
    at fulfilled (D:\projets\projects\Backend\src\services\User\userTheater.ts:28:58)
    at processTicksAndRejections (node:internal/process/task_queues:95:5)
2024-01-29 08:04:01 index.ts[info]: helper.response_builder.responseBuilder() 
2024-01-29 08:04:15 index.ts[info]: controller.admin.getBookedTIming() 
2024-01-29 08:04:15 index.ts[debug]: controller.admin.getBookedTIming() Object = {} 
2024-01-29 08:04:15 index.ts[info]: services.admin.theater.getBookedTIming() ==>  
2024-01-29 08:04:15 index.ts[info]: data_stores_mysql_lib_user.getSingleTheater() 
2024-01-29 08:04:18 index.ts[info]: data_stores_mysql_lib_user_Theater.getSingleBookedSlots() 
2024-01-29 08:04:18 index.ts[info]: helper.response_builder.responseBuilder() 
2024-01-29 08:04:50 index.ts[info]: controller.admin.getBookedTIming() 
2024-01-29 08:04:50 index.ts[debug]: controller.admin.getBookedTIming() Object = {} 
2024-01-29 08:04:50 index.ts[info]: services.admin.theater.getBookedTIming() ==>  
2024-01-29 08:04:50 index.ts[info]: data_stores_mysql_lib_user.getSingleTheater() 
2024-01-29 08:04:53 index.ts[info]: data_stores_mysql_lib_user_Theater.getSingleBookedSlots() 
2024-01-29 08:04:53 index.ts[info]: helper.response_builder.responseBuilder() 
