2023-12-27 00:27:54 index.ts[info]: initializeRoutes() 
2023-12-27 00:27:54 index.ts[info]: SERVER listening on PORT:5000 
2023-12-27 00:28:05 index.ts[info]: controller-admin-extraItems-Controller.addNewImage() 
2023-12-27 00:28:05 index.ts[debug]: controller-admin-extraItems-Controller.addNewImage() Object = {"uid":"12316278361782637126378126387126837"} 
2023-12-27 00:28:05 index.ts[info]: services.admin.extraitems.addNewImage() ==>  
2023-12-27 00:28:05 index.ts[info]: data_stores_mysql_lib_user.addNewImage() 
2023-12-27 00:28:11 index.ts[info]: helper.response_builder.responseBuilder() 
2023-12-27 00:28:11 index.ts[error]: ERROR occurred in controller-admin-extraItems-Controller.addNewImage()  Cannot set headers after they are sent to the client Error: Cannot set headers after they are sent to the client
    at ServerResponse.setHeader (node:_http_outgoing:652:11)
    at ServerResponse.header (D:\projets\projects\Backend\node_modules\express\lib\response.js:794:10)
    at ServerResponse.send (D:\projets\projects\Backend\node_modules\express\lib\response.js:174:12)
    at ServerResponse.json (D:\projets\projects\Backend\node_modules\express\lib\response.js:278:15)
    at D:\projets\projects\Backend\src\controller\Admin\extraItems.ts:74:29
    at Generator.next (<anonymous>)
    at fulfilled (D:\projets\projects\Backend\src\controller\Admin\extraItems.ts:28:58)
    at processTicksAndRejections (node:internal/process/task_queues:95:5)
2023-12-27 00:28:44 index.ts[info]: initializeRoutes() 
2023-12-27 00:28:44 index.ts[info]: SERVER listening on PORT:5000 
2023-12-27 00:28:59 index.ts[info]: controller-admin-extraItems-Controller.addNewImage() 
2023-12-27 00:28:59 index.ts[debug]: controller-admin-extraItems-Controller.addNewImage() Object = {"uid":"12316278361782637126378126387126837"} 
2023-12-27 00:28:59 index.ts[info]: services.admin.extraitems.addNewImage() ==>  
2023-12-27 00:28:59 index.ts[info]: data_stores_mysql_lib_user.addNewImage() 
2023-12-27 00:29:04 index.ts[info]: helper.response_builder.responseBuilder() 
2023-12-27 00:29:04 index.ts[error]: ERROR occurred in controller-admin-extraItems-Controller.addNewImage()  Cannot set headers after they are sent to the client Error: Cannot set headers after they are sent to the client
    at ServerResponse.setHeader (node:_http_outgoing:652:11)
    at ServerResponse.header (D:\projets\projects\Backend\node_modules\express\lib\response.js:794:10)
    at ServerResponse.send (D:\projets\projects\Backend\node_modules\express\lib\response.js:174:12)
    at ServerResponse.json (D:\projets\projects\Backend\node_modules\express\lib\response.js:278:15)
    at D:\projets\projects\Backend\src\controller\Admin\extraItems.ts:74:29
    at Generator.next (<anonymous>)
    at fulfilled (D:\projets\projects\Backend\src\controller\Admin\extraItems.ts:28:58)
    at processTicksAndRejections (node:internal/process/task_queues:95:5)
2023-12-27 00:31:35 index.ts[info]: initializeRoutes() 
2023-12-27 00:31:35 index.ts[info]: SERVER listening on PORT:5000 
2023-12-27 00:31:42 index.ts[info]: controller-admin-extraItems-Controller.addNewImage() 
2023-12-27 00:31:42 index.ts[debug]: controller-admin-extraItems-Controller.addNewImage() Object = {} 
2023-12-27 00:31:42 index.ts[info]: services.admin.extraitems.addNewImage() ==>  
2023-12-27 00:31:42 index.ts[info]: data_stores_mysql_lib_user.addNewImage() 
2023-12-27 00:31:47 index.ts[error]: ERROR in executeQuery() => Error: Named replacement ":uid" has no entry in the replacement map. 
2023-12-27 00:31:47 index.ts[error]: ERROR occurred in data_stores_mysql_lib_user.addNewImage() Named replacement ":uid" has no entry in the replacement map. Error: Named replacement ":uid" has no entry in the replacement map.
    at injectReplacements (D:\projets\projects\Backend\node_modules\sequelize\src\utils\sql.ts:176:15)
    at Sequelize.query (D:\projets\projects\Backend\node_modules\sequelize\src\sequelize.js:612:13)
    at D:\projets\projects\Backend\src\database\helpers\sql.query.util.ts:11:45
    at Generator.next (<anonymous>)
    at fulfilled (D:\projets\projects\Backend\src\database\helpers\sql.query.util.ts:5:58)
    at processTicksAndRejections (node:internal/process/task_queues:95:5)
2023-12-27 00:31:47 index.ts[error]: ERROR occurred in services.admin.extraitems.addNewImage 
2023-12-27 00:31:47 index.ts[info]: helper.response_builder.responseBuilder() 
2023-12-27 00:31:47 index.ts[error]: ERROR occurred in controller-admin-extraItems-Controller.addNewImage()  Cannot set headers after they are sent to the client Error: Cannot set headers after they are sent to the client
    at ServerResponse.setHeader (node:_http_outgoing:652:11)
    at ServerResponse.header (D:\projets\projects\Backend\node_modules\express\lib\response.js:794:10)
    at ServerResponse.send (D:\projets\projects\Backend\node_modules\express\lib\response.js:174:12)
    at ServerResponse.json (D:\projets\projects\Backend\node_modules\express\lib\response.js:278:15)
    at D:\projets\projects\Backend\src\controller\Admin\extraItems.ts:74:29
    at Generator.next (<anonymous>)
    at fulfilled (D:\projets\projects\Backend\src\controller\Admin\extraItems.ts:28:58)
    at processTicksAndRejections (node:internal/process/task_queues:95:5)
2023-12-27 00:32:43 index.ts[info]: controller-admin-extraItems-Controller.addNewImage() 
2023-12-27 00:32:43 index.ts[debug]: controller-admin-extraItems-Controller.addNewImage() Object = {} 
2023-12-27 00:32:43 index.ts[info]: services.admin.extraitems.addNewImage() ==>  
2023-12-27 00:32:43 index.ts[info]: data_stores_mysql_lib_user.addNewImage() 
2023-12-27 00:32:43 index.ts[error]: ERROR in executeQuery() => Error: Named replacement ":uid" has no entry in the replacement map. 
2023-12-27 00:32:43 index.ts[error]: ERROR occurred in data_stores_mysql_lib_user.addNewImage() Named replacement ":uid" has no entry in the replacement map. Error: Named replacement ":uid" has no entry in the replacement map.
    at injectReplacements (D:\projets\projects\Backend\node_modules\sequelize\src\utils\sql.ts:176:15)
    at Sequelize.query (D:\projets\projects\Backend\node_modules\sequelize\src\sequelize.js:612:13)
    at D:\projets\projects\Backend\src\database\helpers\sql.query.util.ts:11:45
    at Generator.next (<anonymous>)
    at fulfilled (D:\projets\projects\Backend\src\database\helpers\sql.query.util.ts:5:58)
    at processTicksAndRejections (node:internal/process/task_queues:95:5)
2023-12-27 00:32:43 index.ts[error]: ERROR occurred in services.admin.extraitems.addNewImage 
2023-12-27 00:32:43 index.ts[info]: helper.response_builder.responseBuilder() 
2023-12-27 00:32:43 index.ts[error]: ERROR occurred in controller-admin-extraItems-Controller.addNewImage()  Cannot set headers after they are sent to the client Error: Cannot set headers after they are sent to the client
    at ServerResponse.setHeader (node:_http_outgoing:652:11)
    at ServerResponse.header (D:\projets\projects\Backend\node_modules\express\lib\response.js:794:10)
    at ServerResponse.send (D:\projets\projects\Backend\node_modules\express\lib\response.js:174:12)
    at ServerResponse.json (D:\projets\projects\Backend\node_modules\express\lib\response.js:278:15)
    at D:\projets\projects\Backend\src\controller\Admin\extraItems.ts:74:29
    at Generator.next (<anonymous>)
    at fulfilled (D:\projets\projects\Backend\src\controller\Admin\extraItems.ts:28:58)
    at processTicksAndRejections (node:internal/process/task_queues:95:5)
2023-12-27 00:33:11 index.ts[info]: initializeRoutes() 
2023-12-27 00:33:11 index.ts[info]: SERVER listening on PORT:5000 
2023-12-27 00:33:32 index.ts[info]: controller-admin-extraItems-Controller.addNewImage() 
2023-12-27 00:33:32 index.ts[debug]: controller-admin-extraItems-Controller.addNewImage() Object = {"uid":"12316278361782637126378126387126837"} 
2023-12-27 00:33:32 index.ts[info]: services.admin.extraitems.addNewImage() ==>  
2023-12-27 00:33:32 index.ts[info]: data_stores_mysql_lib_user.addNewImage() 
2023-12-27 00:33:37 index.ts[info]: helper.response_builder.responseBuilder() 
2023-12-27 00:33:37 index.ts[error]: ERROR occurred in controller-admin-extraItems-Controller.addNewImage()  Cannot set headers after they are sent to the client Error: Cannot set headers after they are sent to the client
    at ServerResponse.setHeader (node:_http_outgoing:652:11)
    at ServerResponse.header (D:\projets\projects\Backend\node_modules\express\lib\response.js:794:10)
    at ServerResponse.send (D:\projets\projects\Backend\node_modules\express\lib\response.js:174:12)
    at ServerResponse.json (D:\projets\projects\Backend\node_modules\express\lib\response.js:278:15)
    at D:\projets\projects\Backend\src\controller\Admin\extraItems.ts:74:29
    at Generator.next (<anonymous>)
    at fulfilled (D:\projets\projects\Backend\src\controller\Admin\extraItems.ts:28:58)
    at processTicksAndRejections (node:internal/process/task_queues:95:5)
2023-12-27 00:36:56 index.ts[info]: initializeRoutes() 
2023-12-27 00:36:56 index.ts[info]: SERVER listening on PORT:5000 
2023-12-27 00:37:07 index.ts[info]: controller-admin-extraItems-Controller.addNewImage() 
2023-12-27 00:37:07 index.ts[debug]: controller-admin-extraItems-Controller.addNewImage() Object = {"uid":"12316278361782637126378126387126837"} 
2023-12-27 00:37:07 index.ts[info]: services.admin.extraitems.addNewImage() ==>  
2023-12-27 00:37:07 index.ts[info]: data_stores_mysql_lib_user.addNewImage() 
2023-12-27 00:37:12 index.ts[info]: helper.response_builder.responseBuilder() 
2023-12-27 00:39:23 index.ts[info]: controller-admin-extraItems-Controller.addNewImage() 
2023-12-27 00:39:23 index.ts[debug]: controller-admin-extraItems-Controller.addNewImage() Object = {"uid":"12316278361782637126378126387126837"} 
2023-12-27 00:39:23 index.ts[info]: services.admin.extraitems.addNewImage() ==>  
2023-12-27 00:39:23 index.ts[info]: data_stores_mysql_lib_user.addNewImage() 
2023-12-27 00:39:25 index.ts[info]: helper.response_builder.responseBuilder() 
2023-12-27 00:41:28 index.ts[info]: initializeRoutes() 
2023-12-27 00:41:28 index.ts[info]: SERVER listening on PORT:5000 
2023-12-27 00:41:47 index.ts[info]: initializeRoutes() 
2023-12-27 00:41:47 index.ts[info]: SERVER listening on PORT:5000 
2023-12-27 00:45:50 index.ts[info]: initializeRoutes() 
2023-12-27 00:45:50 index.ts[info]: SERVER listening on PORT:5000 
2023-12-27 00:46:02 index.ts[info]: initializeRoutes() 
2023-12-27 00:46:02 index.ts[info]: SERVER listening on PORT:5000 
2023-12-27 00:46:46 index.ts[info]: initializeRoutes() 
2023-12-27 00:46:46 index.ts[info]: SERVER listening on PORT:5000 
2023-12-27 00:47:07 index.ts[info]: initializeRoutes() 
2023-12-27 00:47:07 index.ts[info]: SERVER listening on PORT:5000 
2023-12-27 00:47:42 index.ts[info]: initializeRoutes() 
2023-12-27 00:47:42 index.ts[info]: SERVER listening on PORT:5000 
2023-12-27 00:49:36 index.ts[info]: initializeRoutes() 
2023-12-27 00:49:36 index.ts[info]: SERVER listening on PORT:5000 
2023-12-27 00:51:15 index.ts[info]: controller-admin-extraItems-Controller.addNewImage() 
2023-12-27 00:51:15 index.ts[debug]: controller-admin-extraItems-Controller.addNewImage() Object = {"uid":"12316278361782637126378126387126837"} 
2023-12-27 00:51:15 index.ts[info]: services.admin.extraitems.addNewImage() ==>  
2023-12-27 00:51:15 index.ts[info]: data_stores_mysql_lib_user.addNewImage() 
2023-12-27 00:51:16 index.ts[error]: ERROR in executeQuery() => SequelizeHostNotFoundError: getaddrinfo ENOTFOUND dpg-cm16am6n7f5s73e4n600-a.oregon-postgres.render.com 
2023-12-27 00:51:16 index.ts[error]: ERROR occurred in data_stores_mysql_lib_user.addNewImage() getaddrinfo ENOTFOUND dpg-cm16am6n7f5s73e4n600-a.oregon-postgres.render.com SequelizeHostNotFoundError: getaddrinfo ENOTFOUND dpg-cm16am6n7f5s73e4n600-a.oregon-postgres.render.com
    at Client._connectionCallback (D:\projets\projects\Backend\node_modules\sequelize\src\dialects\postgres\connection-manager.js:182:24)
    at Client._handleErrorWhileConnecting (D:\projets\projects\Backend\node_modules\pg\lib\client.js:327:19)
    at Client._handleErrorEvent (D:\projets\projects\Backend\node_modules\pg\lib\client.js:337:19)
    at Connection.emit (node:events:514:28)
    at Connection.emit (node:domain:488:12)
    at Socket.reportStreamError (D:\projets\projects\Backend\node_modules\pg\lib\connection.js:58:12)
    at Socket.emit (node:events:514:28)
    at Socket.emit (node:domain:488:12)
    at emitErrorNT (node:internal/streams/destroy:151:8)
    at emitErrorCloseNT (node:internal/streams/destroy:116:3)
2023-12-27 00:51:16 index.ts[error]: ERROR occurred in services.admin.extraitems.addNewImage 
2023-12-27 00:51:16 index.ts[info]: helper.response_builder.responseBuilder() 
2023-12-27 00:51:17 index.ts[info]: controller-admin-extraItems-Controller.addNewImage() 
2023-12-27 00:51:17 index.ts[debug]: controller-admin-extraItems-Controller.addNewImage() Object = {"uid":"12316278361782637126378126387126837"} 
2023-12-27 00:51:17 index.ts[info]: services.admin.extraitems.addNewImage() ==>  
2023-12-27 00:51:17 index.ts[info]: data_stores_mysql_lib_user.addNewImage() 
2023-12-27 00:51:17 index.ts[error]: ERROR in executeQuery() => SequelizeHostNotFoundError: getaddrinfo ENOTFOUND dpg-cm16am6n7f5s73e4n600-a.oregon-postgres.render.com 
2023-12-27 00:51:17 index.ts[error]: ERROR occurred in data_stores_mysql_lib_user.addNewImage() getaddrinfo ENOTFOUND dpg-cm16am6n7f5s73e4n600-a.oregon-postgres.render.com SequelizeHostNotFoundError: getaddrinfo ENOTFOUND dpg-cm16am6n7f5s73e4n600-a.oregon-postgres.render.com
    at Client._connectionCallback (D:\projets\projects\Backend\node_modules\sequelize\src\dialects\postgres\connection-manager.js:182:24)
    at Client._handleErrorWhileConnecting (D:\projets\projects\Backend\node_modules\pg\lib\client.js:327:19)
    at Client._handleErrorEvent (D:\projets\projects\Backend\node_modules\pg\lib\client.js:337:19)
    at Connection.emit (node:events:514:28)
    at Connection.emit (node:domain:488:12)
    at Socket.reportStreamError (D:\projets\projects\Backend\node_modules\pg\lib\connection.js:58:12)
    at Socket.emit (node:events:514:28)
    at Socket.emit (node:domain:488:12)
    at emitErrorNT (node:internal/streams/destroy:151:8)
    at emitErrorCloseNT (node:internal/streams/destroy:116:3)
2023-12-27 00:51:17 index.ts[error]: ERROR occurred in services.admin.extraitems.addNewImage 
2023-12-27 00:51:17 index.ts[info]: helper.response_builder.responseBuilder() 
2023-12-27 00:51:17 index.ts[info]: controller-admin-extraItems-Controller.addNewImage() 
2023-12-27 00:51:17 index.ts[debug]: controller-admin-extraItems-Controller.addNewImage() Object = {"uid":"12316278361782637126378126387126837"} 
2023-12-27 00:51:17 index.ts[info]: services.admin.extraitems.addNewImage() ==>  
2023-12-27 00:51:17 index.ts[info]: data_stores_mysql_lib_user.addNewImage() 
2023-12-27 00:51:17 index.ts[error]: ERROR in executeQuery() => SequelizeHostNotFoundError: getaddrinfo ENOTFOUND dpg-cm16am6n7f5s73e4n600-a.oregon-postgres.render.com 
2023-12-27 00:51:17 index.ts[error]: ERROR occurred in data_stores_mysql_lib_user.addNewImage() getaddrinfo ENOTFOUND dpg-cm16am6n7f5s73e4n600-a.oregon-postgres.render.com SequelizeHostNotFoundError: getaddrinfo ENOTFOUND dpg-cm16am6n7f5s73e4n600-a.oregon-postgres.render.com
    at Client._connectionCallback (D:\projets\projects\Backend\node_modules\sequelize\src\dialects\postgres\connection-manager.js:182:24)
    at Client._handleErrorWhileConnecting (D:\projets\projects\Backend\node_modules\pg\lib\client.js:327:19)
    at Client._handleErrorEvent (D:\projets\projects\Backend\node_modules\pg\lib\client.js:337:19)
    at Connection.emit (node:events:514:28)
    at Connection.emit (node:domain:488:12)
    at Socket.reportStreamError (D:\projets\projects\Backend\node_modules\pg\lib\connection.js:58:12)
    at Socket.emit (node:events:514:28)
    at Socket.emit (node:domain:488:12)
    at emitErrorNT (node:internal/streams/destroy:151:8)
    at emitErrorCloseNT (node:internal/streams/destroy:116:3)
2023-12-27 00:51:17 index.ts[error]: ERROR occurred in services.admin.extraitems.addNewImage 
2023-12-27 00:51:17 index.ts[info]: helper.response_builder.responseBuilder() 
2023-12-27 00:51:18 index.ts[info]: controller-admin-extraItems-Controller.addNewImage() 
2023-12-27 00:51:18 index.ts[debug]: controller-admin-extraItems-Controller.addNewImage() Object = {"uid":"12316278361782637126378126387126837"} 
2023-12-27 00:51:18 index.ts[info]: services.admin.extraitems.addNewImage() ==>  
2023-12-27 00:51:18 index.ts[info]: data_stores_mysql_lib_user.addNewImage() 
2023-12-27 00:51:18 index.ts[error]: ERROR in executeQuery() => SequelizeHostNotFoundError: getaddrinfo ENOTFOUND dpg-cm16am6n7f5s73e4n600-a.oregon-postgres.render.com 
2023-12-27 00:51:18 index.ts[error]: ERROR occurred in data_stores_mysql_lib_user.addNewImage() getaddrinfo ENOTFOUND dpg-cm16am6n7f5s73e4n600-a.oregon-postgres.render.com SequelizeHostNotFoundError: getaddrinfo ENOTFOUND dpg-cm16am6n7f5s73e4n600-a.oregon-postgres.render.com
    at Client._connectionCallback (D:\projets\projects\Backend\node_modules\sequelize\src\dialects\postgres\connection-manager.js:182:24)
    at Client._handleErrorWhileConnecting (D:\projets\projects\Backend\node_modules\pg\lib\client.js:327:19)
    at Client._handleErrorEvent (D:\projets\projects\Backend\node_modules\pg\lib\client.js:337:19)
    at Connection.emit (node:events:514:28)
    at Connection.emit (node:domain:488:12)
    at Socket.reportStreamError (D:\projets\projects\Backend\node_modules\pg\lib\connection.js:58:12)
    at Socket.emit (node:events:514:28)
    at Socket.emit (node:domain:488:12)
    at emitErrorNT (node:internal/streams/destroy:151:8)
    at emitErrorCloseNT (node:internal/streams/destroy:116:3)
2023-12-27 00:51:18 index.ts[error]: ERROR occurred in services.admin.extraitems.addNewImage 
2023-12-27 00:51:18 index.ts[info]: helper.response_builder.responseBuilder() 
2023-12-27 00:51:41 index.ts[info]: controller-admin-extraItems-Controller.addNewImage() 
2023-12-27 00:51:41 index.ts[debug]: controller-admin-extraItems-Controller.addNewImage() Object = {"uid":"12316278361782637126378126387126837"} 
2023-12-27 00:51:41 index.ts[info]: services.admin.extraitems.addNewImage() ==>  
2023-12-27 00:51:41 index.ts[info]: data_stores_mysql_lib_user.addNewImage() 
2023-12-27 00:51:47 index.ts[info]: helper.response_builder.responseBuilder() 
2023-12-27 00:52:38 index.ts[info]: initializeRoutes() 
2023-12-27 00:52:38 index.ts[info]: SERVER listening on PORT:5000 
2023-12-27 00:55:03 index.ts[info]: initializeRoutes() 
2023-12-27 00:55:03 index.ts[info]: SERVER listening on PORT:5000 
2023-12-27 00:55:45 index.ts[info]: initializeRoutes() 
2023-12-27 00:55:45 index.ts[info]: SERVER listening on PORT:5000 
2023-12-27 00:56:13 index.ts[info]: initializeRoutes() 
2023-12-27 00:56:13 index.ts[info]: SERVER listening on PORT:5000 
2023-12-27 00:56:13 index.ts[info]: controller-admin-extraItems-Controller.getImage() 
2023-12-27 00:56:13 index.ts[debug]: controller-admin-extraItems-Controller.getImage() Object = {} 
2023-12-27 00:56:13 index.ts[info]: services.admin.extraitems.addNewImage() ==>  
2023-12-27 00:56:13 index.ts[info]: data_stores_mysql_lib_user.getImage() 
2023-12-27 00:56:18 index.ts[error]: ERROR in executeQuery() => SequelizeDatabaseError: unterminated quoted identifier at or near ""IMAGES" 
2023-12-27 00:56:18 index.ts[error]: ERROR occurred in data_stores_mysql_lib_user.getImage() unterminated quoted identifier at or near ""IMAGES" Error
    at Query.run (D:\projets\projects\Backend\node_modules\sequelize\src\dialects\postgres\query.js:76:25)
    at D:\projets\projects\Backend\node_modules\sequelize\src\sequelize.js:650:28
    at processTicksAndRejections (node:internal/process/task_queues:95:5)
2023-12-27 00:56:18 index.ts[error]: ERROR occurred in services.admin.extraitems.addNewImage 
2023-12-27 00:56:18 index.ts[info]: helper.response_builder.responseBuilder() 
2023-12-27 00:56:48 index.ts[info]: initializeRoutes() 
2023-12-27 00:56:48 index.ts[info]: SERVER listening on PORT:5000 
2023-12-27 00:56:53 index.ts[info]: controller-admin-extraItems-Controller.getImage() 
2023-12-27 00:56:53 index.ts[debug]: controller-admin-extraItems-Controller.getImage() Object = {} 
2023-12-27 00:56:53 index.ts[info]: services.admin.extraitems.addNewImage() ==>  
2023-12-27 00:56:53 index.ts[info]: data_stores_mysql_lib_user.getImage() 
2023-12-27 00:56:58 index.ts[info]: helper.response_builder.responseBuilder() 
2023-12-27 00:58:57 index.ts[info]: initializeRoutes() 
2023-12-27 00:58:57 index.ts[info]: SERVER listening on PORT:5000 
2023-12-27 00:59:04 index.ts[info]: initializeRoutes() 
2023-12-27 00:59:04 index.ts[info]: SERVER listening on PORT:5000 
2023-12-27 00:59:13 index.ts[info]: initializeRoutes() 
2023-12-27 00:59:13 index.ts[info]: SERVER listening on PORT:5000 
2023-12-27 01:00:16 index.ts[info]: initializeRoutes() 
2023-12-27 01:00:16 index.ts[info]: SERVER listening on PORT:5000 
2023-12-27 01:00:29 index.ts[info]: initializeRoutes() 
2023-12-27 01:00:29 index.ts[info]: SERVER listening on PORT:5000 
2023-12-27 01:02:00 index.ts[info]: initializeRoutes() 
2023-12-27 01:02:00 index.ts[info]: SERVER listening on PORT:5000 
2023-12-27 01:02:37 index.ts[info]: initializeRoutes() 
2023-12-27 01:02:37 index.ts[info]: SERVER listening on PORT:5000 
2023-12-27 01:02:52 index.ts[info]: initializeRoutes() 
2023-12-27 01:02:52 index.ts[info]: SERVER listening on PORT:5000 
2023-12-27 01:03:18 index.ts[info]: initializeRoutes() 
2023-12-27 01:03:18 index.ts[info]: SERVER listening on PORT:5000 
2023-12-27 01:04:17 index.ts[info]: initializeRoutes() 
2023-12-27 01:04:17 index.ts[info]: SERVER listening on PORT:5000 
2023-12-27 01:04:26 index.ts[info]: initializeRoutes() 
2023-12-27 01:04:26 index.ts[info]: SERVER listening on PORT:5000 
2023-12-27 01:04:37 index.ts[info]: initializeRoutes() 
2023-12-27 01:04:37 index.ts[info]: SERVER listening on PORT:5000 
2023-12-27 01:05:06 index.ts[info]: initializeRoutes() 
2023-12-27 01:05:06 index.ts[info]: SERVER listening on PORT:5000 
2023-12-27 01:05:18 index.ts[info]: initializeRoutes() 
2023-12-27 01:05:19 index.ts[info]: SERVER listening on PORT:5000 
2023-12-27 01:05:37 index.ts[info]: initializeRoutes() 
2023-12-27 01:05:37 index.ts[info]: SERVER listening on PORT:5000 
2023-12-27 01:06:16 index.ts[info]: controller-admin-extraItems-Controller.getImage() 
2023-12-27 01:06:16 index.ts[debug]: controller-admin-extraItems-Controller.getImage() Object = {} 
2023-12-27 01:06:16 index.ts[info]: services.admin.extraitems.addNewImage() ==>  
2023-12-27 01:06:16 index.ts[info]: data_stores_mysql_lib_user.getImage() 
2023-12-27 01:06:21 index.ts[info]: helper.response_builder.responseBuilder() 
2023-12-27 01:06:49 index.ts[info]: controller-admin-extraItems-Controller.getImage() 
2023-12-27 01:06:49 index.ts[debug]: controller-admin-extraItems-Controller.getImage() Object = {} 
2023-12-27 01:06:49 index.ts[info]: services.admin.extraitems.addNewImage() ==>  
2023-12-27 01:06:49 index.ts[info]: data_stores_mysql_lib_user.getImage() 
2023-12-27 01:06:51 index.ts[info]: helper.response_builder.responseBuilder() 
2023-12-27 01:07:16 index.ts[info]: controller-admin-extraItems-Controller.getImage() 
2023-12-27 01:07:16 index.ts[debug]: controller-admin-extraItems-Controller.getImage() Object = {} 
2023-12-27 01:07:16 index.ts[info]: services.admin.extraitems.addNewImage() ==>  
2023-12-27 01:07:16 index.ts[info]: data_stores_mysql_lib_user.getImage() 
2023-12-27 01:07:18 index.ts[info]: helper.response_builder.responseBuilder() 
