2023-12-19 06:29:51 index.ts[info]: initializeRoutes() 
2023-12-19 06:29:51 index.ts[info]: SERVER listening on PORT:5000 
2023-12-19 06:34:45 index.ts[info]: controller.admin.adminLogin() 
2023-12-19 06:34:45 index.ts[debug]: controller.admin.adminLogin() Object = {"email":"syedabbas@gmail.com1","password":"9999"} 
2023-12-19 06:34:45 index.ts[info]: helpers.data_mapping.admin.AdminLoginDataMapping() 
2023-12-19 06:34:45 index.ts[info]: services.auth.loginAdmin() ==>  
2023-12-19 06:34:45 index.ts[info]: data_stores_mysql_lib_user.checkEmailExist()  ==> 
2023-12-19 06:34:46 index.ts[info]: helper.response_builder.responseBuilder() 
2023-12-19 06:34:52 index.ts[info]: controller.admin.adminLogin() 
2023-12-19 06:34:52 index.ts[debug]: controller.admin.adminLogin() Object = {"email":"syedabbas@gmail.com","password":"9999"} 
2023-12-19 06:34:52 index.ts[info]: helpers.data_mapping.admin.AdminLoginDataMapping() 
2023-12-19 06:34:52 index.ts[info]: services.auth.loginAdmin() ==>  
2023-12-19 06:34:52 index.ts[info]: data_stores_mysql_lib_user.checkEmailExist()  ==> 
2023-12-19 06:34:52 index.ts[info]: helper.response_builder.responseBuilder() 
2023-12-19 06:54:16 index.ts[info]: initializeRoutes() 
2023-12-19 06:54:16 index.ts[info]: SERVER listening on PORT:5000 
2023-12-19 06:54:36 index.ts[info]: initializeRoutes() 
2023-12-19 06:54:36 index.ts[info]: SERVER listening on PORT:5000 
2023-12-19 06:55:10 index.ts[info]: initializeRoutes() 
2023-12-19 06:55:10 index.ts[info]: SERVER listening on PORT:5000 
2023-12-19 06:56:29 index.ts[info]: initializeRoutes() 
2023-12-19 06:56:29 index.ts[info]: SERVER listening on PORT:5000 
2023-12-19 06:57:07 index.ts[info]: initializeRoutes() 
2023-12-19 06:57:07 index.ts[info]: SERVER listening on PORT:5000 
2023-12-19 06:57:17 index.ts[info]: initializeRoutes() 
2023-12-19 06:57:17 index.ts[info]: SERVER listening on PORT:5000 
2023-12-19 06:57:32 index.ts[info]: initializeRoutes() 
2023-12-19 06:57:32 index.ts[info]: SERVER listening on PORT:5000 
2023-12-19 06:58:00 index.ts[info]: initializeRoutes() 
2023-12-19 06:58:00 index.ts[info]: SERVER listening on PORT:5000 
2023-12-19 06:59:08 index.ts[info]: initializeRoutes() 
2023-12-19 06:59:08 index.ts[info]: SERVER listening on PORT:5000 
2023-12-19 06:59:33 index.ts[info]: initializeRoutes() 
2023-12-19 06:59:33 index.ts[info]: SERVER listening on PORT:5000 
2023-12-19 07:00:21 index.ts[info]: initializeRoutes() 
2023-12-19 07:00:21 index.ts[info]: SERVER listening on PORT:5000 
2023-12-19 07:06:25 index.ts[info]: initializeRoutes() 
2023-12-19 07:06:25 index.ts[info]: SERVER listening on PORT:5000 
2023-12-19 07:06:49 index.ts[info]: initializeRoutes() 
2023-12-19 07:06:49 index.ts[info]: SERVER listening on PORT:5000 
2023-12-19 07:07:14 index.ts[info]: initializeRoutes() 
2023-12-19 07:07:14 index.ts[info]: SERVER listening on PORT:5000 
2023-12-19 07:08:59 index.ts[info]: initializeRoutes() 
2023-12-19 07:08:59 index.ts[info]: SERVER listening on PORT:5000 
2023-12-19 07:09:09 index.ts[info]: initializeRoutes() 
2023-12-19 07:09:09 index.ts[info]: SERVER listening on PORT:5000 
2023-12-19 07:09:16 index.ts[info]: initializeRoutes() 
2023-12-19 07:09:16 index.ts[info]: SERVER listening on PORT:5000 
2023-12-19 07:09:38 index.ts[info]: initializeRoutes() 
2023-12-19 07:09:38 index.ts[info]: SERVER listening on PORT:5000 
2023-12-19 07:17:55 index.ts[info]: initializeRoutes() 
2023-12-19 07:17:55 index.ts[info]: SERVER listening on PORT:5000 
2023-12-19 07:19:08 index.ts[info]: initializeRoutes() 
2023-12-19 07:19:08 index.ts[info]: SERVER listening on PORT:5000 
2023-12-19 07:19:25 index.ts[info]: initializeRoutes() 
2023-12-19 07:19:25 index.ts[info]: SERVER listening on PORT:5000 
2023-12-19 07:19:34 index.ts[info]: initializeRoutes() 
2023-12-19 07:19:34 index.ts[info]: SERVER listening on PORT:5000 
2023-12-19 07:19:57 index.ts[info]: initializeRoutes() 
2023-12-19 07:19:57 index.ts[info]: SERVER listening on PORT:5000 
2023-12-19 07:21:28 index.ts[info]: initializeRoutes() 
2023-12-19 07:21:28 index.ts[info]: SERVER listening on PORT:5000 
2023-12-19 07:22:54 index.ts[info]: initializeRoutes() 
2023-12-19 07:22:54 index.ts[info]: SERVER listening on PORT:5000 
2023-12-19 07:24:18 index.ts[info]: initializeRoutes() 
2023-12-19 07:24:18 index.ts[info]: SERVER listening on PORT:5000 
2023-12-19 07:24:29 index.ts[info]: initializeRoutes() 
2023-12-19 07:24:29 index.ts[info]: SERVER listening on PORT:5000 
2023-12-19 07:25:25 index.ts[info]: initializeRoutes() 
2023-12-19 07:25:25 index.ts[info]: SERVER listening on PORT:5000 
2023-12-19 07:26:09 index.ts[info]: initializeRoutes() 
2023-12-19 07:26:09 index.ts[info]: SERVER listening on PORT:5000 
2023-12-19 07:31:09 index.ts[info]: initializeRoutes() 
2023-12-19 07:31:09 index.ts[info]: SERVER listening on PORT:5000 
2023-12-19 07:31:33 index.ts[info]: initializeRoutes() 
2023-12-19 07:31:33 index.ts[info]: SERVER listening on PORT:5000 
2023-12-19 07:32:04 index.ts[info]: initializeRoutes() 
2023-12-19 07:32:04 index.ts[info]: SERVER listening on PORT:5000 
2023-12-19 07:32:43 index.ts[info]: initializeRoutes() 
2023-12-19 07:32:43 index.ts[info]: SERVER listening on PORT:5000 
2023-12-19 07:33:17 index.ts[info]: initializeRoutes() 
2023-12-19 07:33:17 index.ts[info]: SERVER listening on PORT:5000 
2023-12-19 07:34:13 index.ts[info]: initializeRoutes() 
2023-12-19 07:34:13 index.ts[info]: SERVER listening on PORT:5000 
2023-12-19 07:35:38 index.ts[info]: initializeRoutes() 
2023-12-19 07:35:38 index.ts[info]: SERVER listening on PORT:5000 
2023-12-19 07:36:01 index.ts[info]: initializeRoutes() 
2023-12-19 07:36:01 index.ts[info]: SERVER listening on PORT:5000 
2023-12-19 07:37:47 index.ts[info]: initializeRoutes() 
2023-12-19 07:37:47 index.ts[info]: SERVER listening on PORT:5000 
2023-12-19 07:38:06 index.ts[info]: initializeRoutes() 
2023-12-19 07:38:06 index.ts[info]: SERVER listening on PORT:5000 
2023-12-19 07:38:26 index.ts[info]: initializeRoutes() 
2023-12-19 07:38:26 index.ts[info]: SERVER listening on PORT:5000 
2023-12-19 07:38:56 index.ts[info]: initializeRoutes() 
2023-12-19 07:38:56 index.ts[info]: SERVER listening on PORT:5000 
2023-12-19 07:39:04 index.ts[info]: initializeRoutes() 
2023-12-19 07:39:04 index.ts[info]: SERVER listening on PORT:5000 
2023-12-19 07:41:12 index.ts[info]: initializeRoutes() 
2023-12-19 07:41:12 index.ts[info]: SERVER listening on PORT:5000 
2023-12-19 07:41:15 index.ts[info]: controller-admin-theaterController.addNewTheater() 
2023-12-19 07:41:15 index.ts[debug]: controller-admin-theaterController.addNewTheater() Object = {"theater_name":"YourTheaterName","details":"YourDetails","price":10.99,"no_of_persons":100,"extra_person_cost":5.99} 
2023-12-19 07:41:15 index.ts[info]: helpers.data_mapping.TheaterDataMapping() 
2023-12-19 07:41:15 index.ts[info]: services.admin.theater.adminTheater() ==>  
2023-12-19 07:41:15 index.ts[info]: data_stores_mysql_lib_user.addNewTheater() 
2023-12-19 07:41:15 index.ts[info]: helper.response_builder.responseBuilder() 
2023-12-19 07:41:41 index.ts[info]: controller-admin-theaterController.addNewTheater() 
2023-12-19 07:41:41 index.ts[debug]: controller-admin-theaterController.addNewTheater() Object = {"theater_name":"YourTheaterName","details":"YourDetails","price":10.99,"no_of_persons":100} 
2023-12-19 07:41:41 index.ts[info]: helpers.data_mapping.TheaterDataMapping() 
2023-12-19 07:41:41 index.ts[info]: services.admin.theater.adminTheater() ==>  
2023-12-19 07:41:41 index.ts[info]: data_stores_mysql_lib_user.addNewTheater() 
2023-12-19 07:41:41 index.ts[error]: ERROR in executeQuery() => Error: Named replacement ":extra_person_cost" has no entry in the replacement map. 
2023-12-19 07:41:41 index.ts[error]: ERROR occurred in data_stores_mysql_lib_user.addNewTheater() Named replacement ":extra_person_cost" has no entry in the replacement map. Error: Named replacement ":extra_person_cost" has no entry in the replacement map.
    at injectReplacements (D:\projets\projects\Backend\node_modules\sequelize\src\utils\sql.ts:176:15)
    at Sequelize.query (D:\projets\projects\Backend\node_modules\sequelize\src\sequelize.js:612:13)
    at D:\projets\projects\Backend\src\database\helpers\sql.query.util.ts:11:45
    at Generator.next (<anonymous>)
    at fulfilled (D:\projets\projects\Backend\src\database\helpers\sql.query.util.ts:5:58)
    at processTicksAndRejections (node:internal/process/task_queues:95:5)
2023-12-19 07:41:41 index.ts[error]: ERROR occurred in services.admin.theater.adminTheater Named replacement ":extra_person_cost" has no entry in the replacement map. Error: Named replacement ":extra_person_cost" has no entry in the replacement map.
    at injectReplacements (D:\projets\projects\Backend\node_modules\sequelize\src\utils\sql.ts:176:15)
    at Sequelize.query (D:\projets\projects\Backend\node_modules\sequelize\src\sequelize.js:612:13)
    at D:\projets\projects\Backend\src\database\helpers\sql.query.util.ts:11:45
    at Generator.next (<anonymous>)
    at fulfilled (D:\projets\projects\Backend\src\database\helpers\sql.query.util.ts:5:58)
    at processTicksAndRejections (node:internal/process/task_queues:95:5)
2023-12-19 07:41:41 index.ts[info]: helper.response_builder.responseBuilder() 
2023-12-19 07:41:51 index.ts[info]: controller-admin-theaterController.addNewTheater() 
2023-12-19 07:41:51 index.ts[debug]: controller-admin-theaterController.addNewTheater() Object = {"theater_name":"YourTheaterName","details":"YourDetails","price":10.99,"no_of_persons":100,"extra_person_cost":5.99} 
2023-12-19 07:41:51 index.ts[info]: helpers.data_mapping.TheaterDataMapping() 
2023-12-19 07:41:51 index.ts[info]: services.admin.theater.adminTheater() ==>  
2023-12-19 07:41:51 index.ts[info]: data_stores_mysql_lib_user.addNewTheater() 
2023-12-19 07:41:51 index.ts[info]: helper.response_builder.responseBuilder() 
2023-12-19 07:43:03 index.ts[info]: controller-admin-theaterController.addNewTheater() 
2023-12-19 07:43:03 index.ts[debug]: controller-admin-theaterController.addNewTheater() Object = {"theater_name":"YourTheaterName","details":"ghdgjsdfjshdgfjsdgbcfuygjsgfjdgfjaghdfjgajksdgfkajgsdfjhgsadfkjagdfjkhasgdfjkagsdfjgasjdgfajgfkjahsgdfkjagsdasjgfajgfkjashfdjhabsdjhbajbhsdjhcbbajbhdsajbsdhcjhbacjhbcdhjbsjchbskjabhdcahsbdjhbbasdfasvdyasdfvabuysdfbavtsfdvyafsdkjfgjdsgfhsgfjahgsfyhjagsdjfgasdfasdfgas fas df as df asd fasfauysdfguagdf as fa gsgf uayg sdfuy asgyu","price":10.99,"no_of_persons":100,"extra_person_cost":5.99} 
2023-12-19 07:43:03 index.ts[info]: helpers.data_mapping.TheaterDataMapping() 
2023-12-19 07:43:03 index.ts[info]: services.admin.theater.adminTheater() ==>  
2023-12-19 07:43:03 index.ts[info]: data_stores_mysql_lib_user.addNewTheater() 
2023-12-19 07:43:03 index.ts[error]: ERROR in executeQuery() => SequelizeDatabaseError: Data too long for column 'DETAILS' at row 1 
2023-12-19 07:43:03 index.ts[error]: ERROR occurred in data_stores_mysql_lib_user.addNewTheater() Data too long for column 'DETAILS' at row 1 Error
    at Query.run (D:\projets\projects\Backend\node_modules\sequelize\src\dialects\mysql\query.js:46:25)
    at D:\projets\projects\Backend\node_modules\sequelize\src\sequelize.js:650:28
    at processTicksAndRejections (node:internal/process/task_queues:95:5)
2023-12-19 07:43:03 index.ts[error]: ERROR occurred in services.admin.theater.adminTheater Data too long for column 'DETAILS' at row 1 Error
    at Query.run (D:\projets\projects\Backend\node_modules\sequelize\src\dialects\mysql\query.js:46:25)
    at D:\projets\projects\Backend\node_modules\sequelize\src\sequelize.js:650:28
    at processTicksAndRejections (node:internal/process/task_queues:95:5)
2023-12-19 07:43:03 index.ts[info]: helper.response_builder.responseBuilder() 
2023-12-19 07:43:04 index.ts[info]: controller-admin-theaterController.addNewTheater() 
2023-12-19 07:43:04 index.ts[debug]: controller-admin-theaterController.addNewTheater() Object = {"theater_name":"YourTheaterName","details":"ghdgjsdfjshdgfjsdgbcfuygjsgfjdgfjaghdfjgajksdgfkajgsdfjhgsadfkjagdfjkhasgdfjkagsdfjgasjdgfajgfkjahsgdfkjagsdasjgfajgfkjashfdjhabsdjhbajbhsdjhcbbajbhdsajbsdhcjhbacjhbcdhjbsjchbskjabhdcahsbdjhbbasdfasvdyasdfvabuysdfbavtsfdvyafsdkjfgjdsgfhsgfjahgsfyhjagsdjfgasdfasdfgas fas df as df asd fasfauysdfguagdf as fa gsgf uayg sdfuy asgyu","price":10.99,"no_of_persons":100,"extra_person_cost":5.99} 
2023-12-19 07:43:04 index.ts[info]: helpers.data_mapping.TheaterDataMapping() 
2023-12-19 07:43:04 index.ts[info]: services.admin.theater.adminTheater() ==>  
2023-12-19 07:43:04 index.ts[info]: data_stores_mysql_lib_user.addNewTheater() 
2023-12-19 07:43:04 index.ts[error]: ERROR in executeQuery() => SequelizeDatabaseError: Data too long for column 'DETAILS' at row 1 
2023-12-19 07:43:04 index.ts[error]: ERROR occurred in data_stores_mysql_lib_user.addNewTheater() Data too long for column 'DETAILS' at row 1 Error
    at Query.run (D:\projets\projects\Backend\node_modules\sequelize\src\dialects\mysql\query.js:46:25)
    at D:\projets\projects\Backend\node_modules\sequelize\src\sequelize.js:650:28
    at processTicksAndRejections (node:internal/process/task_queues:95:5)
2023-12-19 07:43:04 index.ts[error]: ERROR occurred in services.admin.theater.adminTheater Data too long for column 'DETAILS' at row 1 Error
    at Query.run (D:\projets\projects\Backend\node_modules\sequelize\src\dialects\mysql\query.js:46:25)
    at D:\projets\projects\Backend\node_modules\sequelize\src\sequelize.js:650:28
    at processTicksAndRejections (node:internal/process/task_queues:95:5)
2023-12-19 07:43:04 index.ts[info]: helper.response_builder.responseBuilder() 
2023-12-19 07:43:39 index.ts[info]: controller-admin-theaterController.addNewTheater() 
2023-12-19 07:43:39 index.ts[debug]: controller-admin-theaterController.addNewTheater() Object = {"theater_name":"YourTheaterName","details":"ghdgjsdfjshdgfjsdgbcfuygjsgfjdgfjaghdfjgajksdgfkajgsdfjhgsadfkjagdfjkhasgdfjkagsdfjgasjdgfajgfkjahsgdfkjagsdasjgfajgfkjashfdjhabsdjhbajbhsdjhcbbajbhdsajbsdhcjhbacjhbcdhjbsjchbskjabhdcahsbdjhbbasdfasvdyasdfvabuysdfbavtsfdvyafsdkjfgjdsgfhsgfjahgsfyhjagsdjfgasdfasdfgas fas df as df asd fasfauysdfguagdf as fa gsgf uayg sdfuy asgyu","price":10.99,"no_of_persons":100,"extra_person_cost":5.99} 
2023-12-19 07:43:39 index.ts[info]: helpers.data_mapping.TheaterDataMapping() 
2023-12-19 07:43:39 index.ts[info]: services.admin.theater.adminTheater() ==>  
2023-12-19 07:43:39 index.ts[info]: data_stores_mysql_lib_user.addNewTheater() 
2023-12-19 07:43:39 index.ts[info]: helper.response_builder.responseBuilder() 
2023-12-19 07:43:43 index.ts[info]: controller-admin-theaterController.addNewTheater() 
2023-12-19 07:43:43 index.ts[debug]: controller-admin-theaterController.addNewTheater() Object = {"theater_name":"YourTheaterName","details":"ghdgjsdfjshdgfjsdgbcfuygjsgfjdgfjaghdfjgajksdgfkajgsdfjhgsadfkjagdfjkhasgdfjkagsdfjgasjdgfajgfkjahsgdfkjagsdasjgfajgfkjashfdjhabsdjhbajbhsdjhcbbajbhdsajbsdhcjhbacjhbcdhjbsjchbskjabhdcahsbdjhbbasdfasvdyasdfvabuysdfbavtsfdvyafsdkjfgjdsgfhsgfjahgsfyhjagsdjfgasdfasdfgas fas df as df asd fasfauysdfguagdf as fa gsgf uayg sdfuy asgyu","price":10.99,"no_of_persons":100,"extra_person_cost":5.99} 
2023-12-19 07:43:43 index.ts[info]: helpers.data_mapping.TheaterDataMapping() 
2023-12-19 07:43:43 index.ts[info]: services.admin.theater.adminTheater() ==>  
2023-12-19 07:43:43 index.ts[info]: data_stores_mysql_lib_user.addNewTheater() 
2023-12-19 07:43:43 index.ts[info]: helper.response_builder.responseBuilder() 
2023-12-19 07:47:54 index.ts[info]: initializeRoutes() 
2023-12-19 07:47:54 index.ts[info]: SERVER listening on PORT:5000 
2023-12-19 07:48:01 index.ts[info]: initializeRoutes() 
2023-12-19 07:48:01 index.ts[info]: SERVER listening on PORT:5000 
2023-12-19 07:51:58 index.ts[info]: initializeRoutes() 
2023-12-19 07:51:58 index.ts[info]: SERVER listening on PORT:5000 
2023-12-19 07:52:30 index.ts[info]: initializeRoutes() 
2023-12-19 07:52:30 index.ts[info]: SERVER listening on PORT:5000 
2023-12-19 07:55:21 index.ts[info]: initializeRoutes() 
2023-12-19 07:55:21 index.ts[info]: SERVER listening on PORT:5000 
2023-12-19 08:00:38 index.ts[info]: initializeRoutes() 
2023-12-19 08:00:38 index.ts[info]: SERVER listening on PORT:5000 
2023-12-19 08:02:43 index.ts[info]: initializeRoutes() 
2023-12-19 08:02:43 index.ts[info]: SERVER listening on PORT:5000 
2023-12-19 08:02:57 index.ts[info]: initializeRoutes() 
2023-12-19 08:02:57 index.ts[info]: SERVER listening on PORT:5000 
2023-12-19 08:03:30 index.ts[info]: initializeRoutes() 
2023-12-19 08:03:30 index.ts[info]: SERVER listening on PORT:5000 
2023-12-19 08:04:41 index.ts[info]: initializeRoutes() 
2023-12-19 08:04:41 index.ts[info]: SERVER listening on PORT:5000 
2023-12-19 08:08:44 index.ts[info]: initializeRoutes() 
2023-12-19 08:08:44 index.ts[info]: SERVER listening on PORT:5000 
2023-12-19 08:13:18 index.ts[info]: initializeRoutes() 
2023-12-19 08:13:18 index.ts[info]: SERVER listening on PORT:5000 
2023-12-19 08:13:35 index.ts[info]: initializeRoutes() 
2023-12-19 08:13:35 index.ts[info]: SERVER listening on PORT:5000 
2023-12-19 08:14:02 index.ts[info]: initializeRoutes() 
2023-12-19 08:14:02 index.ts[info]: SERVER listening on PORT:5000 
2023-12-19 08:15:17 index.ts[info]: initializeRoutes() 
2023-12-19 08:15:17 index.ts[info]: SERVER listening on PORT:5000 
2023-12-19 08:16:22 index.ts[info]: initializeRoutes() 
2023-12-19 08:16:22 index.ts[info]: SERVER listening on PORT:5000 
2023-12-19 22:45:12 index.ts[info]: initializeRoutes() 
2023-12-19 22:45:12 index.ts[info]: SERVER listening on PORT:5000 
2023-12-19 22:45:16 index.ts[info]: controller-admin-theaterController.addNewTheater() 
2023-12-19 22:45:16 index.ts[debug]: controller-admin-theaterController.addNewTheater() Object = {"theater_name":"YourTheaterName","details":"ghdgjsdfjshdgfjsdgbcfuygjsgfjdgfjaghdfjgajksdgfkajgsdfjhgsadfkjagdfjkhasgdfjkagsdfjgasjdgfajgfkjahsgdfkjagsdasjgfajgfkjashfdjhabsdjhbajbhsdjhcbbajbhdsajbsdhcjhbacjhbcdhjbsjchbskjabhdcahsbdjhbbasdfasvdyasdfvabuysdfbavtsfdvyafsdkjfgjdsgfhsgfjahgsfyhjagsdjfgasdfasdfgas fas df as df asd fasfauysdfguagdf as fa gsgf uayg sdfuy asgyu","price":10.99,"no_of_persons":100,"extra_person_cost":5.99} 
2023-12-19 22:45:16 index.ts[info]: helpers.data_mapping.TheaterDataMapping() 
2023-12-19 22:45:16 index.ts[info]: services.admin.theater.adminTheater() ==>  
2023-12-19 22:45:16 index.ts[info]: data_stores_mysql_lib_user.addNewTheater() 
2023-12-19 22:45:16 index.ts[info]: helper.response_builder.responseBuilder() 
2023-12-19 22:45:33 index.ts[info]: controller-admin-theaterController.getListOfTheater() 
2023-12-19 22:45:33 index.ts[debug]: controller-admin-theaterController.getListOfTheater() Object = {"theater_name":"YourTheaterName","details":"ghdgjsdfjshdgfjsdgbcfuygjsgfjdgfjaghdfjgajksdgfkajgsdfjhgsadfkjagdfjkhasgdfjkagsdfjgasjdgfajgfkjahsgdfkjagsdasjgfajgfkjashfdjhabsdjhbajbhsdjhcbbajbhdsajbsdhcjhbacjhbcdhjbsjchbskjabhdcahsbdjhbbasdfasvdyasdfvabuysdfbavtsfdvyafsdkjfgjdsgfhsgfjahgsfyhjagsdjfgasdfasdfgas fas df as df asd fasfauysdfguagdf as fa gsgf uayg sdfuy asgyu","price":10.99,"no_of_persons":100,"extra_person_cost":5.99} 
2023-12-19 22:45:33 index.ts[info]: services.admin.theater.getListOfTheater() ==>  
2023-12-19 22:45:33 index.ts[info]: data_stores_mysql_lib_user.getListOfTheater() 
2023-12-19 22:45:34 index.ts[info]: helper.response_builder.responseBuilder() 
2023-12-19 22:45:34 index.ts[info]: controller-admin-theaterController.getListOfTheater() 
2023-12-19 22:45:34 index.ts[debug]: controller-admin-theaterController.getListOfTheater() Object = {"theater_name":"YourTheaterName","details":"ghdgjsdfjshdgfjsdgbcfuygjsgfjdgfjaghdfjgajksdgfkajgsdfjhgsadfkjagdfjkhasgdfjkagsdfjgasjdgfajgfkjahsgdfkjagsdasjgfajgfkjashfdjhabsdjhbajbhsdjhcbbajbhdsajbsdhcjhbacjhbcdhjbsjchbskjabhdcahsbdjhbbasdfasvdyasdfvabuysdfbavtsfdvyafsdkjfgjdsgfhsgfjahgsfyhjagsdjfgasdfasdfgas fas df as df asd fasfauysdfguagdf as fa gsgf uayg sdfuy asgyu","price":10.99,"no_of_persons":100,"extra_person_cost":5.99} 
2023-12-19 22:45:34 index.ts[info]: services.admin.theater.getListOfTheater() ==>  
2023-12-19 22:45:34 index.ts[info]: data_stores_mysql_lib_user.getListOfTheater() 
2023-12-19 22:45:35 index.ts[info]: helper.response_builder.responseBuilder() 
2023-12-19 22:45:35 index.ts[info]: controller-admin-theaterController.getListOfTheater() 
2023-12-19 22:45:35 index.ts[debug]: controller-admin-theaterController.getListOfTheater() Object = {"theater_name":"YourTheaterName","details":"ghdgjsdfjshdgfjsdgbcfuygjsgfjdgfjaghdfjgajksdgfkajgsdfjhgsadfkjagdfjkhasgdfjkagsdfjgasjdgfajgfkjahsgdfkjagsdasjgfajgfkjashfdjhabsdjhbajbhsdjhcbbajbhdsajbsdhcjhbacjhbcdhjbsjchbskjabhdcahsbdjhbbasdfasvdyasdfvabuysdfbavtsfdvyafsdkjfgjdsgfhsgfjahgsfyhjagsdjfgasdfasdfgas fas df as df asd fasfauysdfguagdf as fa gsgf uayg sdfuy asgyu","price":10.99,"no_of_persons":100,"extra_person_cost":5.99} 
2023-12-19 22:45:35 index.ts[info]: services.admin.theater.getListOfTheater() ==>  
2023-12-19 22:45:35 index.ts[info]: data_stores_mysql_lib_user.getListOfTheater() 
2023-12-19 22:45:35 index.ts[info]: helper.response_builder.responseBuilder() 
2023-12-19 22:45:36 index.ts[info]: controller-admin-theaterController.getListOfTheater() 
2023-12-19 22:45:36 index.ts[debug]: controller-admin-theaterController.getListOfTheater() Object = {"theater_name":"YourTheaterName","details":"ghdgjsdfjshdgfjsdgbcfuygjsgfjdgfjaghdfjgajksdgfkajgsdfjhgsadfkjagdfjkhasgdfjkagsdfjgasjdgfajgfkjahsgdfkjagsdasjgfajgfkjashfdjhabsdjhbajbhsdjhcbbajbhdsajbsdhcjhbacjhbcdhjbsjchbskjabhdcahsbdjhbbasdfasvdyasdfvabuysdfbavtsfdvyafsdkjfgjdsgfhsgfjahgsfyhjagsdjfgasdfasdfgas fas df as df asd fasfauysdfguagdf as fa gsgf uayg sdfuy asgyu","price":10.99,"no_of_persons":100,"extra_person_cost":5.99} 
2023-12-19 22:45:36 index.ts[info]: services.admin.theater.getListOfTheater() ==>  
2023-12-19 22:45:36 index.ts[info]: data_stores_mysql_lib_user.getListOfTheater() 
2023-12-19 22:45:36 index.ts[info]: helper.response_builder.responseBuilder() 
2023-12-19 22:45:36 index.ts[info]: controller-admin-theaterController.getListOfTheater() 
2023-12-19 22:45:36 index.ts[debug]: controller-admin-theaterController.getListOfTheater() Object = {"theater_name":"YourTheaterName","details":"ghdgjsdfjshdgfjsdgbcfuygjsgfjdgfjaghdfjgajksdgfkajgsdfjhgsadfkjagdfjkhasgdfjkagsdfjgasjdgfajgfkjahsgdfkjagsdasjgfajgfkjashfdjhabsdjhbajbhsdjhcbbajbhdsajbsdhcjhbacjhbcdhjbsjchbskjabhdcahsbdjhbbasdfasvdyasdfvabuysdfbavtsfdvyafsdkjfgjdsgfhsgfjahgsfyhjagsdjfgasdfasdfgas fas df as df asd fasfauysdfguagdf as fa gsgf uayg sdfuy asgyu","price":10.99,"no_of_persons":100,"extra_person_cost":5.99} 
2023-12-19 22:45:36 index.ts[info]: services.admin.theater.getListOfTheater() ==>  
2023-12-19 22:45:36 index.ts[info]: data_stores_mysql_lib_user.getListOfTheater() 
2023-12-19 22:45:36 index.ts[info]: helper.response_builder.responseBuilder() 
2023-12-19 22:45:37 index.ts[info]: controller-admin-theaterController.getListOfTheater() 
2023-12-19 22:45:37 index.ts[debug]: controller-admin-theaterController.getListOfTheater() Object = {"theater_name":"YourTheaterName","details":"ghdgjsdfjshdgfjsdgbcfuygjsgfjdgfjaghdfjgajksdgfkajgsdfjhgsadfkjagdfjkhasgdfjkagsdfjgasjdgfajgfkjahsgdfkjagsdasjgfajgfkjashfdjhabsdjhbajbhsdjhcbbajbhdsajbsdhcjhbacjhbcdhjbsjchbskjabhdcahsbdjhbbasdfasvdyasdfvabuysdfbavtsfdvyafsdkjfgjdsgfhsgfjahgsfyhjagsdjfgasdfasdfgas fas df as df asd fasfauysdfguagdf as fa gsgf uayg sdfuy asgyu","price":10.99,"no_of_persons":100,"extra_person_cost":5.99} 
2023-12-19 22:45:37 index.ts[info]: services.admin.theater.getListOfTheater() ==>  
2023-12-19 22:45:37 index.ts[info]: data_stores_mysql_lib_user.getListOfTheater() 
2023-12-19 22:45:37 index.ts[info]: helper.response_builder.responseBuilder() 
2023-12-19 22:45:37 index.ts[info]: controller-admin-theaterController.getListOfTheater() 
2023-12-19 22:45:37 index.ts[debug]: controller-admin-theaterController.getListOfTheater() Object = {"theater_name":"YourTheaterName","details":"ghdgjsdfjshdgfjsdgbcfuygjsgfjdgfjaghdfjgajksdgfkajgsdfjhgsadfkjagdfjkhasgdfjkagsdfjgasjdgfajgfkjahsgdfkjagsdasjgfajgfkjashfdjhabsdjhbajbhsdjhcbbajbhdsajbsdhcjhbacjhbcdhjbsjchbskjabhdcahsbdjhbbasdfasvdyasdfvabuysdfbavtsfdvyafsdkjfgjdsgfhsgfjahgsfyhjagsdjfgasdfasdfgas fas df as df asd fasfauysdfguagdf as fa gsgf uayg sdfuy asgyu","price":10.99,"no_of_persons":100,"extra_person_cost":5.99} 
2023-12-19 22:45:37 index.ts[info]: services.admin.theater.getListOfTheater() ==>  
2023-12-19 22:45:37 index.ts[info]: data_stores_mysql_lib_user.getListOfTheater() 
2023-12-19 22:45:37 index.ts[info]: helper.response_builder.responseBuilder() 
2023-12-19 22:45:37 index.ts[info]: controller-admin-theaterController.getListOfTheater() 
2023-12-19 22:45:37 index.ts[debug]: controller-admin-theaterController.getListOfTheater() Object = {"theater_name":"YourTheaterName","details":"ghdgjsdfjshdgfjsdgbcfuygjsgfjdgfjaghdfjgajksdgfkajgsdfjhgsadfkjagdfjkhasgdfjkagsdfjgasjdgfajgfkjahsgdfkjagsdasjgfajgfkjashfdjhabsdjhbajbhsdjhcbbajbhdsajbsdhcjhbacjhbcdhjbsjchbskjabhdcahsbdjhbbasdfasvdyasdfvabuysdfbavtsfdvyafsdkjfgjdsgfhsgfjahgsfyhjagsdjfgasdfasdfgas fas df as df asd fasfauysdfguagdf as fa gsgf uayg sdfuy asgyu","price":10.99,"no_of_persons":100,"extra_person_cost":5.99} 
2023-12-19 22:45:37 index.ts[info]: services.admin.theater.getListOfTheater() ==>  
2023-12-19 22:45:37 index.ts[info]: data_stores_mysql_lib_user.getListOfTheater() 
2023-12-19 22:45:37 index.ts[info]: helper.response_builder.responseBuilder() 
2023-12-19 22:45:38 index.ts[info]: controller-admin-theaterController.getListOfTheater() 
2023-12-19 22:45:38 index.ts[debug]: controller-admin-theaterController.getListOfTheater() Object = {"theater_name":"YourTheaterName","details":"ghdgjsdfjshdgfjsdgbcfuygjsgfjdgfjaghdfjgajksdgfkajgsdfjhgsadfkjagdfjkhasgdfjkagsdfjgasjdgfajgfkjahsgdfkjagsdasjgfajgfkjashfdjhabsdjhbajbhsdjhcbbajbhdsajbsdhcjhbacjhbcdhjbsjchbskjabhdcahsbdjhbbasdfasvdyasdfvabuysdfbavtsfdvyafsdkjfgjdsgfhsgfjahgsfyhjagsdjfgasdfasdfgas fas df as df asd fasfauysdfguagdf as fa gsgf uayg sdfuy asgyu","price":10.99,"no_of_persons":100,"extra_person_cost":5.99} 
2023-12-19 22:45:38 index.ts[info]: services.admin.theater.getListOfTheater() ==>  
2023-12-19 22:45:38 index.ts[info]: data_stores_mysql_lib_user.getListOfTheater() 
2023-12-19 22:45:38 index.ts[info]: helper.response_builder.responseBuilder() 
2023-12-19 22:45:45 index.ts[info]: controller-admin-theaterController.getListOfTheater() 
2023-12-19 22:45:45 index.ts[debug]: controller-admin-theaterController.getListOfTheater() Object = {"theater_name":"YourTheaterName","details":"ghdgjsdfjshdgfjsdgbcfuygjsgfjdgfjaghdfjgajksdgfkajgsdfjhgsadfkjagdfjkhasgdfjkagsdfjgasjdgfajgfkjahsgdfkjagsdasjgfajgfkjashfdjhabsdjhbajbhsdjhcbbajbhdsajbsdhcjhbacjhbcdhjbsjchbskjabhdcahsbdjhbbasdfasvdyasdfvabuysdfbavtsfdvyafsdkjfgjdsgfhsgfjahgsfyhjagsdjfgasdfasdfgas fas df as df asd fasfauysdfguagdf as fa gsgf uayg sdfuy asgyu","price":10.99,"no_of_persons":100,"extra_person_cost":5.99} 
2023-12-19 22:45:45 index.ts[info]: services.admin.theater.getListOfTheater() ==>  
2023-12-19 22:45:45 index.ts[info]: data_stores_mysql_lib_user.getListOfTheater() 
2023-12-19 22:45:46 index.ts[info]: helper.response_builder.responseBuilder() 
2023-12-19 22:46:09 index.ts[info]: controller-admin-theaterController.getListOfTheater() 
2023-12-19 22:46:09 index.ts[debug]: controller-admin-theaterController.getListOfTheater() Object = {} 
2023-12-19 22:46:09 index.ts[info]: services.admin.theater.getListOfTheater() ==>  
2023-12-19 22:46:09 index.ts[info]: data_stores_mysql_lib_user.getListOfTheater() 
2023-12-19 22:46:09 index.ts[info]: helper.response_builder.responseBuilder() 
2023-12-19 22:49:54 index.ts[info]: controller-admin-theaterController.getListOfTheater() 
2023-12-19 22:49:54 index.ts[debug]: controller-admin-theaterController.getListOfTheater() Object = {} 
2023-12-19 22:49:54 index.ts[info]: services.admin.theater.getListOfTheater() ==>  
2023-12-19 22:49:54 index.ts[info]: data_stores_mysql_lib_user.getListOfTheater() 
2023-12-19 22:49:54 index.ts[info]: helper.response_builder.responseBuilder() 
2023-12-19 22:50:45 index.ts[info]: initializeRoutes() 
2023-12-19 22:50:45 index.ts[info]: SERVER listening on PORT:5000 
2023-12-19 22:50:45 index.ts[info]: controller-admin-theaterController.getListOfTheater() 
2023-12-19 22:50:45 index.ts[debug]: controller-admin-theaterController.getListOfTheater() Object = {} 
2023-12-19 22:50:45 index.ts[info]: services.admin.theater.getListOfTheater() ==>  
2023-12-19 22:50:45 index.ts[info]: data_stores_mysql_lib_user.getListOfTheater() 
2023-12-19 22:50:46 index.ts[info]: helper.response_builder.responseBuilder() 
2023-12-19 22:52:39 index.ts[info]: initializeRoutes() 
2023-12-19 22:52:39 index.ts[info]: SERVER listening on PORT:5000 
2023-12-19 22:52:40 index.ts[info]: controller-admin-theaterController.getListOfTheater() 
2023-12-19 22:52:40 index.ts[debug]: controller-admin-theaterController.getListOfTheater() Object = {} 
2023-12-19 22:52:40 index.ts[info]: services.admin.theater.getListOfTheater() ==>  
2023-12-19 22:52:40 index.ts[info]: data_stores_mysql_lib_user.getListOfTheater() 
2023-12-19 22:52:40 index.ts[info]: helper.response_builder.responseBuilder() 
2023-12-19 22:52:44 index.ts[info]: controller-admin-theaterController.getListOfTheater() 
2023-12-19 22:52:44 index.ts[debug]: controller-admin-theaterController.getListOfTheater() Object = {} 
2023-12-19 22:52:44 index.ts[info]: services.admin.theater.getListOfTheater() ==>  
2023-12-19 22:52:44 index.ts[info]: data_stores_mysql_lib_user.getListOfTheater() 
2023-12-19 22:52:44 index.ts[info]: helper.response_builder.responseBuilder() 
2023-12-19 22:52:45 index.ts[info]: controller-admin-theaterController.getListOfTheater() 
2023-12-19 22:52:45 index.ts[debug]: controller-admin-theaterController.getListOfTheater() Object = {} 
2023-12-19 22:52:45 index.ts[info]: services.admin.theater.getListOfTheater() ==>  
2023-12-19 22:52:45 index.ts[info]: data_stores_mysql_lib_user.getListOfTheater() 
2023-12-19 22:52:45 index.ts[info]: helper.response_builder.responseBuilder() 
2023-12-19 22:52:46 index.ts[info]: controller-admin-theaterController.getListOfTheater() 
2023-12-19 22:52:46 index.ts[debug]: controller-admin-theaterController.getListOfTheater() Object = {} 
2023-12-19 22:52:46 index.ts[info]: services.admin.theater.getListOfTheater() ==>  
2023-12-19 22:52:46 index.ts[info]: data_stores_mysql_lib_user.getListOfTheater() 
2023-12-19 22:52:46 index.ts[info]: helper.response_builder.responseBuilder() 
2023-12-19 22:52:47 index.ts[info]: controller-admin-theaterController.getListOfTheater() 
2023-12-19 22:52:47 index.ts[debug]: controller-admin-theaterController.getListOfTheater() Object = {} 
2023-12-19 22:52:47 index.ts[info]: services.admin.theater.getListOfTheater() ==>  
2023-12-19 22:52:47 index.ts[info]: data_stores_mysql_lib_user.getListOfTheater() 
2023-12-19 22:52:47 index.ts[info]: helper.response_builder.responseBuilder() 
2023-12-19 22:52:47 index.ts[info]: controller-admin-theaterController.getListOfTheater() 
2023-12-19 22:52:47 index.ts[debug]: controller-admin-theaterController.getListOfTheater() Object = {} 
2023-12-19 22:52:47 index.ts[info]: services.admin.theater.getListOfTheater() ==>  
2023-12-19 22:52:47 index.ts[info]: data_stores_mysql_lib_user.getListOfTheater() 
2023-12-19 22:52:47 index.ts[info]: helper.response_builder.responseBuilder() 
2023-12-19 22:53:19 index.ts[info]: initializeRoutes() 
2023-12-19 22:53:19 index.ts[info]: SERVER listening on PORT:5000 
2023-12-19 22:53:22 index.ts[info]: controller-admin-theaterController.getListOfTheater() 
2023-12-19 22:53:22 index.ts[debug]: controller-admin-theaterController.getListOfTheater() Object = {} 
2023-12-19 22:53:22 index.ts[info]: services.admin.theater.getListOfTheater() ==>  
2023-12-19 22:53:22 index.ts[info]: data_stores_mysql_lib_user.getListOfTheater() 
2023-12-19 22:53:22 index.ts[info]: helper.response_builder.responseBuilder() 
2023-12-19 22:54:02 index.ts[info]: initializeRoutes() 
2023-12-19 22:54:02 index.ts[info]: SERVER listening on PORT:5000 
2023-12-19 22:55:47 index.ts[info]: controller-admin-theaterController.addNewTheater() 
2023-12-19 22:55:47 index.ts[debug]: controller-admin-theaterController.addNewTheater() Object = {"theater_name":"YourTheaterName","details":"ghdgjsdfjshdgfjsdgbcfuygjsgfjdgfjaghdfjgajksdgfkajgsdfjhgsadfkjagdfjkhasgdfjkagsdfjgasjdgfajgfkjahsgdfkjagsdasjgfajgfkjashfdjhabsdjhbajbhsdjhcbbajbhdsajbsdhcjhbacjhbcdhjbsjchbskjabhdcahsbdjhbbasdfasvdyasdfvabuysdfbavtsfdvyafsdkjfgjdsgfhsgfjahgsfyhjagsdjfgasdfasdfgas fas df as df asd fasfauysdfguagdf as fa gsgf uayg sdfuy asgyu","price":10.99,"no_of_persons":100,"extra_person_cost":5.99} 
2023-12-19 22:55:47 index.ts[info]: helpers.data_mapping.TheaterDataMapping() 
2023-12-19 22:55:47 index.ts[info]: services.admin.theater.adminTheater() ==>  
2023-12-19 22:55:47 index.ts[info]: data_stores_mysql_lib_user.addNewTheater() 
2023-12-19 22:55:48 index.ts[info]: helper.response_builder.responseBuilder() 
2023-12-19 22:56:38 index.ts[info]: initializeRoutes() 
2023-12-19 22:56:38 index.ts[info]: SERVER listening on PORT:5000 
2023-12-19 22:57:42 index.ts[info]: initializeRoutes() 
2023-12-19 22:57:42 index.ts[info]: SERVER listening on PORT:5000 
2023-12-19 22:57:46 index.ts[info]: controller-admin-theaterController.addNewTheater() 
2023-12-19 22:57:46 index.ts[debug]: controller-admin-theaterController.addNewTheater() Object = {"theater_name":"YourTheaterName","details":"ghdgjsdfjshdgfjsdgbcfuygjsgfjdgfjaghdfjgajksdgfkajgsdfjhgsadfkjagdfjkhasgdfjkagsdfjgasjdgfajgfkjahsgdfkjagsdasjgfajgfkjashfdjhabsdjhbajbhsdjhcbbajbhdsajbsdhcjhbacjhbcdhjbsjchbskjabhdcahsbdjhbbasdfasvdyasdfvabuysdfbavtsfdvyafsdkjfgjdsgfhsgfjahgsfyhjagsdjfgasdfasdfgas fas df as df asd fasfauysdfguagdf as fa gsgf uayg sdfuy asgyu","price":10.99,"no_of_persons":100,"extra_person_cost":5.99} 
2023-12-19 22:57:46 index.ts[info]: helpers.data_mapping.TheaterDataMapping() 
2023-12-19 22:57:46 index.ts[info]: services.admin.theater.adminTheater() ==>  
2023-12-19 22:57:46 index.ts[info]: data_stores_mysql_lib_user.addNewTheater() 
2023-12-19 22:57:47 index.ts[info]: helper.response_builder.responseBuilder() 
