2023-12-28 06:25:38 index.ts[info]: initializeRoutes() 
2023-12-28 06:25:38 index.ts[info]: SERVER listening on PORT:5000 
2023-12-28 06:26:07 index.ts[info]: initializeRoutes() 
2023-12-28 06:26:07 index.ts[info]: SERVER listening on PORT:5000 
2023-12-28 06:26:45 index.ts[info]: controller-admin-theaterController.getListOfTheater() 
2023-12-28 06:26:45 index.ts[debug]: controller-admin-theaterController.getListOfTheater() Object = {} 
2023-12-28 06:26:45 index.ts[info]: services.admin.theater.getListOfTheater() ==>  
2023-12-28 06:26:45 index.ts[info]: data_stores_mysql_lib_user.getListOfTheater() 
2023-12-28 06:27:06 index.ts[error]: ERROR in executeQuery() => Error: read ECONNRESET 
2023-12-28 06:27:06 index.ts[error]: ERROR occurred in data_stores_mysql_lib_user.getListOfTheater() read ECONNRESET Error: read ECONNRESET
    at D:\projets\projects\Backend\node_modules\pg\lib\client.js:526:17
    at processTicksAndRejections (node:internal/process/task_queues:95:5)
    at async ConnectionManager.connect (D:\projets\projects\Backend\node_modules\sequelize\src\dialects\postgres\connection-manager.js:245:7)
    at async ConnectionManager._connect (D:\projets\projects\Backend\node_modules\sequelize\src\dialects\abstract\connection-manager.js:332:24)
    at async D:\projets\projects\Backend\node_modules\sequelize\src\dialects\abstract\connection-manager.js:250:32
    at async ConnectionManager.getConnection (D:\projets\projects\Backend\node_modules\sequelize\src\dialects\abstract\connection-manager.js:280:7)
    at async D:\projets\projects\Backend\node_modules\sequelize\src\sequelize.js:638:26
    at async Sequelize.authenticate (D:\projets\projects\Backend\node_modules\sequelize\src\sequelize.js:972:5)
2023-12-28 06:27:06 index.ts[error]: ERROR occurred in services.admin.theater.getListOfTheater read ECONNRESET Error: read ECONNRESET
    at D:\projets\projects\Backend\node_modules\pg\lib\client.js:526:17
    at processTicksAndRejections (node:internal/process/task_queues:95:5)
    at async ConnectionManager.connect (D:\projets\projects\Backend\node_modules\sequelize\src\dialects\postgres\connection-manager.js:245:7)
    at async ConnectionManager._connect (D:\projets\projects\Backend\node_modules\sequelize\src\dialects\abstract\connection-manager.js:332:24)
    at async D:\projets\projects\Backend\node_modules\sequelize\src\dialects\abstract\connection-manager.js:250:32
    at async ConnectionManager.getConnection (D:\projets\projects\Backend\node_modules\sequelize\src\dialects\abstract\connection-manager.js:280:7)
    at async D:\projets\projects\Backend\node_modules\sequelize\src\sequelize.js:638:26
    at async Sequelize.authenticate (D:\projets\projects\Backend\node_modules\sequelize\src\sequelize.js:972:5)
2023-12-28 06:27:06 index.ts[info]: helper.response_builder.responseBuilder() 
2023-12-28 06:27:22 index.ts[info]: controller-admin-theaterController.getListOfTheater() 
2023-12-28 06:27:22 index.ts[debug]: controller-admin-theaterController.getListOfTheater() Object = {} 
2023-12-28 06:27:22 index.ts[info]: services.admin.theater.getListOfTheater() ==>  
2023-12-28 06:27:22 index.ts[info]: data_stores_mysql_lib_user.getListOfTheater() 
2023-12-28 06:27:25 index.ts[error]: ERROR occurred in services.admin.theater.getListOfTheater data is not iterable TypeError: data is not iterable
    at Object.<anonymous> (D:\projets\projects\Backend\src\services\admin\adminTheater.ts:68:32)
    at Generator.next (<anonymous>)
    at fulfilled (D:\projets\projects\Backend\src\services\admin\adminTheater.ts:28:58)
    at processTicksAndRejections (node:internal/process/task_queues:95:5)
2023-12-28 06:27:25 index.ts[info]: helper.response_builder.responseBuilder() 
2023-12-28 06:28:50 index.ts[info]: initializeRoutes() 
2023-12-28 06:28:50 index.ts[info]: SERVER listening on PORT:5000 
2023-12-28 06:29:04 index.ts[info]: initializeRoutes() 
2023-12-28 06:29:04 index.ts[info]: SERVER listening on PORT:5000 
2023-12-28 06:29:06 index.ts[info]: controller-admin-theaterController.getListOfTheater() 
2023-12-28 06:29:06 index.ts[debug]: controller-admin-theaterController.getListOfTheater() Object = {} 
2023-12-28 06:29:06 index.ts[info]: services.admin.theater.getListOfTheater() ==>  
2023-12-28 06:29:06 index.ts[info]: data_stores_mysql_lib_user.getListOfTheater() 
2023-12-28 06:29:13 index.ts[error]: ERROR occurred in services.admin.theater.getListOfTheater data is not iterable TypeError: data is not iterable
    at Object.<anonymous> (D:\projets\projects\Backend\src\services\admin\adminTheater.ts:68:32)
    at Generator.next (<anonymous>)
    at fulfilled (D:\projets\projects\Backend\src\services\admin\adminTheater.ts:28:58)
    at processTicksAndRejections (node:internal/process/task_queues:95:5)
2023-12-28 06:29:13 index.ts[info]: helper.response_builder.responseBuilder() 
2023-12-28 06:29:28 index.ts[info]: initializeRoutes() 
2023-12-28 06:29:28 index.ts[info]: SERVER listening on PORT:5000 
2023-12-28 06:29:31 index.ts[info]: controller-admin-theaterController.getListOfTheater() 
2023-12-28 06:29:31 index.ts[debug]: controller-admin-theaterController.getListOfTheater() Object = {} 
2023-12-28 06:29:31 index.ts[info]: services.admin.theater.getListOfTheater() ==>  
2023-12-28 06:29:31 index.ts[info]: data_stores_mysql_lib_user.getListOfTheater() 
2023-12-28 06:29:37 index.ts[info]: helper.response_builder.responseBuilder() 
2023-12-28 06:30:33 index.ts[info]: controller-admin-theaterController.getListOfTheater() 
2023-12-28 06:30:33 index.ts[debug]: controller-admin-theaterController.getListOfTheater() Object = {} 
2023-12-28 06:30:33 index.ts[info]: services.admin.theater.getListOfTheater() ==>  
2023-12-28 06:30:33 index.ts[info]: data_stores_mysql_lib_user.getListOfTheater() 
2023-12-28 06:30:36 index.ts[info]: helper.response_builder.responseBuilder() 
2023-12-28 06:32:00 index.ts[info]: initializeRoutes() 
2023-12-28 06:32:00 index.ts[info]: SERVER listening on PORT:5000 
2023-12-28 06:32:20 index.ts[info]: initializeRoutes() 
2023-12-28 06:32:20 index.ts[info]: SERVER listening on PORT:5000 
2023-12-28 06:32:50 index.ts[info]: controller-admin-extraItems-Controller.addNewAccessaries() 
2023-12-28 06:32:50 index.ts[debug]: controller-admin-extraItems-Controller.addNewAccessaries() Object = {} 
2023-12-28 06:32:50 index.ts[info]: services.admin.extraitems.getListOfAccessaries() ==>  
2023-12-28 06:32:50 index.ts[info]: data_stores_mysql_lib_user.getListOfAccessaries() 
2023-12-28 06:32:56 index.ts[info]: helper.response_builder.responseBuilder() 
2023-12-28 07:33:53 index.ts[info]: initializeRoutes() 
2023-12-28 07:33:53 index.ts[info]: SERVER listening on PORT:5000 
2023-12-28 07:34:09 index.ts[info]: initializeRoutes() 
2023-12-28 07:34:09 index.ts[info]: SERVER listening on PORT:5000 
2023-12-28 07:34:24 index.ts[info]: initializeRoutes() 
2023-12-28 07:34:24 index.ts[info]: SERVER listening on PORT:5000 
2023-12-28 07:36:25 index.ts[info]: initializeRoutes() 
2023-12-28 07:36:25 index.ts[info]: SERVER listening on PORT:5000 
2023-12-28 07:47:17 index.ts[info]: initializeRoutes() 
2023-12-28 07:47:17 index.ts[info]: SERVER listening on PORT:5000 
2023-12-28 07:47:39 index.ts[info]: initializeRoutes() 
2023-12-28 07:47:39 index.ts[info]: SERVER listening on PORT:5000 
2023-12-28 07:48:06 index.ts[info]: initializeRoutes() 
2023-12-28 07:48:06 index.ts[info]: SERVER listening on PORT:5000 
2023-12-28 07:49:30 index.ts[info]: initializeRoutes() 
2023-12-28 07:49:30 index.ts[info]: SERVER listening on PORT:5000 
2023-12-28 07:49:39 index.ts[info]: initializeRoutes() 
2023-12-28 07:49:39 index.ts[info]: SERVER listening on PORT:5000 
2023-12-28 07:49:45 index.ts[info]: initializeRoutes() 
2023-12-28 07:49:45 index.ts[info]: SERVER listening on PORT:5000 
2023-12-28 07:50:44 index.ts[info]: initializeRoutes() 
2023-12-28 07:50:44 index.ts[info]: SERVER listening on PORT:5000 
2023-12-28 07:50:53 index.ts[info]: initializeRoutes() 
2023-12-28 07:50:53 index.ts[info]: SERVER listening on PORT:5000 
2023-12-28 07:51:12 index.ts[info]: initializeRoutes() 
2023-12-28 07:51:12 index.ts[info]: SERVER listening on PORT:5000 
2023-12-28 07:54:26 index.ts[info]: initializeRoutes() 
2023-12-28 07:54:26 index.ts[info]: SERVER listening on PORT:5000 
2023-12-28 07:56:45 index.ts[info]: controller-admin-extraItems-Controller.addNewImage() 
2023-12-28 07:56:45 index.ts[debug]: controller-admin-extraItems-Controller.addNewImage() Object = {} 
2023-12-28 07:56:45 index.ts[info]: services.admin.extraitems.addNewImage() ==>  
2023-12-28 07:56:45 index.ts[info]: data_stores_mysql_lib_user.addNewImage() 
2023-12-28 07:56:53 index.ts[info]: helper.response_builder.responseBuilder() 
2023-12-28 07:58:58 index.ts[info]: controller-admin-extraItems-Controller.addNewImage() 
2023-12-28 07:58:58 index.ts[debug]: controller-admin-extraItems-Controller.addNewImage() Object = {"image":""} 
2023-12-28 07:58:58 index.ts[info]: services.admin.extraitems.addNewImage() ==>  
2023-12-28 07:58:58 index.ts[info]: data_stores_mysql_lib_user.addNewImage() 
2023-12-28 07:59:00 index.ts[info]: helper.response_builder.responseBuilder() 
2023-12-28 18:38:43 index.ts[info]: initializeRoutes() 
2023-12-28 18:38:43 index.ts[info]: SERVER listening on PORT:5000 
2023-12-28 18:38:51 index.ts[info]: authentication.isAuthenticated() 
2023-12-28 18:38:51 index.ts[debug]: TOKEN is missing! 
2023-12-28 18:38:51 index.ts[info]: helper.response_builder.responseBuilder() 
2023-12-28 18:39:04 index.ts[info]: START of common.validator.validate() 
2023-12-28 18:39:04 index.ts[debug]: {"value":{"email":"syedabbas@gmail3.com","password":"9999774637466663"},"error":{"_original":{"email":"syedabbas@gmail3.com","password":"9999774637466663"},"details":[{"message":"\"password\" length must be less than or equal to 15 characters long","path":["password"],"type":"string.max","context":{"limit":15,"value":"9999774637466663","label":"password","key":"password"}}]}} 
2023-12-28 18:39:14 index.ts[info]: START of common.validator.validate() 
2023-12-28 18:39:15 index.ts[debug]: {"value":{"firstName":"syed","lastName":"abbas","email":"syedabbas@gmail3.com","password":"9999774637466663"},"error":{"_original":{"firstName":"syed","lastName":"abbas","email":"syedabbas@gmail3.com","password":"9999774637466663"},"details":[{"message":"\"password\" length must be less than or equal to 15 characters long","path":["password"],"type":"string.max","context":{"limit":15,"value":"9999774637466663","label":"password","key":"password"}}]}} 
2023-12-28 18:39:23 index.ts[info]: START of common.validator.validate() 
2023-12-28 18:39:23 index.ts[info]: controller.admin.adminSignUp() 
2023-12-28 18:39:23 index.ts[debug]: controller.admin.adminSignUp() Object = {"firstName":"syed","lastName":"abbas","email":"syedabbas@gmail3.com","password":"99997746374663"} 
2023-12-28 18:39:23 index.ts[info]: helpers.data_mapping.admin.adminDataMapping() 
2023-12-28 18:39:23 index.ts[info]: services.auth.adminSignUp() ==>  
2023-12-28 18:39:23 index.ts[info]: data_stores_mysql_lib_user.checkEmailExist()  ==> 
2023-12-28 18:39:28 index.ts[info]: helper.response_builder.responseBuilder() 
2023-12-28 18:39:36 index.ts[info]: START of common.validator.validate() 
2023-12-28 18:39:36 index.ts[info]: controller.admin.adminSignUp() 
2023-12-28 18:39:36 index.ts[debug]: controller.admin.adminSignUp() Object = {"firstName":"syed","lastName":"abbas","email":"syedabbas@gmail32.com","password":"99997746374663"} 
2023-12-28 18:39:36 index.ts[info]: helpers.data_mapping.admin.adminDataMapping() 
2023-12-28 18:39:36 index.ts[info]: services.auth.adminSignUp() ==>  
2023-12-28 18:39:36 index.ts[info]: data_stores_mysql_lib_user.checkEmailExist()  ==> 
2023-12-28 18:39:36 index.ts[info]: data_stores_mysql_lib_user.adminSignUp() 
2023-12-28 18:39:36 index.ts[info]: helper.response_builder.responseBuilder() 
2023-12-28 18:39:48 index.ts[info]: START of common.validator.validate() 
2023-12-28 18:39:48 index.ts[info]: controller.admin.adminLogin() 
2023-12-28 18:39:48 index.ts[debug]: controller.admin.adminLogin() Object = {"email":"syedabbas@gmail32.com","password":"99997746374663"} 
2023-12-28 18:39:48 index.ts[info]: helpers.data_mapping.admin.AdminLoginDataMapping() 
2023-12-28 18:39:48 index.ts[info]: services.auth.loginAdmin() ==>  
2023-12-28 18:39:48 index.ts[info]: data_stores_mysql_lib_user.checkEmailExist()  ==> 
2023-12-28 18:39:50 index.ts[info]: helper.response_builder.responseBuilder() 
2023-12-28 18:40:11 index.ts[info]: authentication.isAuthenticated() 
2023-12-28 18:40:11 index.ts[debug]: LOGGED IN USER:UserSession {
  userId: undefined,
  role: 'admin',
  userName: undefined,
  permissions: []
} 
2023-12-28 18:40:11 index.ts[info]: controller-admin-extraItems-Controller.addNewAccessaries() 
2023-12-28 18:40:11 index.ts[debug]: controller-admin-extraItems-Controller.addNewAccessaries() Object = {"itemsName":"hhh22","details":"lllllllldfkdslkfjghsjd","price":7374} 
2023-12-28 18:40:11 index.ts[info]: services.admin.extraitems.addNewAccessaries() ==>  
2023-12-28 18:40:11 index.ts[info]: data_stores_mysql_lib_user.addNewAccessaries() 
2023-12-28 18:40:13 index.ts[info]: helper.response_builder.responseBuilder() 
2023-12-28 18:41:56 index.ts[info]: authentication.isAuthenticated() 
2023-12-28 18:41:56 index.ts[debug]: TOKEN is missing! 
2023-12-28 18:41:56 index.ts[info]: helper.response_builder.responseBuilder() 
2023-12-28 18:42:14 index.ts[info]: authentication.isAuthenticated() 
2023-12-28 18:42:14 index.ts[debug]: LOGGED IN USER:UserSession {
  userId: undefined,
  role: 'admin',
  userName: undefined,
  permissions: []
} 
2023-12-28 18:42:14 index.ts[info]: controller-admin-extraItems-Controller.updateAccessaries() 
2023-12-28 18:42:14 index.ts[debug]: controller-admin-extraItems-Controller.updateAccessaries() Object = {"itemsName":"hhh288","details":"lllllllldfkdslkfjghsjd","price":"7374","itemType":"CAKE"} 
2023-12-28 18:42:14 index.ts[info]: services.admin.extraitems.updateAccessaries() ==>  
2023-12-28 18:42:14 index.ts[info]: data_stores_mysql_lib_user.updateAccessaries() 
2023-12-28 18:42:16 index.ts[info]: helper.response_builder.responseBuilder() 
2023-12-28 18:43:54 index.ts[info]: authentication.isAuthenticated() 
2023-12-28 18:43:54 index.ts[debug]: LOGGED IN USER:UserSession {
  userId: undefined,
  role: 'admin',
  userName: undefined,
  permissions: []
} 
2023-12-28 18:43:54 index.ts[info]: controller-admin-extraItems-Controller.updateAccessaries() 
2023-12-28 18:43:54 index.ts[debug]: controller-admin-extraItems-Controller.updateAccessaries() Object = {"itemsName":"hhh288","details":"lllllllldfkdslkfjghsjd","price":"7374","itemType":"CAKE"} 
2023-12-28 18:43:54 index.ts[info]: services.admin.extraitems.updateAccessaries() ==>  
2023-12-28 18:43:54 index.ts[info]: data_stores_mysql_lib_user.updateAccessaries() 
2023-12-28 18:43:56 index.ts[info]: helper.response_builder.responseBuilder() 
2023-12-28 18:44:01 index.ts[info]: authentication.isAuthenticated() 
2023-12-28 18:44:01 index.ts[debug]: LOGGED IN USER:UserSession {
  userId: undefined,
  role: 'admin',
  userName: undefined,
  permissions: []
} 
2023-12-28 18:44:01 index.ts[info]: controller-admin-extraItems-Controller.updateAccessaries() 
2023-12-28 18:44:01 index.ts[debug]: controller-admin-extraItems-Controller.updateAccessaries() Object = {"itemsName":"hhh288","details":"lllllllldfkdslkfjghsjd","price":"7374","itemType":"CAKE"} 
2023-12-28 18:44:01 index.ts[info]: services.admin.extraitems.updateAccessaries() ==>  
2023-12-28 18:44:01 index.ts[info]: data_stores_mysql_lib_user.updateAccessaries() 
2023-12-28 18:44:01 index.ts[info]: helper.response_builder.responseBuilder() 
2023-12-28 18:44:23 index.ts[info]: initializeRoutes() 
2023-12-28 18:44:23 index.ts[info]: SERVER listening on PORT:5000 
2023-12-28 19:35:10 index.ts[info]: initializeRoutes() 
2023-12-28 19:35:10 index.ts[info]: SERVER listening on PORT:5000 
2023-12-28 19:35:32 index.ts[info]: initializeRoutes() 
2023-12-28 19:35:32 index.ts[info]: SERVER listening on PORT:5000 
2023-12-28 19:36:13 index.ts[info]: initializeRoutes() 
2023-12-28 19:36:13 index.ts[info]: SERVER listening on PORT:5000 
2023-12-28 19:36:25 index.ts[info]: initializeRoutes() 
2023-12-28 19:36:25 index.ts[info]: SERVER listening on PORT:5000 
2023-12-28 19:37:29 index.ts[info]: initializeRoutes() 
2023-12-28 19:37:29 index.ts[info]: SERVER listening on PORT:5000 
2023-12-28 19:38:17 index.ts[info]: initializeRoutes() 
2023-12-28 19:38:17 index.ts[info]: SERVER listening on PORT:5000 
2023-12-28 19:38:47 index.ts[info]: initializeRoutes() 
2023-12-28 19:38:47 index.ts[info]: SERVER listening on PORT:5000 
2023-12-28 19:39:04 index.ts[info]: initializeRoutes() 
2023-12-28 19:39:04 index.ts[info]: SERVER listening on PORT:5000 
2023-12-28 19:39:30 index.ts[info]: initializeRoutes() 
2023-12-28 19:39:30 index.ts[info]: SERVER listening on PORT:5000 
2023-12-28 19:39:42 index.ts[info]: initializeRoutes() 
2023-12-28 19:39:42 index.ts[info]: SERVER listening on PORT:5000 
2023-12-28 19:41:57 index.ts[info]: initializeRoutes() 
2023-12-28 19:41:57 index.ts[info]: SERVER listening on PORT:5000 
2023-12-28 19:42:37 index.ts[info]: initializeRoutes() 
2023-12-28 19:42:37 index.ts[info]: SERVER listening on PORT:5000 
2023-12-28 19:43:00 index.ts[info]: initializeRoutes() 
2023-12-28 19:43:00 index.ts[info]: SERVER listening on PORT:5000 
2023-12-28 19:44:40 index.ts[info]: initializeRoutes() 
2023-12-28 19:44:40 index.ts[info]: SERVER listening on PORT:5000 
2023-12-28 19:46:31 index.ts[info]: initializeRoutes() 
2023-12-28 19:46:31 index.ts[info]: SERVER listening on PORT:5000 
2023-12-28 19:47:47 index.ts[info]: controller-admin-extraItems-Controller.addNewImage() 
2023-12-28 19:47:47 index.ts[debug]: controller-admin-extraItems-Controller.addNewImage() Object = {} 
2023-12-28 19:47:47 index.ts[info]: services.admin.extraitems.addNewImage() ==>  
2023-12-28 19:47:47 index.ts[info]: data_stores_mysql_lib_user.addNewImage() 
2023-12-28 19:47:53 index.ts[error]: ERROR in executeQuery() => Error: Named replacement ":thumbnail" has no entry in the replacement map. 
2023-12-28 19:47:53 index.ts[error]: ERROR occurred in data_stores_mysql_lib_user.addNewImage() Named replacement ":thumbnail" has no entry in the replacement map. Error: Named replacement ":thumbnail" has no entry in the replacement map.
    at injectReplacements (D:\projets\projects\Backend\node_modules\sequelize\src\utils\sql.ts:176:15)
    at Sequelize.query (D:\projets\projects\Backend\node_modules\sequelize\src\sequelize.js:612:13)
    at D:\projets\projects\Backend\src\database\helpers\sql.query.util.ts:11:45
    at Generator.next (<anonymous>)
    at fulfilled (D:\projets\projects\Backend\src\database\helpers\sql.query.util.ts:5:58)
    at processTicksAndRejections (node:internal/process/task_queues:95:5)
2023-12-28 19:47:53 index.ts[error]: ERROR occurred in services.admin.extraitems.addNewImage 
2023-12-28 19:47:53 index.ts[info]: helper.response_builder.responseBuilder() 
2023-12-28 19:51:50 index.ts[info]: initializeRoutes() 
2023-12-28 19:51:50 index.ts[info]: SERVER listening on PORT:5000 
2023-12-28 19:52:00 index.ts[info]: initializeRoutes() 
2023-12-28 19:52:00 index.ts[info]: SERVER listening on PORT:5000 
2023-12-28 19:52:19 index.ts[info]: initializeRoutes() 
2023-12-28 19:52:19 index.ts[info]: SERVER listening on PORT:5000 
2023-12-28 19:53:46 index.ts[info]: initializeRoutes() 
2023-12-28 19:53:46 index.ts[info]: SERVER listening on PORT:5000 
2023-12-28 19:53:51 index.ts[info]: controller-admin-extraItems-Controller.addNewImage() 
2023-12-28 19:53:51 index.ts[debug]: controller-admin-extraItems-Controller.addNewImage() Object = {} 
2023-12-28 19:53:51 index.ts[info]: services.admin.extraitems.addNewImage() ==>  
2023-12-28 19:53:51 index.ts[info]: data_stores_mysql_lib_user.addNewImage() 
2023-12-28 19:53:56 index.ts[error]: ERROR in executeQuery() => SequelizeDatabaseError: column "user_uid" of relation "IMAGES" does not exist 
2023-12-28 19:53:56 index.ts[error]: ERROR occurred in data_stores_mysql_lib_user.addNewImage() column "user_uid" of relation "IMAGES" does not exist Error
    at Query.run (D:\projets\projects\Backend\node_modules\sequelize\src\dialects\postgres\query.js:76:25)
    at D:\projets\projects\Backend\node_modules\sequelize\src\sequelize.js:650:28
    at processTicksAndRejections (node:internal/process/task_queues:95:5)
2023-12-28 19:53:56 index.ts[error]: ERROR occurred in services.admin.extraitems.addNewImage 
2023-12-28 19:53:56 index.ts[info]: helper.response_builder.responseBuilder() 
2023-12-28 19:55:04 index.ts[info]: initializeRoutes() 
2023-12-28 19:55:04 index.ts[info]: SERVER listening on PORT:5000 
2023-12-28 19:55:14 index.ts[info]: controller-admin-extraItems-Controller.addNewImage() 
2023-12-28 19:55:14 index.ts[debug]: controller-admin-extraItems-Controller.addNewImage() Object = {} 
2023-12-28 19:55:14 index.ts[info]: services.admin.extraitems.addNewImage() ==>  
2023-12-28 19:55:14 index.ts[info]: data_stores_mysql_lib_user.addNewImage() 
2023-12-28 19:55:20 index.ts[info]: helper.response_builder.responseBuilder() 
2023-12-28 19:55:29 index.ts[info]: controller-admin-extraItems-Controller.addNewImage() 
2023-12-28 19:55:29 index.ts[debug]: controller-admin-extraItems-Controller.addNewImage() Object = {} 
2023-12-28 19:55:29 index.ts[info]: services.admin.extraitems.addNewImage() ==>  
2023-12-28 19:55:29 index.ts[info]: data_stores_mysql_lib_user.addNewImage() 
2023-12-28 19:55:30 index.ts[info]: helper.response_builder.responseBuilder() 
2023-12-28 19:59:07 index.ts[info]: initializeRoutes() 
2023-12-28 19:59:07 index.ts[info]: SERVER listening on PORT:5000 
2023-12-28 19:59:17 index.ts[info]: controller-admin-extraItems-Controller.addNewImage() 
2023-12-28 19:59:17 index.ts[debug]: controller-admin-extraItems-Controller.addNewImage() Object = {} 
2023-12-28 19:59:17 index.ts[info]: services.admin.extraitems.addNewImage() ==>  
2023-12-28 19:59:17 index.ts[info]: data_stores_mysql_lib_user.addNewImage() 
2023-12-28 19:59:22 index.ts[info]: helper.response_builder.responseBuilder() 
2023-12-28 19:59:54 index.ts[info]: controller-admin-extraItems-Controller.addNewImage() 
2023-12-28 19:59:54 index.ts[debug]: controller-admin-extraItems-Controller.addNewImage() Object = {} 
2023-12-28 19:59:54 index.ts[info]: services.admin.extraitems.addNewImage() ==>  
2023-12-28 19:59:54 index.ts[info]: data_stores_mysql_lib_user.addNewImage() 
2023-12-28 19:59:56 index.ts[info]: helper.response_builder.responseBuilder() 
2023-12-28 20:00:40 index.ts[info]: initializeRoutes() 
2023-12-28 20:00:40 index.ts[info]: SERVER listening on PORT:5000 
2023-12-28 20:00:53 index.ts[info]: initializeRoutes() 
2023-12-28 20:00:53 index.ts[info]: SERVER listening on PORT:5000 
2023-12-28 20:01:05 index.ts[info]: initializeRoutes() 
2023-12-28 20:01:05 index.ts[info]: SERVER listening on PORT:5000 
2023-12-28 20:01:07 index.ts[info]: controller-admin-extraItems-Controller.addNewImage() 
2023-12-28 20:01:07 index.ts[debug]: controller-admin-extraItems-Controller.addNewImage() Object = {} 
2023-12-28 20:01:07 index.ts[info]: services.admin.extraitems.addNewImage() ==>  
2023-12-28 20:01:07 index.ts[info]: data_stores_mysql_lib_user.addNewImage() 
2023-12-28 20:01:12 index.ts[info]: helper.response_builder.responseBuilder() 
2023-12-28 20:01:46 index.ts[info]: initializeRoutes() 
2023-12-28 20:01:46 index.ts[info]: SERVER listening on PORT:5000 
2023-12-28 20:02:05 index.ts[info]: initializeRoutes() 
2023-12-28 20:02:05 index.ts[info]: SERVER listening on PORT:5000 
2023-12-28 20:02:16 index.ts[info]: controller-admin-extraItems-Controller.addNewImage() 
2023-12-28 20:02:16 index.ts[debug]: controller-admin-extraItems-Controller.addNewImage() Object = {} 
2023-12-28 20:02:16 index.ts[info]: services.admin.extraitems.addNewImage() ==>  
2023-12-28 20:02:16 index.ts[info]: data_stores_mysql_lib_user.addNewThambnail() 
2023-12-28 20:02:22 index.ts[error]: ERROR in executeQuery() => SequelizeDatabaseError: column "iamge_uid" of relation "IMAGES" does not exist 
2023-12-28 20:02:22 index.ts[error]: ERROR occurred in data_stores_mysql_lib_user.addNewThambnail() column "iamge_uid" of relation "IMAGES" does not exist Error
    at Query.run (D:\projets\projects\Backend\node_modules\sequelize\src\dialects\postgres\query.js:76:25)
    at D:\projets\projects\Backend\node_modules\sequelize\src\sequelize.js:650:28
    at processTicksAndRejections (node:internal/process/task_queues:95:5)
2023-12-28 20:02:22 index.ts[error]: ERROR occurred in services.admin.extraitems.addNewImage 
2023-12-28 20:02:22 index.ts[info]: helper.response_builder.responseBuilder() 
2023-12-28 20:03:03 index.ts[info]: initializeRoutes() 
2023-12-28 20:03:03 index.ts[info]: SERVER listening on PORT:5000 
2023-12-28 20:03:13 index.ts[info]: initializeRoutes() 
2023-12-28 20:03:13 index.ts[info]: SERVER listening on PORT:5000 
2023-12-28 20:03:17 index.ts[info]: controller-admin-extraItems-Controller.addNewImage() 
2023-12-28 20:03:17 index.ts[debug]: controller-admin-extraItems-Controller.addNewImage() Object = {} 
2023-12-28 20:03:17 index.ts[info]: services.admin.extraitems.addNewImage() ==>  
2023-12-28 20:03:17 index.ts[info]: data_stores_mysql_lib_user.addNewThambnail() 
2023-12-28 20:03:23 index.ts[info]: data_stores_mysql_lib_user.addNewImage() 
2023-12-28 20:03:23 index.ts[info]: helper.response_builder.responseBuilder() 
2023-12-28 20:04:08 index.ts[info]: initializeRoutes() 
2023-12-28 20:04:08 index.ts[info]: SERVER listening on PORT:5000 
2023-12-28 20:04:12 index.ts[info]: controller-admin-extraItems-Controller.addNewImage() 
2023-12-28 20:04:12 index.ts[debug]: controller-admin-extraItems-Controller.addNewImage() Object = {} 
2023-12-28 20:04:12 index.ts[info]: services.admin.extraitems.addNewImage() ==>  
2023-12-28 20:04:12 index.ts[info]: data_stores_mysql_lib_user.addNewThambnail() 
2023-12-28 20:04:18 index.ts[info]: data_stores_mysql_lib_user.addNewImage() 
2023-12-28 20:04:18 index.ts[info]: helper.response_builder.responseBuilder() 
2023-12-28 20:07:18 index.ts[info]: initializeRoutes() 
2023-12-28 20:07:18 index.ts[info]: SERVER listening on PORT:5000 
2023-12-28 20:07:19 index.ts[info]: controller-admin-extraItems-Controller.addNewImage() 
2023-12-28 20:07:19 index.ts[debug]: controller-admin-extraItems-Controller.addNewImage() Object = {} 
2023-12-28 20:07:19 index.ts[info]: services.admin.extraitems.addNewImage() ==>  
2023-12-28 20:07:19 index.ts[info]: data_stores_mysql_lib_user.addNewThambnail() 
2023-12-28 20:07:25 index.ts[info]: helper.response_builder.responseBuilder() 
