2024-01-25 00:49:33 index.ts[info]: initializeRoutes() 
2024-01-25 00:49:33 index.ts[info]: SERVER listening on PORT:5000 
2024-01-25 00:50:23 index.ts[info]: controller.admin.getBookedTIming() 
2024-01-25 00:50:23 index.ts[debug]: controller.admin.getBookedTIming() Object = {} 
2024-01-25 00:50:23 index.ts[info]: services.admin.theater.getBookedTIming() ==>  
2024-01-25 00:50:23 index.ts[info]: data_stores_mysql_lib_user.getSingleTheater() 
2024-01-25 00:50:28 index.ts[info]: data_stores_mysql_lib_user_Theater.getSingleBookedSlots() 
2024-01-25 00:50:28 index.ts[error]: ERROR in executeQuery() => Error: Invalid value {
  bookedDate: '2024-01-26',
  theaterUid: 'b7ae67b9-09fe-428e-b89b-123f110b7a89',
  Id: 15
} 
2024-01-25 00:50:28 index.ts[error]: ERROR occurred in data_stores_mysql_lib_user_Theater.getSingleBookedSlots() Invalid value {
  bookedDate: '2024-01-26',
  theaterUid: 'b7ae67b9-09fe-428e-b89b-123f110b7a89',
  Id: 15
} Error: Invalid value {
  bookedDate: '2024-01-26',
  theaterUid: 'b7ae67b9-09fe-428e-b89b-123f110b7a89',
  Id: 15
}
    at escape (D:\projets\projects\Backend\node_modules\sequelize\src\sql-string.js:66:11)
    at injectReplacements (D:\projets\projects\Backend\node_modules\sequelize\src\utils\sql.ts:179:34)
    at Sequelize.query (D:\projets\projects\Backend\node_modules\sequelize\src\sequelize.js:612:13)
    at D:\projets\projects\Backend\src\database\helpers\sql.query.util.ts:11:45
    at Generator.next (<anonymous>)
    at fulfilled (D:\projets\projects\Backend\src\database\helpers\sql.query.util.ts:5:58)
    at processTicksAndRejections (node:internal/process/task_queues:95:5)
2024-01-25 00:50:28 index.ts[error]: ERROR occurred in services.admin.theater.getBookedTIming Invalid value {
  bookedDate: '2024-01-26',
  theaterUid: 'b7ae67b9-09fe-428e-b89b-123f110b7a89',
  Id: 15
} Error: Invalid value {
  bookedDate: '2024-01-26',
  theaterUid: 'b7ae67b9-09fe-428e-b89b-123f110b7a89',
  Id: 15
}
    at escape (D:\projets\projects\Backend\node_modules\sequelize\src\sql-string.js:66:11)
    at injectReplacements (D:\projets\projects\Backend\node_modules\sequelize\src\utils\sql.ts:179:34)
    at Sequelize.query (D:\projets\projects\Backend\node_modules\sequelize\src\sequelize.js:612:13)
    at D:\projets\projects\Backend\src\database\helpers\sql.query.util.ts:11:45
    at Generator.next (<anonymous>)
    at fulfilled (D:\projets\projects\Backend\src\database\helpers\sql.query.util.ts:5:58)
    at processTicksAndRejections (node:internal/process/task_queues:95:5)
2024-01-25 00:50:28 index.ts[info]: helper.response_builder.responseBuilder() 
2024-01-25 00:51:53 index.ts[info]: initializeRoutes() 
2024-01-25 00:51:53 index.ts[info]: SERVER listening on PORT:5000 
2024-01-25 00:51:57 index.ts[info]: controller.admin.getBookedTIming() 
2024-01-25 00:51:57 index.ts[debug]: controller.admin.getBookedTIming() Object = {} 
2024-01-25 00:51:57 index.ts[info]: services.admin.theater.getBookedTIming() ==>  
2024-01-25 00:51:57 index.ts[info]: data_stores_mysql_lib_user.getSingleTheater() 
2024-01-25 00:52:02 index.ts[info]: data_stores_mysql_lib_user_Theater.getSingleBookedSlots() 
2024-01-25 00:52:02 index.ts[error]: ERROR in executeQuery() => Error: Named replacement ":id" has no entry in the replacement map. 
2024-01-25 00:52:02 index.ts[error]: ERROR occurred in data_stores_mysql_lib_user_Theater.getSingleBookedSlots() Named replacement ":id" has no entry in the replacement map. Error: Named replacement ":id" has no entry in the replacement map.
    at injectReplacements (D:\projets\projects\Backend\node_modules\sequelize\src\utils\sql.ts:176:15)
    at Sequelize.query (D:\projets\projects\Backend\node_modules\sequelize\src\sequelize.js:612:13)
    at D:\projets\projects\Backend\src\database\helpers\sql.query.util.ts:11:45
    at Generator.next (<anonymous>)
    at fulfilled (D:\projets\projects\Backend\src\database\helpers\sql.query.util.ts:5:58)
    at processTicksAndRejections (node:internal/process/task_queues:95:5)
2024-01-25 00:52:02 index.ts[error]: ERROR occurred in services.admin.theater.getBookedTIming Named replacement ":id" has no entry in the replacement map. Error: Named replacement ":id" has no entry in the replacement map.
    at injectReplacements (D:\projets\projects\Backend\node_modules\sequelize\src\utils\sql.ts:176:15)
    at Sequelize.query (D:\projets\projects\Backend\node_modules\sequelize\src\sequelize.js:612:13)
    at D:\projets\projects\Backend\src\database\helpers\sql.query.util.ts:11:45
    at Generator.next (<anonymous>)
    at fulfilled (D:\projets\projects\Backend\src\database\helpers\sql.query.util.ts:5:58)
    at processTicksAndRejections (node:internal/process/task_queues:95:5)
2024-01-25 00:52:02 index.ts[info]: helper.response_builder.responseBuilder() 
2024-01-25 00:52:27 index.ts[info]: initializeRoutes() 
2024-01-25 00:52:27 index.ts[info]: SERVER listening on PORT:5000 
2024-01-25 00:52:34 index.ts[info]: controller.admin.getBookedTIming() 
2024-01-25 00:52:34 index.ts[debug]: controller.admin.getBookedTIming() Object = {} 
2024-01-25 00:52:34 index.ts[info]: services.admin.theater.getBookedTIming() ==>  
2024-01-25 00:52:34 index.ts[info]: data_stores_mysql_lib_user.getSingleTheater() 
2024-01-25 00:52:38 index.ts[info]: data_stores_mysql_lib_user_Theater.getSingleBookedSlots() 
2024-01-25 00:52:39 index.ts[info]: helper.response_builder.responseBuilder() 
2024-01-25 00:52:51 index.ts[info]: controller.admin.getBookedTIming() 
2024-01-25 00:52:51 index.ts[debug]: controller.admin.getBookedTIming() Object = {} 
2024-01-25 00:52:51 index.ts[info]: services.admin.theater.getBookedTIming() ==>  
2024-01-25 00:52:51 index.ts[info]: data_stores_mysql_lib_user.getSingleTheater() 
2024-01-25 00:52:53 index.ts[info]: data_stores_mysql_lib_user_Theater.getSingleBookedSlots() 
2024-01-25 00:52:53 index.ts[info]: helper.response_builder.responseBuilder() 
2024-01-25 00:52:58 index.ts[info]: controller.admin.getBookedTIming() 
2024-01-25 00:52:58 index.ts[debug]: controller.admin.getBookedTIming() Object = {} 
2024-01-25 00:52:58 index.ts[info]: services.admin.theater.getBookedTIming() ==>  
2024-01-25 00:52:58 index.ts[info]: data_stores_mysql_lib_user.getSingleTheater() 
2024-01-25 00:52:58 index.ts[info]: data_stores_mysql_lib_user_Theater.getSingleBookedSlots() 
2024-01-25 00:52:59 index.ts[info]: helper.response_builder.responseBuilder() 
2024-01-25 00:54:12 index.ts[info]: controller.admin.getBookedTIming() 
2024-01-25 00:54:12 index.ts[debug]: controller.admin.getBookedTIming() Object = {} 
2024-01-25 00:54:12 index.ts[info]: services.admin.theater.getBookedTIming() ==>  
2024-01-25 00:54:12 index.ts[info]: data_stores_mysql_lib_user.getSingleTheater() 
2024-01-25 00:54:14 index.ts[info]: data_stores_mysql_lib_user_Theater.getSingleBookedSlots() 
2024-01-25 00:54:14 index.ts[info]: helper.response_builder.responseBuilder() 
