2023-12-17 01:11:07 index.ts[info]: initializeRoutes() 
2023-12-17 01:11:07 index.ts[info]: SERVER listening on PORT:5000 
2023-12-17 05:33:06 index.ts[info]: initializeRoutes() 
2023-12-17 05:33:06 index.ts[info]: SERVER listening on PORT:5000 
2023-12-17 05:35:49 index.ts[info]: initializeRoutes() 
2023-12-17 05:35:49 index.ts[info]: SERVER listening on PORT:5000 
2023-12-17 05:37:01 index.ts[info]: initializeRoutes() 
2023-12-17 05:37:01 index.ts[info]: SERVER listening on PORT:5000 
2023-12-17 05:38:09 index.ts[info]: initializeRoutes() 
2023-12-17 05:38:09 index.ts[info]: SERVER listening on PORT:5000 
2023-12-17 05:38:25 index.ts[info]: initializeRoutes() 
2023-12-17 05:38:25 index.ts[info]: SERVER listening on PORT:5000 
2023-12-17 05:39:15 index.ts[info]: initializeRoutes() 
2023-12-17 05:39:15 index.ts[info]: SERVER listening on PORT:5000 
2023-12-17 05:39:40 index.ts[info]: initializeRoutes() 
2023-12-17 05:39:40 index.ts[info]: SERVER listening on PORT:5000 
2023-12-17 05:40:50 index.ts[info]: initializeRoutes() 
2023-12-17 05:40:50 index.ts[info]: SERVER listening on PORT:5000 
2023-12-17 07:07:04 index.ts[info]: initializeRoutes() 
2023-12-17 07:07:04 index.ts[info]: SERVER listening on PORT:5000 
2023-12-17 07:29:15 index.ts[info]: initializeRoutes() 
2023-12-17 07:29:15 index.ts[info]: SERVER listening on PORT:5000 
2023-12-17 07:44:40 index.ts[info]: initializeRoutes() 
2023-12-17 07:44:40 index.ts[info]: SERVER listening on PORT:5000 
2023-12-17 07:45:00 index.ts[info]: initializeRoutes() 
2023-12-17 07:45:00 index.ts[info]: SERVER listening on PORT:5000 
2023-12-17 07:47:10 index.ts[info]: initializeRoutes() 
2023-12-17 07:47:10 index.ts[info]: SERVER listening on PORT:5000 
2023-12-17 07:49:58 index.ts[info]: initializeRoutes() 
2023-12-17 07:49:58 index.ts[info]: SERVER listening on PORT:5000 
2023-12-17 07:51:52 index.ts[info]: initializeRoutes() 
2023-12-17 07:51:52 index.ts[info]: SERVER listening on PORT:5000 
2023-12-17 07:52:36 index.ts[info]: initializeRoutes() 
2023-12-17 07:52:36 index.ts[info]: SERVER listening on PORT:5000 
2023-12-17 07:52:37 index.ts[info]: services.auth.adminSignUp() ==>  
2023-12-17 07:52:37 index.ts[info]: data_stores_mysql_lib_user.checkEmailExist()  ==> 
2023-12-17 07:52:38 index.ts[error]: ERROR in executeQuery() => Error: Please install mysql2 package manually 
2023-12-17 07:52:38 index.ts[error]: ERROR occurred in data_stores_mysql_lib_user.checkEmailExist() Please install mysql2 package manually Error: Please install mysql2 package manually
    at ConnectionManager._loadDialectModule (D:\projets\projects\Backend\node_modules\sequelize\src\dialects\abstract\connection-manager.js:81:15)
    at new ConnectionManager (D:\projets\projects\Backend\node_modules\sequelize\src\dialects\mysql\connection-manager.js:25:21)
    at new MysqlDialect (D:\projets\projects\Backend\node_modules\sequelize\src\dialects\mysql\index.js:15:30)
    at new Sequelize (D:\projets\projects\Backend\node_modules\sequelize\src\sequelize.js:368:20)
    at D:\projets\projects\Backend\src\database\database.ts:11:18
    at Generator.next (<anonymous>)
    at D:\projets\projects\Backend\src\database\database.ts:8:71
    at new Promise (<anonymous>)
    at __awaiter (D:\projets\projects\Backend\src\database\database.ts:4:12)
    at sqlConnection (D:\projets\projects\Backend\src\database\database.ts:6:41)
2023-12-17 07:52:38 index.ts[error]: ERROR occurred in services.auth.adminSignUp Please install mysql2 package manually Error: Please install mysql2 package manually
    at ConnectionManager._loadDialectModule (D:\projets\projects\Backend\node_modules\sequelize\src\dialects\abstract\connection-manager.js:81:15)
    at new ConnectionManager (D:\projets\projects\Backend\node_modules\sequelize\src\dialects\mysql\connection-manager.js:25:21)
    at new MysqlDialect (D:\projets\projects\Backend\node_modules\sequelize\src\dialects\mysql\index.js:15:30)
    at new Sequelize (D:\projets\projects\Backend\node_modules\sequelize\src\sequelize.js:368:20)
    at D:\projets\projects\Backend\src\database\database.ts:11:18
    at Generator.next (<anonymous>)
    at D:\projets\projects\Backend\src\database\database.ts:8:71
    at new Promise (<anonymous>)
    at __awaiter (D:\projets\projects\Backend\src\database\database.ts:4:12)
    at sqlConnection (D:\projets\projects\Backend\src\database\database.ts:6:41)
2023-12-17 07:54:15 index.ts[info]: initializeRoutes() 
2023-12-17 07:54:15 index.ts[info]: SERVER listening on PORT:5000 
2023-12-17 07:54:59 index.ts[info]: initializeRoutes() 
2023-12-17 07:54:59 index.ts[info]: SERVER listening on PORT:5000 
2023-12-17 07:55:02 index.ts[info]: controller.admin.adminSignUp() 
2023-12-17 07:55:02 index.ts[debug]: controller.admin.adminSignUp() Object = {"firstName":"syed","lastName":"abbas","email":"syedabbas@gmail.com","password":"9999"} 
2023-12-17 07:55:02 index.ts[info]: helpers.data_mapping.admin.adminDataMapping() 
2023-12-17 07:55:02 index.ts[info]: services.auth.adminSignUp() ==>  
2023-12-17 07:55:02 index.ts[info]: data_stores_mysql_lib_user.checkEmailExist()  ==> 
2023-12-17 07:55:02 index.ts[error]: ERROR in executeQuery() => Error: Please install mysql2 package manually 
2023-12-17 07:55:02 index.ts[error]: ERROR occurred in data_stores_mysql_lib_user.checkEmailExist() Please install mysql2 package manually Error: Please install mysql2 package manually
    at ConnectionManager._loadDialectModule (D:\projets\projects\Backend\node_modules\sequelize\src\dialects\abstract\connection-manager.js:81:15)
    at new ConnectionManager (D:\projets\projects\Backend\node_modules\sequelize\src\dialects\mysql\connection-manager.js:25:21)
    at new MysqlDialect (D:\projets\projects\Backend\node_modules\sequelize\src\dialects\mysql\index.js:15:30)
    at new Sequelize (D:\projets\projects\Backend\node_modules\sequelize\src\sequelize.js:368:20)
    at D:\projets\projects\Backend\src\database\database.ts:11:18
    at Generator.next (<anonymous>)
    at D:\projets\projects\Backend\src\database\database.ts:8:71
    at new Promise (<anonymous>)
    at __awaiter (D:\projets\projects\Backend\src\database\database.ts:4:12)
    at sqlConnection (D:\projets\projects\Backend\src\database\database.ts:6:41)
2023-12-17 07:55:02 index.ts[error]: ERROR occurred in services.auth.adminSignUp Please install mysql2 package manually Error: Please install mysql2 package manually
    at ConnectionManager._loadDialectModule (D:\projets\projects\Backend\node_modules\sequelize\src\dialects\abstract\connection-manager.js:81:15)
    at new ConnectionManager (D:\projets\projects\Backend\node_modules\sequelize\src\dialects\mysql\connection-manager.js:25:21)
    at new MysqlDialect (D:\projets\projects\Backend\node_modules\sequelize\src\dialects\mysql\index.js:15:30)
    at new Sequelize (D:\projets\projects\Backend\node_modules\sequelize\src\sequelize.js:368:20)
    at D:\projets\projects\Backend\src\database\database.ts:11:18
    at Generator.next (<anonymous>)
    at D:\projets\projects\Backend\src\database\database.ts:8:71
    at new Promise (<anonymous>)
    at __awaiter (D:\projets\projects\Backend\src\database\database.ts:4:12)
    at sqlConnection (D:\projets\projects\Backend\src\database\database.ts:6:41)
2023-12-17 07:55:02 index.ts[info]: helper.response_builder.responseBuilder() 
2023-12-17 07:56:14 index.ts[info]: controller.admin.adminSignUp() 
2023-12-17 07:56:14 index.ts[debug]: controller.admin.adminSignUp() Object = {"firstName":"syed","lastName":"abbas","email":"syedabbas@gmail.com","password":"9999"} 
2023-12-17 07:56:14 index.ts[info]: helpers.data_mapping.admin.adminDataMapping() 
2023-12-17 07:56:14 index.ts[info]: services.auth.adminSignUp() ==>  
2023-12-17 07:56:14 index.ts[info]: data_stores_mysql_lib_user.checkEmailExist()  ==> 
2023-12-17 07:56:15 index.ts[error]: ERROR in executeQuery() => SequelizeDatabaseError: Table 'bing.admin' doesn't exist 
2023-12-17 07:56:15 index.ts[error]: ERROR occurred in data_stores_mysql_lib_user.checkEmailExist() Table 'bing.admin' doesn't exist Error
    at Query.run (D:\projets\projects\Backend\node_modules\sequelize\src\dialects\mysql\query.js:46:25)
    at D:\projets\projects\Backend\node_modules\sequelize\src\sequelize.js:650:28
    at processTicksAndRejections (node:internal/process/task_queues:95:5)
2023-12-17 07:56:15 index.ts[error]: ERROR occurred in services.auth.adminSignUp Table 'bing.admin' doesn't exist Error
    at Query.run (D:\projets\projects\Backend\node_modules\sequelize\src\dialects\mysql\query.js:46:25)
    at D:\projets\projects\Backend\node_modules\sequelize\src\sequelize.js:650:28
    at processTicksAndRejections (node:internal/process/task_queues:95:5)
2023-12-17 07:56:15 index.ts[info]: helper.response_builder.responseBuilder() 
2023-12-17 07:57:12 index.ts[info]: initializeRoutes() 
2023-12-17 07:57:12 index.ts[info]: SERVER listening on PORT:5000 
2023-12-17 07:57:23 index.ts[info]: controller.admin.adminSignUp() 
2023-12-17 07:57:23 index.ts[debug]: controller.admin.adminSignUp() Object = {"firstName":"syed","lastName":"abbas","email":"syedabbas@gmail.com","password":"9999"} 
2023-12-17 07:57:23 index.ts[info]: helpers.data_mapping.admin.adminDataMapping() 
2023-12-17 07:57:23 index.ts[info]: services.auth.adminSignUp() ==>  
2023-12-17 07:57:23 index.ts[info]: data_stores_mysql_lib_user.checkEmailExist()  ==> 
2023-12-17 07:57:24 index.ts[info]: helper.response_builder.responseBuilder() 
2023-12-17 07:59:52 index.ts[info]: initializeRoutes() 
2023-12-17 07:59:52 index.ts[info]: SERVER listening on PORT:5000 
2023-12-17 08:00:08 index.ts[info]: controller.admin.adminSignUp() 
2023-12-17 08:00:08 index.ts[debug]: controller.admin.adminSignUp() Object = {"firstName":"syed","lastName":"abbas","email":"syedabbas@gmail.com","password":"9999"} 
2023-12-17 08:00:08 index.ts[info]: helpers.data_mapping.admin.adminDataMapping() 
2023-12-17 08:00:08 index.ts[info]: services.auth.adminSignUp() ==>  
2023-12-17 08:00:08 index.ts[info]: data_stores_mysql_lib_user.checkEmailExist()  ==> 
2023-12-17 08:00:09 index.ts[info]: data_stores_mysql_lib_user.adminSignUp() 
2023-12-17 08:00:09 index.ts[error]: ERROR in executeQuery() => Error: Named replacement ":firstName" has no entry in the replacement map. 
2023-12-17 08:00:09 index.ts[error]: ERROR occurred in data_stores_mysql_lib_user.adminSignUp() Named replacement ":firstName" has no entry in the replacement map. Error: Named replacement ":firstName" has no entry in the replacement map.
    at injectReplacements (D:\projets\projects\Backend\node_modules\sequelize\src\utils\sql.ts:176:15)
    at Sequelize.query (D:\projets\projects\Backend\node_modules\sequelize\src\sequelize.js:612:13)
    at D:\projets\projects\Backend\src\database\helpers\sql.query.util.ts:11:45
    at Generator.next (<anonymous>)
    at fulfilled (D:\projets\projects\Backend\src\database\helpers\sql.query.util.ts:5:58)
2023-12-17 08:00:09 index.ts[error]: ERROR occurred in services.auth.adminSignUp Named replacement ":firstName" has no entry in the replacement map. Error: Named replacement ":firstName" has no entry in the replacement map.
    at injectReplacements (D:\projets\projects\Backend\node_modules\sequelize\src\utils\sql.ts:176:15)
    at Sequelize.query (D:\projets\projects\Backend\node_modules\sequelize\src\sequelize.js:612:13)
    at D:\projets\projects\Backend\src\database\helpers\sql.query.util.ts:11:45
    at Generator.next (<anonymous>)
    at fulfilled (D:\projets\projects\Backend\src\database\helpers\sql.query.util.ts:5:58)
2023-12-17 08:00:09 index.ts[info]: helper.response_builder.responseBuilder() 
2023-12-17 08:02:04 index.ts[info]: initializeRoutes() 
2023-12-17 08:02:04 index.ts[info]: SERVER listening on PORT:5000 
2023-12-17 08:02:09 index.ts[info]: controller.admin.adminSignUp() 
2023-12-17 08:02:09 index.ts[debug]: controller.admin.adminSignUp() Object = {"firstName":"syed","lastName":"abbas","email":"syedabbas@gmail.com","password":"9999"} 
2023-12-17 08:02:09 index.ts[info]: helpers.data_mapping.admin.adminDataMapping() 
2023-12-17 08:02:09 index.ts[info]: services.auth.adminSignUp() ==>  
2023-12-17 08:02:09 index.ts[info]: data_stores_mysql_lib_user.checkEmailExist()  ==> 
2023-12-17 08:02:10 index.ts[info]: data_stores_mysql_lib_user.adminSignUp() 
2023-12-17 08:02:10 index.ts[error]: ERROR in executeQuery() => Error: Named replacement ":firstName" has no entry in the replacement map. 
2023-12-17 08:02:10 index.ts[error]: ERROR occurred in data_stores_mysql_lib_user.adminSignUp() Named replacement ":firstName" has no entry in the replacement map. Error: Named replacement ":firstName" has no entry in the replacement map.
    at injectReplacements (D:\projets\projects\Backend\node_modules\sequelize\src\utils\sql.ts:176:15)
    at Sequelize.query (D:\projets\projects\Backend\node_modules\sequelize\src\sequelize.js:612:13)
    at D:\projets\projects\Backend\src\database\helpers\sql.query.util.ts:11:45
    at Generator.next (<anonymous>)
    at fulfilled (D:\projets\projects\Backend\src\database\helpers\sql.query.util.ts:5:58)
2023-12-17 08:02:10 index.ts[error]: ERROR occurred in services.auth.adminSignUp Named replacement ":firstName" has no entry in the replacement map. Error: Named replacement ":firstName" has no entry in the replacement map.
    at injectReplacements (D:\projets\projects\Backend\node_modules\sequelize\src\utils\sql.ts:176:15)
    at Sequelize.query (D:\projets\projects\Backend\node_modules\sequelize\src\sequelize.js:612:13)
    at D:\projets\projects\Backend\src\database\helpers\sql.query.util.ts:11:45
    at Generator.next (<anonymous>)
    at fulfilled (D:\projets\projects\Backend\src\database\helpers\sql.query.util.ts:5:58)
2023-12-17 08:02:10 index.ts[info]: helper.response_builder.responseBuilder() 
2023-12-17 08:03:12 index.ts[info]: initializeRoutes() 
2023-12-17 08:03:12 index.ts[info]: SERVER listening on PORT:5000 
2023-12-17 08:05:05 index.ts[info]: initializeRoutes() 
2023-12-17 08:05:05 index.ts[info]: SERVER listening on PORT:5000 
2023-12-17 08:05:07 index.ts[info]: controller.admin.adminSignUp() 
2023-12-17 08:05:07 index.ts[debug]: controller.admin.adminSignUp() Object = {"firstName":"syed","lastName":"abbas","email":"syedabbas@gmail.com","password":"9999"} 
2023-12-17 08:05:07 index.ts[info]: helpers.data_mapping.admin.adminDataMapping() 
2023-12-17 08:05:07 index.ts[info]: services.auth.adminSignUp() ==>  
2023-12-17 08:05:07 index.ts[info]: data_stores_mysql_lib_user.checkEmailExist()  ==> 
2023-12-17 08:05:08 index.ts[info]: data_stores_mysql_lib_user.adminSignUp() 
2023-12-17 08:05:08 index.ts[error]: ERROR in executeQuery() => Error: Named replacement ":firstName" has no entry in the replacement map. 
2023-12-17 08:05:08 index.ts[error]: ERROR occurred in data_stores_mysql_lib_user.adminSignUp() Named replacement ":firstName" has no entry in the replacement map. Error: Named replacement ":firstName" has no entry in the replacement map.
    at injectReplacements (D:\projets\projects\Backend\node_modules\sequelize\src\utils\sql.ts:176:15)
    at Sequelize.query (D:\projets\projects\Backend\node_modules\sequelize\src\sequelize.js:612:13)
    at D:\projets\projects\Backend\src\database\helpers\sql.query.util.ts:11:45
    at Generator.next (<anonymous>)
    at fulfilled (D:\projets\projects\Backend\src\database\helpers\sql.query.util.ts:5:58)
2023-12-17 08:05:08 index.ts[error]: ERROR occurred in services.auth.adminSignUp Named replacement ":firstName" has no entry in the replacement map. Error: Named replacement ":firstName" has no entry in the replacement map.
    at injectReplacements (D:\projets\projects\Backend\node_modules\sequelize\src\utils\sql.ts:176:15)
    at Sequelize.query (D:\projets\projects\Backend\node_modules\sequelize\src\sequelize.js:612:13)
    at D:\projets\projects\Backend\src\database\helpers\sql.query.util.ts:11:45
    at Generator.next (<anonymous>)
    at fulfilled (D:\projets\projects\Backend\src\database\helpers\sql.query.util.ts:5:58)
2023-12-17 08:05:08 index.ts[info]: helper.response_builder.responseBuilder() 
2023-12-17 08:06:21 index.ts[info]: initializeRoutes() 
2023-12-17 08:06:21 index.ts[info]: SERVER listening on PORT:5000 
2023-12-17 08:06:23 index.ts[info]: controller.admin.adminSignUp() 
2023-12-17 08:06:23 index.ts[debug]: controller.admin.adminSignUp() Object = {"firstName":"syed","lastName":"abbas","email":"syedabbas@gmail.com","password":"9999"} 
2023-12-17 08:06:23 index.ts[info]: helpers.data_mapping.admin.adminDataMapping() 
2023-12-17 08:06:23 index.ts[info]: services.auth.adminSignUp() ==>  
2023-12-17 08:06:23 index.ts[info]: data_stores_mysql_lib_user.checkEmailExist()  ==> 
2023-12-17 08:06:24 index.ts[info]: data_stores_mysql_lib_user.adminSignUp() 
2023-12-17 08:06:24 index.ts[error]: ERROR in executeQuery() => SequelizeDatabaseError: Data too long for column 'PASSWORD' at row 1 
2023-12-17 08:06:24 index.ts[error]: ERROR occurred in data_stores_mysql_lib_user.adminSignUp() Data too long for column 'PASSWORD' at row 1 Error
    at Query.run (D:\projets\projects\Backend\node_modules\sequelize\src\dialects\mysql\query.js:46:25)
    at D:\projets\projects\Backend\node_modules\sequelize\src\sequelize.js:650:28
2023-12-17 08:06:24 index.ts[error]: ERROR occurred in services.auth.adminSignUp Data too long for column 'PASSWORD' at row 1 Error
    at Query.run (D:\projets\projects\Backend\node_modules\sequelize\src\dialects\mysql\query.js:46:25)
    at D:\projets\projects\Backend\node_modules\sequelize\src\sequelize.js:650:28
2023-12-17 08:06:24 index.ts[info]: helper.response_builder.responseBuilder() 
2023-12-17 08:07:33 index.ts[info]: initializeRoutes() 
2023-12-17 08:07:34 index.ts[info]: SERVER listening on PORT:5000 
2023-12-17 08:07:37 index.ts[info]: controller.admin.adminSignUp() 
2023-12-17 08:07:37 index.ts[debug]: controller.admin.adminSignUp() Object = {"firstName":"syed","lastName":"abbas","email":"syedabbas@gmail.com","password":"9999"} 
2023-12-17 08:07:37 index.ts[info]: helpers.data_mapping.admin.adminDataMapping() 
2023-12-17 08:07:37 index.ts[info]: services.auth.adminSignUp() ==>  
2023-12-17 08:07:37 index.ts[info]: data_stores_mysql_lib_user.checkEmailExist()  ==> 
2023-12-17 08:07:38 index.ts[info]: data_stores_mysql_lib_user.adminSignUp() 
2023-12-17 08:07:38 index.ts[error]: ERROR in executeQuery() => SequelizeDatabaseError: Data too long for column 'PASSWORD' at row 1 
2023-12-17 08:07:38 index.ts[error]: ERROR occurred in data_stores_mysql_lib_user.adminSignUp() Data too long for column 'PASSWORD' at row 1 Error
    at Query.run (D:\projets\projects\Backend\node_modules\sequelize\src\dialects\mysql\query.js:46:25)
    at D:\projets\projects\Backend\node_modules\sequelize\src\sequelize.js:650:28
2023-12-17 08:07:38 index.ts[error]: ERROR occurred in services.auth.adminSignUp Data too long for column 'PASSWORD' at row 1 Error
    at Query.run (D:\projets\projects\Backend\node_modules\sequelize\src\dialects\mysql\query.js:46:25)
    at D:\projets\projects\Backend\node_modules\sequelize\src\sequelize.js:650:28
2023-12-17 08:07:38 index.ts[info]: helper.response_builder.responseBuilder() 
2023-12-17 08:08:25 index.ts[info]: controller.admin.adminSignUp() 
2023-12-17 08:08:25 index.ts[debug]: controller.admin.adminSignUp() Object = {"firstName":"syed","lastName":"abbas","email":"syedabbas@gmail.com","password":"9999"} 
2023-12-17 08:08:25 index.ts[info]: helpers.data_mapping.admin.adminDataMapping() 
2023-12-17 08:08:25 index.ts[info]: services.auth.adminSignUp() ==>  
2023-12-17 08:08:25 index.ts[info]: data_stores_mysql_lib_user.checkEmailExist()  ==> 
2023-12-17 08:08:25 index.ts[info]: data_stores_mysql_lib_user.adminSignUp() 
2023-12-17 08:08:25 index.ts[error]: ERROR in executeQuery() => SequelizeDatabaseError: Data too long for column 'PASSWORD' at row 1 
2023-12-17 08:08:25 index.ts[error]: ERROR occurred in data_stores_mysql_lib_user.adminSignUp() Data too long for column 'PASSWORD' at row 1 Error
    at Query.run (D:\projets\projects\Backend\node_modules\sequelize\src\dialects\mysql\query.js:46:25)
    at D:\projets\projects\Backend\node_modules\sequelize\src\sequelize.js:650:28
2023-12-17 08:08:25 index.ts[error]: ERROR occurred in services.auth.adminSignUp Data too long for column 'PASSWORD' at row 1 Error
    at Query.run (D:\projets\projects\Backend\node_modules\sequelize\src\dialects\mysql\query.js:46:25)
    at D:\projets\projects\Backend\node_modules\sequelize\src\sequelize.js:650:28
2023-12-17 08:08:25 index.ts[info]: helper.response_builder.responseBuilder() 
2023-12-17 08:08:51 index.ts[info]: controller.admin.adminSignUp() 
2023-12-17 08:08:51 index.ts[debug]: controller.admin.adminSignUp() Object = {"firstName":"syed","lastName":"abbas","email":"syedabbas@gmail.com","password":"9999"} 
2023-12-17 08:08:51 index.ts[info]: helpers.data_mapping.admin.adminDataMapping() 
2023-12-17 08:08:51 index.ts[info]: services.auth.adminSignUp() ==>  
2023-12-17 08:08:51 index.ts[info]: data_stores_mysql_lib_user.checkEmailExist()  ==> 
2023-12-17 08:08:51 index.ts[info]: data_stores_mysql_lib_user.adminSignUp() 
2023-12-17 08:08:51 index.ts[info]: helper.response_builder.responseBuilder() 
2023-12-17 08:08:56 index.ts[info]: controller.admin.adminSignUp() 
2023-12-17 08:08:56 index.ts[debug]: controller.admin.adminSignUp() Object = {"firstName":"syed","lastName":"abbas","email":"syedabbas@gmail.com","password":"9999"} 
2023-12-17 08:08:56 index.ts[info]: helpers.data_mapping.admin.adminDataMapping() 
2023-12-17 08:08:56 index.ts[info]: services.auth.adminSignUp() ==>  
2023-12-17 08:08:56 index.ts[info]: data_stores_mysql_lib_user.checkEmailExist()  ==> 
2023-12-17 08:08:56 index.ts[info]: helper.response_builder.responseBuilder() 
2023-12-17 08:11:11 index.ts[info]: initializeRoutes() 
2023-12-17 08:11:11 index.ts[info]: SERVER listening on PORT:5000 
2023-12-17 08:12:36 index.ts[info]: initializeRoutes() 
2023-12-17 08:12:36 index.ts[info]: SERVER listening on PORT:5000 
2023-12-17 08:17:59 index.ts[info]: initializeRoutes() 
2023-12-17 08:17:59 index.ts[info]: SERVER listening on PORT:5000 
2023-12-17 08:18:14 index.ts[info]: controller.admin.adminLogin() 
2023-12-17 08:18:14 index.ts[debug]: controller.admin.adminLogin() Object = {"email":"syedabbas@gmail.com","password":"9999"} 
2023-12-17 08:18:14 index.ts[info]: helpers.data_mapping.admin.AdminLoginDataMapping() 
2023-12-17 08:18:14 index.ts[info]: services.auth.loginAdmin() ==>  
2023-12-17 08:18:14 index.ts[info]: data_stores_mysql_lib_user.checkEmailExist()  ==> 
2023-12-17 08:18:15 index.ts[error]: ERROR occurred in services.auth.adminLogin Cannot read properties of undefined (reading 'uid') TypeError: Cannot read properties of undefined (reading 'uid')
    at Object.<anonymous> (D:\projets\projects\Backend\src\services\adminServices.ts:66:73)
    at Generator.next (<anonymous>)
    at fulfilled (D:\projets\projects\Backend\src\services\adminServices.ts:28:58)
2023-12-17 08:18:15 index.ts[info]: helper.response_builder.responseBuilder() 
2023-12-17 08:19:24 index.ts[info]: initializeRoutes() 
2023-12-17 08:19:24 index.ts[info]: SERVER listening on PORT:5000 
2023-12-17 08:19:26 index.ts[info]: controller.admin.adminLogin() 
2023-12-17 08:19:26 index.ts[debug]: controller.admin.adminLogin() Object = {"email":"syedabbas@gmail.com","password":"9999"} 
2023-12-17 08:19:26 index.ts[info]: helpers.data_mapping.admin.AdminLoginDataMapping() 
2023-12-17 08:19:26 index.ts[info]: services.auth.loginAdmin() ==>  
2023-12-17 08:19:26 index.ts[info]: data_stores_mysql_lib_user.checkEmailExist()  ==> 
2023-12-17 08:19:27 index.ts[error]: ERROR occurred in services.auth.adminLogin Cannot read properties of undefined (reading 'uuid') TypeError: Cannot read properties of undefined (reading 'uuid')
    at Object.<anonymous> (D:\projets\projects\Backend\src\services\adminServices.ts:66:73)
    at Generator.next (<anonymous>)
    at fulfilled (D:\projets\projects\Backend\src\services\adminServices.ts:28:58)
2023-12-17 08:19:27 index.ts[info]: helper.response_builder.responseBuilder() 
2023-12-17 08:20:00 index.ts[info]: initializeRoutes() 
2023-12-17 08:20:00 index.ts[info]: SERVER listening on PORT:5000 
2023-12-17 08:20:01 index.ts[info]: controller.admin.adminLogin() 
2023-12-17 08:20:01 index.ts[debug]: controller.admin.adminLogin() Object = {"email":"syedabbas@gmail.com","password":"9999"} 
2023-12-17 08:20:01 index.ts[info]: helpers.data_mapping.admin.AdminLoginDataMapping() 
2023-12-17 08:20:01 index.ts[info]: services.auth.loginAdmin() ==>  
2023-12-17 08:20:01 index.ts[info]: data_stores_mysql_lib_user.checkEmailExist()  ==> 
2023-12-17 08:20:02 index.ts[info]: helper.response_builder.responseBuilder() 
2023-12-17 08:20:08 index.ts[info]: controller.admin.adminLogin() 
2023-12-17 08:20:08 index.ts[debug]: controller.admin.adminLogin() Object = {"email":"syedabbas@gmail.com1","password":"9999"} 
2023-12-17 08:20:08 index.ts[info]: helpers.data_mapping.admin.AdminLoginDataMapping() 
2023-12-17 08:20:08 index.ts[info]: services.auth.loginAdmin() ==>  
2023-12-17 08:20:08 index.ts[info]: data_stores_mysql_lib_user.checkEmailExist()  ==> 
2023-12-17 08:20:08 index.ts[error]: ERROR occurred in services.auth.adminLogin Cannot read properties of undefined (reading 'id') TypeError: Cannot read properties of undefined (reading 'id')
    at Object.<anonymous> (D:\projets\projects\Backend\src\services\adminServices.ts:48:35)
    at Generator.next (<anonymous>)
    at fulfilled (D:\projets\projects\Backend\src\services\adminServices.ts:28:58)
    at processTicksAndRejections (node:internal/process/task_queues:95:5)
2023-12-17 08:20:08 index.ts[info]: helper.response_builder.responseBuilder() 
2023-12-17 08:21:07 index.ts[info]: initializeRoutes() 
2023-12-17 08:21:07 index.ts[info]: SERVER listening on PORT:5000 
2023-12-17 08:21:09 index.ts[info]: controller.admin.adminLogin() 
2023-12-17 08:21:09 index.ts[debug]: controller.admin.adminLogin() Object = {"email":"syedabbas@gmail.com1","password":"9999"} 
2023-12-17 08:21:09 index.ts[info]: helpers.data_mapping.admin.AdminLoginDataMapping() 
2023-12-17 08:21:09 index.ts[info]: services.auth.loginAdmin() ==>  
2023-12-17 08:21:09 index.ts[info]: data_stores_mysql_lib_user.checkEmailExist()  ==> 
2023-12-17 08:21:09 index.ts[info]: helper.response_builder.responseBuilder() 
2023-12-17 08:21:57 index.ts[info]: initializeRoutes() 
2023-12-17 08:21:57 index.ts[info]: SERVER listening on PORT:5000 
2023-12-17 08:25:29 index.ts[info]: initializeRoutes() 
2023-12-17 08:25:29 index.ts[info]: SERVER listening on PORT:5000 
2023-12-17 08:25:37 index.ts[info]: controller.admin.adminLogin() 
2023-12-17 08:25:37 index.ts[debug]: controller.admin.adminLogin() Object = {"email":"syedabbas@gmail.com1","password":"9999"} 
2023-12-17 08:25:37 index.ts[info]: helpers.data_mapping.admin.AdminLoginDataMapping() 
2023-12-17 08:25:37 index.ts[info]: services.auth.loginAdmin() ==>  
2023-12-17 08:25:37 index.ts[info]: data_stores_mysql_lib_user.checkEmailExist()  ==> 
2023-12-17 08:25:38 index.ts[info]: helper.response_builder.responseBuilder() 
