2024-01-02 07:28:47 index.ts[info]: initializeRoutes() 
2024-01-02 07:28:47 index.ts[info]: SERVER listening on PORT:5000 
2024-01-02 07:28:55 index.ts[info]: controller.admin.getSingleMessage() 
2024-01-02 07:28:55 index.ts[debug]: controller.admin.getSingleMessage() Object = {} 
2024-01-02 07:28:55 index.ts[info]: services.admin.theater.getSingleMessage() ==>  
2024-01-02 07:28:55 index.ts[info]: data_stores_mysql_lib_user_contactUs.getSingleMessage() 
2024-01-02 07:29:00 index.ts[info]: helper.response_builder.responseBuilder() 
2024-01-02 07:33:06 index.ts[info]: initializeRoutes() 
2024-01-02 07:33:06 index.ts[info]: SERVER listening on PORT:5000 
2024-01-02 07:49:19 index.ts[info]: initializeRoutes() 
2024-01-02 07:49:19 index.ts[info]: SERVER listening on PORT:5000 
2024-01-02 07:51:06 index.ts[info]: initializeRoutes() 
2024-01-02 07:51:06 index.ts[info]: SERVER listening on PORT:5000 
2024-01-02 07:51:44 index.ts[info]: initializeRoutes() 
2024-01-02 07:51:44 index.ts[info]: SERVER listening on PORT:5000 
2024-01-02 07:52:14 index.ts[info]: initializeRoutes() 
2024-01-02 07:52:14 index.ts[info]: SERVER listening on PORT:5000 
2024-01-02 07:52:31 index.ts[info]: initializeRoutes() 
2024-01-02 07:52:31 index.ts[info]: SERVER listening on PORT:5000 
2024-01-02 07:53:30 index.ts[info]: initializeRoutes() 
2024-01-02 07:53:30 index.ts[info]: SERVER listening on PORT:5000 
2024-01-02 07:53:54 index.ts[info]: initializeRoutes() 
2024-01-02 07:53:54 index.ts[info]: SERVER listening on PORT:5000 
2024-01-02 07:55:12 index.ts[info]: initializeRoutes() 
2024-01-02 07:55:12 index.ts[info]: SERVER listening on PORT:5000 
2024-01-02 07:55:38 index.ts[info]: initializeRoutes() 
2024-01-02 07:55:38 index.ts[info]: SERVER listening on PORT:5000 
2024-01-02 07:56:13 index.ts[info]: initializeRoutes() 
2024-01-02 07:56:13 index.ts[info]: SERVER listening on PORT:5000 
2024-01-02 07:56:20 index.ts[info]: initializeRoutes() 
2024-01-02 07:56:20 index.ts[info]: SERVER listening on PORT:5000 
2024-01-02 07:56:32 index.ts[info]: initializeRoutes() 
2024-01-02 07:56:32 index.ts[info]: SERVER listening on PORT:5000 
2024-01-02 07:57:23 index.ts[info]: initializeRoutes() 
2024-01-02 07:57:23 index.ts[info]: SERVER listening on PORT:5000 
2024-01-02 07:58:39 index.ts[info]: controller.admin.bookingSlots() 
2024-01-02 07:58:39 index.ts[debug]: controller.admin.bookingSlots() Object = {} 
2024-01-02 07:58:39 index.ts[info]: services.admin.theater.bookingSlots() ==>  
2024-01-02 07:58:39 index.ts[info]: data_stores_mysql_lib_user_Theater.bookingSlots() 
2024-01-02 07:58:46 index.ts[error]: ERROR in executeQuery() => Error: Named replacement ":theaterId" has no entry in the replacement map. 
2024-01-02 07:58:46 index.ts[error]: ERROR occurred in data_stores_mysql_lib_user_Theater.bookingSlots() Named replacement ":theaterId" has no entry in the replacement map. Error: Named replacement ":theaterId" has no entry in the replacement map.
    at injectReplacements (D:\projets\projects\Backend\node_modules\sequelize\src\utils\sql.ts:176:15)
    at Sequelize.query (D:\projets\projects\Backend\node_modules\sequelize\src\sequelize.js:612:13)
    at D:\projets\projects\Backend\src\database\helpers\sql.query.util.ts:11:45
    at Generator.next (<anonymous>)
    at fulfilled (D:\projets\projects\Backend\src\database\helpers\sql.query.util.ts:5:58)
    at processTicksAndRejections (node:internal/process/task_queues:95:5)
2024-01-02 07:58:46 index.ts[error]: ERROR occurred in services.admin.theater.bookingSlots Named replacement ":theaterId" has no entry in the replacement map. Error: Named replacement ":theaterId" has no entry in the replacement map.
    at injectReplacements (D:\projets\projects\Backend\node_modules\sequelize\src\utils\sql.ts:176:15)
    at Sequelize.query (D:\projets\projects\Backend\node_modules\sequelize\src\sequelize.js:612:13)
    at D:\projets\projects\Backend\src\database\helpers\sql.query.util.ts:11:45
    at Generator.next (<anonymous>)
    at fulfilled (D:\projets\projects\Backend\src\database\helpers\sql.query.util.ts:5:58)
    at processTicksAndRejections (node:internal/process/task_queues:95:5)
2024-01-02 07:58:46 index.ts[info]: helper.response_builder.responseBuilder() 
2024-01-02 08:04:32 index.ts[info]: controller.admin.bookingSlots() 
2024-01-02 08:04:32 index.ts[debug]: controller.admin.bookingSlots() Object = {"theater_id":1,"start_time":"2023-01-01T10:00:00","end_time":"2023-01-01T12:00:00","booked_date":"2023-01-01","is_booked":false} 
2024-01-02 08:04:32 index.ts[info]: services.admin.theater.bookingSlots() ==>  
2024-01-02 08:04:32 index.ts[info]: data_stores_mysql_lib_user_Theater.bookingSlots() 
2024-01-02 08:04:32 index.ts[error]: ERROR in executeQuery() => Error: Named replacement ":theaterId" has no entry in the replacement map. 
2024-01-02 08:04:32 index.ts[error]: ERROR occurred in data_stores_mysql_lib_user_Theater.bookingSlots() Named replacement ":theaterId" has no entry in the replacement map. Error: Named replacement ":theaterId" has no entry in the replacement map.
    at injectReplacements (D:\projets\projects\Backend\node_modules\sequelize\src\utils\sql.ts:176:15)
    at Sequelize.query (D:\projets\projects\Backend\node_modules\sequelize\src\sequelize.js:612:13)
    at D:\projets\projects\Backend\src\database\helpers\sql.query.util.ts:11:45
    at Generator.next (<anonymous>)
    at fulfilled (D:\projets\projects\Backend\src\database\helpers\sql.query.util.ts:5:58)
    at processTicksAndRejections (node:internal/process/task_queues:95:5)
2024-01-02 08:04:32 index.ts[error]: ERROR occurred in services.admin.theater.bookingSlots Named replacement ":theaterId" has no entry in the replacement map. Error: Named replacement ":theaterId" has no entry in the replacement map.
    at injectReplacements (D:\projets\projects\Backend\node_modules\sequelize\src\utils\sql.ts:176:15)
    at Sequelize.query (D:\projets\projects\Backend\node_modules\sequelize\src\sequelize.js:612:13)
    at D:\projets\projects\Backend\src\database\helpers\sql.query.util.ts:11:45
    at Generator.next (<anonymous>)
    at fulfilled (D:\projets\projects\Backend\src\database\helpers\sql.query.util.ts:5:58)
    at processTicksAndRejections (node:internal/process/task_queues:95:5)
2024-01-02 08:04:32 index.ts[info]: helper.response_builder.responseBuilder() 
2024-01-02 08:05:39 index.ts[info]: initializeRoutes() 
2024-01-02 08:05:39 index.ts[info]: SERVER listening on PORT:5000 
2024-01-02 08:05:45 index.ts[info]: controller.admin.bookingSlots() 
2024-01-02 08:05:45 index.ts[debug]: controller.admin.bookingSlots() Object = {"theaterId":1,"startTime":"2023-01-01T10:00:00","endime":"2023-01-01T12:00:00","bookedDate":"2023-01-01","is_booked":false} 
2024-01-02 08:05:45 index.ts[info]: services.admin.theater.bookingSlots() ==>  
2024-01-02 08:05:45 index.ts[info]: data_stores_mysql_lib_user_Theater.bookingSlots() 
2024-01-02 08:05:51 index.ts[error]: ERROR in executeQuery() => Error: Named replacement ":endTime" has no entry in the replacement map. 
2024-01-02 08:05:51 index.ts[error]: ERROR occurred in data_stores_mysql_lib_user_Theater.bookingSlots() Named replacement ":endTime" has no entry in the replacement map. Error: Named replacement ":endTime" has no entry in the replacement map.
    at injectReplacements (D:\projets\projects\Backend\node_modules\sequelize\src\utils\sql.ts:176:15)
    at Sequelize.query (D:\projets\projects\Backend\node_modules\sequelize\src\sequelize.js:612:13)
    at D:\projets\projects\Backend\src\database\helpers\sql.query.util.ts:11:45
    at Generator.next (<anonymous>)
    at fulfilled (D:\projets\projects\Backend\src\database\helpers\sql.query.util.ts:5:58)
    at processTicksAndRejections (node:internal/process/task_queues:95:5)
2024-01-02 08:05:51 index.ts[error]: ERROR occurred in services.admin.theater.bookingSlots Named replacement ":endTime" has no entry in the replacement map. Error: Named replacement ":endTime" has no entry in the replacement map.
    at injectReplacements (D:\projets\projects\Backend\node_modules\sequelize\src\utils\sql.ts:176:15)
    at Sequelize.query (D:\projets\projects\Backend\node_modules\sequelize\src\sequelize.js:612:13)
    at D:\projets\projects\Backend\src\database\helpers\sql.query.util.ts:11:45
    at Generator.next (<anonymous>)
    at fulfilled (D:\projets\projects\Backend\src\database\helpers\sql.query.util.ts:5:58)
    at processTicksAndRejections (node:internal/process/task_queues:95:5)
2024-01-02 08:05:51 index.ts[info]: helper.response_builder.responseBuilder() 
2024-01-02 08:06:14 index.ts[info]: controller.admin.bookingSlots() 
2024-01-02 08:06:14 index.ts[debug]: controller.admin.bookingSlots() Object = {"theaterId":1,"startTime":"2023-01-01T10:00:00","endTime":"2023-01-01T12:00:00","bookedDate":"2023-01-01","is_booked":false} 
2024-01-02 08:06:14 index.ts[info]: services.admin.theater.bookingSlots() ==>  
2024-01-02 08:06:14 index.ts[info]: data_stores_mysql_lib_user_Theater.bookingSlots() 
2024-01-02 08:06:16 index.ts[error]: ERROR in executeQuery() => SequelizeForeignKeyConstraintError: insert or update on table "BOOKING_SLOTS" violates foreign key constraint "bookingslots_theater_id_fkey" 
2024-01-02 08:06:16 index.ts[error]: ERROR occurred in data_stores_mysql_lib_user_Theater.bookingSlots() insert or update on table "BOOKING_SLOTS" violates foreign key constraint "bookingslots_theater_id_fkey" Error
    at Query.run (D:\projets\projects\Backend\node_modules\sequelize\src\dialects\postgres\query.js:76:25)
    at D:\projets\projects\Backend\node_modules\sequelize\src\sequelize.js:650:28
    at processTicksAndRejections (node:internal/process/task_queues:95:5)
2024-01-02 08:06:16 index.ts[error]: ERROR occurred in services.admin.theater.bookingSlots insert or update on table "BOOKING_SLOTS" violates foreign key constraint "bookingslots_theater_id_fkey" Error
    at Query.run (D:\projets\projects\Backend\node_modules\sequelize\src\dialects\postgres\query.js:76:25)
    at D:\projets\projects\Backend\node_modules\sequelize\src\sequelize.js:650:28
    at processTicksAndRejections (node:internal/process/task_queues:95:5)
2024-01-02 08:06:16 index.ts[info]: helper.response_builder.responseBuilder() 
2024-01-02 08:07:25 index.ts[info]: controller-admin-theaterController.getListOfTheater() 
2024-01-02 08:07:25 index.ts[debug]: controller-admin-theaterController.getListOfTheater() Object = {} 
2024-01-02 08:07:25 index.ts[info]: services.admin.theater.getListOfTheater() ==>  
2024-01-02 08:07:25 index.ts[info]: data_stores_mysql_lib_user.getListOfTheater() 
2024-01-02 08:07:28 index.ts[info]: helper.response_builder.responseBuilder() 
2024-01-02 08:07:42 index.ts[info]: controller.admin.bookingSlots() 
2024-01-02 08:07:42 index.ts[debug]: controller.admin.bookingSlots() Object = {"theaterId":5,"startTime":"2023-01-01T10:00:00","endTime":"2023-01-01T12:00:00","bookedDate":"2023-01-01","is_booked":false} 
2024-01-02 08:07:42 index.ts[info]: services.admin.theater.bookingSlots() ==>  
2024-01-02 08:07:42 index.ts[info]: data_stores_mysql_lib_user_Theater.bookingSlots() 
2024-01-02 08:07:45 index.ts[info]: helper.response_builder.responseBuilder() 
2024-01-02 08:30:45 index.ts[info]: initializeRoutes() 
2024-01-02 08:30:45 index.ts[info]: SERVER listening on PORT:5000 
2024-01-02 08:30:54 index.ts[info]: initializeRoutes() 
2024-01-02 08:30:54 index.ts[info]: SERVER listening on PORT:5000 
2024-01-02 08:31:04 index.ts[info]: initializeRoutes() 
2024-01-02 08:31:04 index.ts[info]: SERVER listening on PORT:5000 
2024-01-02 08:31:08 index.ts[info]: controller.admin.bookingSlots() 
2024-01-02 08:31:08 index.ts[debug]: controller.admin.bookingSlots() Object = {"theaterId":5,"startTime":"2023-01-01T10:00:00","endTime":"2023-01-01T12:00:00","bookedDate":"2023-01-01","is_booked":false} 
2024-01-02 08:31:08 index.ts[info]: services.admin.theater.bookingSlots() ==>  
2024-01-02 08:31:08 index.ts[info]: data_stores_mysql_lib_user_Theater.bookingSlots() 
2024-01-02 08:31:14 index.ts[info]: helper.response_builder.responseBuilder() 
2024-01-02 08:31:33 index.ts[info]: initializeRoutes() 
2024-01-02 08:31:33 index.ts[info]: SERVER listening on PORT:5000 
2024-01-02 08:36:56 index.ts[info]: initializeRoutes() 
2024-01-02 08:36:56 index.ts[info]: SERVER listening on PORT:5000 
2024-01-02 08:37:35 index.ts[info]: initializeRoutes() 
2024-01-02 08:37:35 index.ts[info]: SERVER listening on PORT:5000 
2024-01-02 08:38:11 index.ts[info]: controller.admin.getListBookedSlots() 
2024-01-02 08:38:11 index.ts[debug]: controller.admin.getListBookedSlots() Object = {} 
2024-01-02 08:38:11 index.ts[info]: services.admin.theater.getListMessage() ==>  
2024-01-02 08:38:11 index.ts[info]: data_stores_mysql_lib_user_Theater.getListBookedSlots() 
2024-01-02 08:38:16 index.ts[info]: helper.response_builder.responseBuilder() 
2024-01-02 08:39:31 index.ts[info]: initializeRoutes() 
2024-01-02 08:39:31 index.ts[info]: SERVER listening on PORT:5000 
2024-01-02 08:40:15 index.ts[info]: initializeRoutes() 
2024-01-02 08:40:15 index.ts[info]: SERVER listening on PORT:5000 
2024-01-02 08:41:05 index.ts[info]: initializeRoutes() 
2024-01-02 08:41:05 index.ts[info]: SERVER listening on PORT:5000 
2024-01-02 08:43:01 index.ts[info]: initializeRoutes() 
2024-01-02 08:43:01 index.ts[info]: SERVER listening on PORT:5000 
2024-01-02 08:43:49 index.ts[info]: initializeRoutes() 
2024-01-02 08:43:49 index.ts[info]: SERVER listening on PORT:5000 
2024-01-02 08:44:14 index.ts[info]: initializeRoutes() 
2024-01-02 08:44:14 index.ts[info]: SERVER listening on PORT:5000 
2024-01-02 08:45:12 index.ts[info]: initializeRoutes() 
2024-01-02 08:45:12 index.ts[info]: SERVER listening on PORT:5000 
2024-01-02 08:45:57 index.ts[info]: controller.admin.getSingleBookedSlots() 
2024-01-02 08:45:57 index.ts[debug]: controller.admin.getSingleBookedSlots() Object = {} 
2024-01-02 08:45:57 index.ts[info]: services.admin.theater.getSingleBookedSlots() ==>  
2024-01-02 08:45:57 index.ts[info]: data_stores_mysql_lib_user_Theater.getSingleBookedSlots() 
2024-01-02 08:46:06 index.ts[info]: helper.response_builder.responseBuilder() 
