2023-12-22 23:13:30 index.ts[info]: initializeRoutes() 
2023-12-22 23:13:30 index.ts[info]: SERVER listening on PORT:5000 
2023-12-22 23:14:23 index.ts[info]: START of common.validator.validate() 
2023-12-22 23:14:23 index.ts[debug]: {"value":{"firstName":"syed","lastName":"abbas","email":"syedabbas@gmail.com","password":"9999"},"error":{"_original":{"firstName":"syed","lastName":"abbas","email":"syedabbas@gmail.com","password":"9999"},"details":[{"message":"\"password\" length must be at least 8 characters long","path":["password"],"type":"string.min","context":{"limit":8,"value":"9999","label":"password","key":"password"}}]}} 
2023-12-22 23:14:26 index.ts[info]: START of common.validator.validate() 
2023-12-22 23:14:26 index.ts[debug]: {"value":{"firstName":"syed","lastName":"abbas","email":"syedabbas@gmail.com","password":"9999"},"error":{"_original":{"firstName":"syed","lastName":"abbas","email":"syedabbas@gmail.com","password":"9999"},"details":[{"message":"\"password\" length must be at least 8 characters long","path":["password"],"type":"string.min","context":{"limit":8,"value":"9999","label":"password","key":"password"}}]}} 
2023-12-22 23:14:27 index.ts[info]: START of common.validator.validate() 
2023-12-22 23:14:27 index.ts[debug]: {"value":{"firstName":"syed","lastName":"abbas","email":"syedabbas@gmail.com","password":"9999"},"error":{"_original":{"firstName":"syed","lastName":"abbas","email":"syedabbas@gmail.com","password":"9999"},"details":[{"message":"\"password\" length must be at least 8 characters long","path":["password"],"type":"string.min","context":{"limit":8,"value":"9999","label":"password","key":"password"}}]}} 
2023-12-22 23:15:12 index.ts[info]: START of common.validator.validate() 
2023-12-22 23:15:12 index.ts[info]: controller.admin.adminSignUp() 
2023-12-22 23:15:12 index.ts[debug]: controller.admin.adminSignUp() Object = {"firstName":"syed","lastName":"abbas","email":"syedabbasw@gmail.com","password":"9999edsw343edd"} 
2023-12-22 23:15:12 index.ts[info]: helpers.data_mapping.admin.adminDataMapping() 
2023-12-22 23:15:12 index.ts[info]: services.auth.adminSignUp() ==>  
2023-12-22 23:15:12 index.ts[info]: data_stores_mysql_lib_user.checkEmailExist()  ==> 
2023-12-22 23:15:13 index.ts[error]: ERROR in executeQuery() => SequelizeConnectionError: read ECONNRESET 
2023-12-22 23:15:13 index.ts[error]: ERROR occurred in data_stores_mysql_lib_user.checkEmailExist() read ECONNRESET SequelizeConnectionError: read ECONNRESET
    at Client._connectionCallback (D:\projets\projects\Backend\node_modules\sequelize\src\dialects\postgres\connection-manager.js:191:24)
    at Client._handleErrorWhileConnecting (D:\projets\projects\Backend\node_modules\pg\lib\client.js:327:19)
    at Client._handleErrorEvent (D:\projets\projects\Backend\node_modules\pg\lib\client.js:337:19)
    at Connection.emit (node:events:514:28)
    at Connection.emit (node:domain:488:12)
    at Socket.reportStreamError (D:\projets\projects\Backend\node_modules\pg\lib\connection.js:58:12)
    at Socket.emit (node:events:514:28)
    at Socket.emit (node:domain:488:12)
    at emitErrorNT (node:internal/streams/destroy:151:8)
    at emitErrorCloseNT (node:internal/streams/destroy:116:3)
2023-12-22 23:15:13 index.ts[error]: ERROR occurred in services.auth.adminSignUp read ECONNRESET SequelizeConnectionError: read ECONNRESET
    at Client._connectionCallback (D:\projets\projects\Backend\node_modules\sequelize\src\dialects\postgres\connection-manager.js:191:24)
    at Client._handleErrorWhileConnecting (D:\projets\projects\Backend\node_modules\pg\lib\client.js:327:19)
    at Client._handleErrorEvent (D:\projets\projects\Backend\node_modules\pg\lib\client.js:337:19)
    at Connection.emit (node:events:514:28)
    at Connection.emit (node:domain:488:12)
    at Socket.reportStreamError (D:\projets\projects\Backend\node_modules\pg\lib\connection.js:58:12)
    at Socket.emit (node:events:514:28)
    at Socket.emit (node:domain:488:12)
    at emitErrorNT (node:internal/streams/destroy:151:8)
    at emitErrorCloseNT (node:internal/streams/destroy:116:3)
2023-12-22 23:15:13 index.ts[info]: helper.response_builder.responseBuilder() 
2023-12-22 23:16:27 index.ts[info]: initializeRoutes() 
2023-12-22 23:16:27 index.ts[info]: SERVER listening on PORT:5000 
2023-12-22 23:16:31 index.ts[info]: START of common.validator.validate() 
2023-12-22 23:16:31 index.ts[info]: controller.admin.adminSignUp() 
2023-12-22 23:16:31 index.ts[debug]: controller.admin.adminSignUp() Object = {"firstName":"syed","lastName":"abbas","email":"syedabbasw@gmail.com","password":"9999edsw343edd"} 
2023-12-22 23:16:31 index.ts[info]: helpers.data_mapping.admin.adminDataMapping() 
2023-12-22 23:16:31 index.ts[info]: services.auth.adminSignUp() ==>  
2023-12-22 23:16:31 index.ts[info]: data_stores_mysql_lib_user.checkEmailExist()  ==> 
2023-12-22 23:16:42 index.ts[info]: data_stores_mysql_lib_user.adminSignUp() 
2023-12-22 23:16:44 index.ts[info]: helper.response_builder.responseBuilder() 
2023-12-22 23:16:59 index.ts[info]: initializeRoutes() 
2023-12-22 23:16:59 index.ts[info]: SERVER listening on PORT:5000 
2023-12-22 23:17:03 index.ts[info]: START of common.validator.validate() 
2023-12-22 23:17:03 index.ts[info]: controller.admin.adminSignUp() 
2023-12-22 23:17:03 index.ts[debug]: controller.admin.adminSignUp() Object = {"firstName":"syed","lastName":"abbas","email":"syedabbasw@gmail.com","password":"9999edsw343edd"} 
2023-12-22 23:17:03 index.ts[info]: helpers.data_mapping.admin.adminDataMapping() 
2023-12-22 23:17:03 index.ts[info]: services.auth.adminSignUp() ==>  
2023-12-22 23:17:03 index.ts[info]: data_stores_mysql_lib_user.checkEmailExist()  ==> 
2023-12-22 23:17:14 index.ts[info]: helper.response_builder.responseBuilder() 
2023-12-22 23:43:57 index.ts[info]: initializeRoutes() 
2023-12-22 23:43:57 index.ts[info]: SERVER listening on PORT:5000 
2023-12-22 23:44:29 index.ts[info]: initializeRoutes() 
2023-12-22 23:44:29 index.ts[info]: SERVER listening on PORT:5000 
2023-12-22 23:45:00 index.ts[info]: initializeRoutes() 
2023-12-22 23:45:00 index.ts[info]: SERVER listening on PORT:5000 
2023-12-22 23:45:19 index.ts[info]: initializeRoutes() 
2023-12-22 23:45:19 index.ts[info]: SERVER listening on PORT:5000 
