2023-12-21 00:00:05 index.ts[info]: initializeRoutes() 
2023-12-21 00:00:05 index.ts[info]: SERVER listening on PORT:5000 
2023-12-21 00:00:38 index.ts[info]: initializeRoutes() 
2023-12-21 00:00:38 index.ts[info]: SERVER listening on PORT:5000 
2023-12-21 00:02:47 index.ts[info]: initializeRoutes() 
2023-12-21 00:02:47 index.ts[info]: SERVER listening on PORT:5000 
2023-12-21 00:03:01 index.ts[info]: initializeRoutes() 
2023-12-21 00:03:01 index.ts[info]: SERVER listening on PORT:5000 
2023-12-21 00:03:33 index.ts[info]: initializeRoutes() 
2023-12-21 00:03:33 index.ts[info]: SERVER listening on PORT:5000 
2023-12-21 00:07:04 index.ts[info]: initializeRoutes() 
2023-12-21 00:07:04 index.ts[info]: SERVER listening on PORT:5000 
2023-12-21 00:07:29 index.ts[info]: initializeRoutes() 
2023-12-21 00:07:29 index.ts[info]: SERVER listening on PORT:5000 
2023-12-21 00:09:14 index.ts[info]: initializeRoutes() 
2023-12-21 00:09:14 index.ts[info]: SERVER listening on PORT:5000 
2023-12-21 00:09:38 index.ts[info]: initializeRoutes() 
2023-12-21 00:09:38 index.ts[info]: SERVER listening on PORT:5000 
2023-12-21 00:10:12 index.ts[info]: initializeRoutes() 
2023-12-21 00:10:12 index.ts[info]: SERVER listening on PORT:5000 
2023-12-21 00:10:36 index.ts[info]: START of common.validator.validate() 
2023-12-21 00:10:36 index.ts[debug]: {"value":{"lastName":"abbas","email":"syedabbas@gmail3.com","password":"9999774"},"error":{"_original":{"lastName":"abbas","email":"syedabbas@gmail3.com","password":"9999774"},"details":[{"message":"\"firstName\" is required","path":["firstName"],"type":"any.required","context":{"label":"firstName","key":"firstName"}},{"message":"\"password\" length must be at least 8 characters long","path":["password"],"type":"string.min","context":{"limit":8,"value":"9999774","label":"password","key":"password"}}]}} 
2023-12-21 00:10:45 index.ts[info]: START of common.validator.validate() 
2023-12-21 00:10:45 index.ts[debug]: {"value":{"firstName":"syed","lastName":"abbas","email":"syedabbas@gmail3.com","password":"9999774"},"error":{"_original":{"firstName":"syed","lastName":"abbas","email":"syedabbas@gmail3.com","password":"9999774"},"details":[{"message":"\"password\" length must be at least 8 characters long","path":["password"],"type":"string.min","context":{"limit":8,"value":"9999774","label":"password","key":"password"}}]}} 
2023-12-21 00:10:57 index.ts[info]: START of common.validator.validate() 
2023-12-21 00:10:57 index.ts[info]: controller.admin.adminSignUp() 
2023-12-21 00:10:57 index.ts[debug]: controller.admin.adminSignUp() Object = {"firstName":"syed","lastName":"abbas","email":"syedabbas@gmail3.com","password":"999977477"} 
2023-12-21 00:10:57 index.ts[info]: helpers.data_mapping.admin.adminDataMapping() 
2023-12-21 00:10:57 index.ts[info]: services.auth.adminSignUp() ==>  
2023-12-21 00:10:57 index.ts[info]: data_stores_mysql_lib_user.checkEmailExist()  ==> 
2023-12-21 00:11:01 index.ts[info]: helper.response_builder.responseBuilder() 
2023-12-21 00:11:25 index.ts[info]: START of common.validator.validate() 
2023-12-21 00:11:25 index.ts[info]: controller.admin.adminSignUp() 
2023-12-21 00:11:25 index.ts[debug]: controller.admin.adminSignUp() Object = {"firstName":"syed","lastName":"abbas","email":"syedabbas@gmail33.com","password":"999977477"} 
2023-12-21 00:11:25 index.ts[info]: helpers.data_mapping.admin.adminDataMapping() 
2023-12-21 00:11:25 index.ts[info]: services.auth.adminSignUp() ==>  
2023-12-21 00:11:25 index.ts[info]: data_stores_mysql_lib_user.checkEmailExist()  ==> 
2023-12-21 00:11:27 index.ts[info]: data_stores_mysql_lib_user.adminSignUp() 
2023-12-21 00:11:27 index.ts[info]: helper.response_builder.responseBuilder() 
2023-12-21 00:12:42 index.ts[info]: initializeRoutes() 
2023-12-21 00:12:42 index.ts[info]: SERVER listening on PORT:5000 
2023-12-21 00:15:42 index.ts[info]: initializeRoutes() 
2023-12-21 00:15:42 index.ts[info]: SERVER listening on PORT:5000 
2023-12-21 00:15:42 index.ts[info]: START of common.validator.validate() 
2023-12-21 00:15:42 index.ts[info]: controller.admin.adminSignUp() 
2023-12-21 00:15:42 index.ts[debug]: controller.admin.adminSignUp() Object = {"firstName":"syed","lastName":"abbas","email":"syedabbas@gmail34.com","password":"999977477"} 
2023-12-21 00:15:42 index.ts[info]: helpers.data_mapping.admin.adminDataMapping() 
2023-12-21 00:15:42 index.ts[info]: services.auth.adminSignUp() ==>  
2023-12-21 00:15:42 index.ts[info]: data_stores_mysql_lib_user.checkEmailExist()  ==> 
2023-12-21 00:15:46 index.ts[info]: data_stores_mysql_lib_user.adminSignUp() 
2023-12-21 00:15:47 index.ts[info]: helper.response_builder.responseBuilder() 
2023-12-21 00:16:12 index.ts[info]: initializeRoutes() 
2023-12-21 00:16:12 index.ts[info]: SERVER listening on PORT:5000 
2023-12-21 00:26:15 index.ts[info]: initializeRoutes() 
2023-12-21 00:26:15 index.ts[info]: SERVER listening on PORT:5000 
2023-12-21 00:46:55 index.ts[info]: START of common.validator.validate() 
2023-12-21 00:46:55 index.ts[info]: controller.admin.adminSignUp() 
2023-12-21 00:46:55 index.ts[debug]: controller.admin.adminSignUp() Object = {"firstName":"syed","lastName":"abbas","email":"syedabbas@gmail34.com","password":"999977477"} 
2023-12-21 00:46:55 index.ts[info]: helpers.data_mapping.admin.adminDataMapping() 
2023-12-21 00:46:55 index.ts[info]: services.auth.adminSignUp() ==>  
2023-12-21 00:46:55 index.ts[info]: data_stores_mysql_lib_user.checkEmailExist()  ==> 
2023-12-21 00:46:59 index.ts[info]: helper.response_builder.responseBuilder() 
2023-12-21 00:53:23 index.ts[info]: initializeRoutes() 
2023-12-21 00:53:23 index.ts[info]: SERVER listening on PORT:5000 
2023-12-21 00:53:31 index.ts[info]: initializeRoutes() 
2023-12-21 00:53:31 index.ts[info]: SERVER listening on PORT:5000 
2023-12-21 00:53:59 index.ts[info]: initializeRoutes() 
2023-12-21 00:53:59 index.ts[info]: SERVER listening on PORT:5000 
2023-12-21 01:26:08 index.ts[info]: initializeRoutes() 
2023-12-21 01:26:08 index.ts[info]: SERVER listening on PORT:5000 
2023-12-21 01:26:38 index.ts[info]: initializeRoutes() 
2023-12-21 01:26:38 index.ts[info]: SERVER listening on PORT:5000 
2023-12-21 01:26:46 index.ts[info]: initializeRoutes() 
2023-12-21 01:26:46 index.ts[info]: SERVER listening on PORT:5000 
2023-12-21 01:28:13 index.ts[info]: initializeRoutes() 
2023-12-21 01:28:13 index.ts[info]: SERVER listening on PORT:5000 
2023-12-21 01:28:23 index.ts[info]: initializeRoutes() 
2023-12-21 01:28:23 index.ts[info]: SERVER listening on PORT:5000 
2023-12-21 01:28:31 index.ts[info]: authentication.isAuthenticated() 
2023-12-21 01:28:31 index.ts[debug]: TOKEN is missing! 
2023-12-21 01:28:31 index.ts[info]: helper.response_builder.responseBuilder() 
2023-12-21 01:28:53 index.ts[info]: authentication.isAuthenticated() 
2023-12-21 01:28:53 index.ts[debug]: LOGGED IN USER:UserSession {
  userId: undefined,
  role: 'admin',
  userName: undefined,
  permissions: []
} 
2023-12-21 01:29:37 index.ts[info]: authentication.isAuthenticated() 
2023-12-21 01:29:37 index.ts[debug]: LOGGED IN USER:UserSession {
  userId: undefined,
  role: 'admin',
  userName: undefined,
  permissions: []
} 
2023-12-21 01:29:37 index.ts[info]: controller-admin-theaterController.updateTheater() 
2023-12-21 01:29:37 index.ts[debug]: controller-admin-theaterController.updateTheater() Object = {"id":6,"uid":"","theaterName":"YourTheaterName2","details":"ghdgjsdfjshdgfjsdgbcfuygjsgfjdgfjaghdfjgajksdgfkajgsdfjhgsadfkjagdfjkhasgdfjkagsdfjgasjdgfajgfkjahsgdfkjagsdasjgfajgfkjashfdjhabsdjhbajbhsdjhcbbajbhdsajbsdhcjhbacjhbcdhjbsjchbskjabhdcahsbdjhbbasdfasvdyasdfvabuysdfbavtsfdvyafsdkjfgjdsgfhsgfjahgsfyhjagsdjfgasdfasdfgas fas df as df asd fasfauysdfguagdf as fa gsgf uayg sdfuy asgyu","price":"10.99","noOfPersons":"100","extraPersonCost":"5.99      "} 
2023-12-21 01:29:37 index.ts[info]: helpers.data_mapping.TheaterDataMapping() 
2023-12-21 01:29:37 index.ts[info]: services.admin.theater.updateTheater() ==>  
2023-12-21 01:29:37 index.ts[info]: data_stores_mysql_lib_user.getSingleTheater() 
2023-12-21 01:29:41 index.ts[error]: ERROR in executeQuery() => Error: Named replacement ":uid" has no entry in the replacement map. 
2023-12-21 01:29:41 index.ts[error]: ERROR occurred in data_stores_mysql_lib_user.getSingleTheater() Named replacement ":uid" has no entry in the replacement map. Error: Named replacement ":uid" has no entry in the replacement map.
    at injectReplacements (D:\projets\projects\Backend\node_modules\sequelize\src\utils\sql.ts:176:15)
    at Sequelize.query (D:\projets\projects\Backend\node_modules\sequelize\src\sequelize.js:612:13)
    at D:\projets\projects\Backend\src\database\helpers\sql.query.util.ts:11:45
    at Generator.next (<anonymous>)
    at fulfilled (D:\projets\projects\Backend\src\database\helpers\sql.query.util.ts:5:58)
    at processTicksAndRejections (node:internal/process/task_queues:95:5)
2023-12-21 01:29:41 index.ts[error]: ERROR occurred in services.admin.theater.updateTheater Named replacement ":uid" has no entry in the replacement map. Error: Named replacement ":uid" has no entry in the replacement map.
    at injectReplacements (D:\projets\projects\Backend\node_modules\sequelize\src\utils\sql.ts:176:15)
    at Sequelize.query (D:\projets\projects\Backend\node_modules\sequelize\src\sequelize.js:612:13)
    at D:\projets\projects\Backend\src\database\helpers\sql.query.util.ts:11:45
    at Generator.next (<anonymous>)
    at fulfilled (D:\projets\projects\Backend\src\database\helpers\sql.query.util.ts:5:58)
    at processTicksAndRejections (node:internal/process/task_queues:95:5)
2023-12-21 01:29:41 index.ts[info]: helper.response_builder.responseBuilder() 
2023-12-21 01:31:29 index.ts[info]: initializeRoutes() 
2023-12-21 01:31:29 index.ts[info]: SERVER listening on PORT:5000 
2023-12-21 01:31:34 index.ts[info]: authentication.isAuthenticated() 
2023-12-21 01:31:34 index.ts[debug]: LOGGED IN USER:UserSession {
  userId: undefined,
  role: 'admin',
  userName: undefined,
  permissions: []
} 
2023-12-21 01:31:34 index.ts[info]: controller-admin-theaterController.updateTheater() 
2023-12-21 01:31:34 index.ts[debug]: controller-admin-theaterController.updateTheater() Object = {"id":6,"uid":"","theaterName":"YourTheaterName2","details":"ghdgjsdfjshdgfjsdgbcfuygjsgfjdgfjaghdfjgajksdgfkajgsdfjhgsadfkjagdfjkhasgdfjkagsdfjgasjdgfajgfkjahsgdfkjagsdasjgfajgfkjashfdjhabsdjhbajbhsdjhcbbajbhdsajbsdhcjhbacjhbcdhjbsjchbskjabhdcahsbdjhbbasdfasvdyasdfvabuysdfbavtsfdvyafsdkjfgjdsgfhsgfjahgsfyhjagsdjfgasdfasdfgas fas df as df asd fasfauysdfguagdf as fa gsgf uayg sdfuy asgyu","price":"10.99","noOfPersons":"100","extraPersonCost":"5.99      "} 
2023-12-21 01:31:34 index.ts[info]: helpers.data_mapping.TheaterDataMapping() 
2023-12-21 01:31:34 index.ts[info]: services.admin.theater.updateTheater() ==>  
2023-12-21 01:31:34 index.ts[info]: data_stores_mysql_lib_user.getSingleTheater() 
2023-12-21 01:31:38 index.ts[error]: ERROR in executeQuery() => Error: Named replacement ":uid" has no entry in the replacement map. 
2023-12-21 01:31:38 index.ts[error]: ERROR occurred in data_stores_mysql_lib_user.getSingleTheater() Named replacement ":uid" has no entry in the replacement map. Error: Named replacement ":uid" has no entry in the replacement map.
    at injectReplacements (D:\projets\projects\Backend\node_modules\sequelize\src\utils\sql.ts:176:15)
    at Sequelize.query (D:\projets\projects\Backend\node_modules\sequelize\src\sequelize.js:612:13)
    at D:\projets\projects\Backend\src\database\helpers\sql.query.util.ts:11:45
    at Generator.next (<anonymous>)
    at fulfilled (D:\projets\projects\Backend\src\database\helpers\sql.query.util.ts:5:58)
    at processTicksAndRejections (node:internal/process/task_queues:95:5)
2023-12-21 01:31:38 index.ts[error]: ERROR occurred in services.admin.theater.updateTheater Named replacement ":uid" has no entry in the replacement map. Error: Named replacement ":uid" has no entry in the replacement map.
    at injectReplacements (D:\projets\projects\Backend\node_modules\sequelize\src\utils\sql.ts:176:15)
    at Sequelize.query (D:\projets\projects\Backend\node_modules\sequelize\src\sequelize.js:612:13)
    at D:\projets\projects\Backend\src\database\helpers\sql.query.util.ts:11:45
    at Generator.next (<anonymous>)
    at fulfilled (D:\projets\projects\Backend\src\database\helpers\sql.query.util.ts:5:58)
    at processTicksAndRejections (node:internal/process/task_queues:95:5)
2023-12-21 01:31:38 index.ts[info]: helper.response_builder.responseBuilder() 
2023-12-21 01:32:52 index.ts[info]: initializeRoutes() 
2023-12-21 01:32:52 index.ts[info]: SERVER listening on PORT:5000 
2023-12-21 01:32:55 index.ts[info]: authentication.isAuthenticated() 
2023-12-21 01:32:55 index.ts[debug]: LOGGED IN USER:UserSession {
  userId: undefined,
  role: 'admin',
  userName: undefined,
  permissions: []
} 
2023-12-21 01:32:55 index.ts[info]: controller-admin-theaterController.updateTheater() 
2023-12-21 01:32:55 index.ts[debug]: controller-admin-theaterController.updateTheater() Object = {"id":6,"uid":"","theaterName":"YourTheaterName2","details":"ghdgjsdfjshdgfjsdgbcfuygjsgfjdgfjaghdfjgajksdgfkajgsdfjhgsadfkjagdfjkhasgdfjkagsdfjgasjdgfajgfkjahsgdfkjagsdasjgfajgfkjashfdjhabsdjhbajbhsdjhcbbajbhdsajbsdhcjhbacjhbcdhjbsjchbskjabhdcahsbdjhbbasdfasvdyasdfvabuysdfbavtsfdvyafsdkjfgjdsgfhsgfjahgsfyhjagsdjfgasdfasdfgas fas df as df asd fasfauysdfguagdf as fa gsgf uayg sdfuy asgyu","price":"10.99","noOfPersons":"100","extraPersonCost":"5.99      "} 
2023-12-21 01:32:55 index.ts[info]: helpers.data_mapping.TheaterDataMapping() 
2023-12-21 01:32:55 index.ts[info]: services.admin.theater.updateTheater() ==>  
2023-12-21 01:32:55 index.ts[info]: data_stores_mysql_lib_user.getSingleTheater() 
2023-12-21 01:33:00 index.ts[info]: data_stores_mysql_lib_user.updateTheater() 
2023-12-21 01:33:00 index.ts[info]: helper.response_builder.responseBuilder() 
2023-12-21 01:33:38 index.ts[info]: authentication.isAuthenticated() 
2023-12-21 01:33:38 index.ts[debug]: LOGGED IN USER:UserSession {
  userId: undefined,
  role: 'admin',
  userName: undefined,
  permissions: []
} 
2023-12-21 01:33:38 index.ts[info]: controller-admin-theaterController.updateTheater() 
2023-12-21 01:33:38 index.ts[debug]: controller-admin-theaterController.updateTheater() Object = {"id":6,"uid":"","theaterName":"YourTheaterName442","details":"ghdgjsdfjshdgfjsdgbcfuygjsgfjdgfjaghdfjgajksdgfkajgsdfjhgsadfkjagdfjkhasgdfjkagsdfjgasjdgfajgfkjahsgdfkjagsdasjgfajgfkjashfdjhabsdjhbajbhsdjhcbbajbhdsajbsdhcjhbacjhbcdhjbsjchbskjabhdcahsbdjhbbasdfasvdyasdfvabuysdfbavtsfdvyafsdkjfgjdsgfhsgfjahgsfyhjagsdjfgasdfasdfgas fas df as df asd fasfauysdfguagdf as fa gsgf uayg sdfuy asgyu","price":"10.99","noOfPersons":"100","extraPersonCost":"5.99      "} 
2023-12-21 01:33:38 index.ts[info]: helpers.data_mapping.TheaterDataMapping() 
2023-12-21 01:33:38 index.ts[info]: services.admin.theater.updateTheater() ==>  
2023-12-21 01:33:38 index.ts[info]: data_stores_mysql_lib_user.getSingleTheater() 
2023-12-21 01:33:40 index.ts[info]: data_stores_mysql_lib_user.updateTheater() 
2023-12-21 01:33:40 index.ts[info]: helper.response_builder.responseBuilder() 
2023-12-21 01:34:03 index.ts[info]: authentication.isAuthenticated() 
2023-12-21 01:34:03 index.ts[debug]: LOGGED IN USER:UserSession {
  userId: undefined,
  role: 'admin',
  userName: undefined,
  permissions: []
} 
2023-12-21 01:34:03 index.ts[info]: controller-admin-theaterController.updateTheater() 
2023-12-21 01:34:03 index.ts[debug]: controller-admin-theaterController.updateTheater() Object = {"theaterName":"YourTheaterName442","details":"ghdgjsdfjshdgfjsdgbcfuygjsgfjdgfjaghdfjgajksdgfkajgsdfjhgsadfkjagdfjkhasgdfjkagsdfjgasjdgfajgfkjahsgdfkjagsdasjgfajgfkjashfdjhabsdjhbajbhsdjhcbbajbhdsajbsdhcjhbacjhbcdhjbsjchbskjabhdcahsbdjhbbasdfasvdyasdfvabuysdfbavtsfdvyafsdkjfgjdsgfhsgfjahgsfyhjagsdjfgasdfasdfgas fas df as df asd fasfauysdfguagdf as fa gsgf uayg sdfuy asgyu","price":"10.99","noOfPersons":"100","extraPersonCost":"5.99      "} 
2023-12-21 01:34:03 index.ts[info]: helpers.data_mapping.TheaterDataMapping() 
2023-12-21 01:34:03 index.ts[info]: services.admin.theater.updateTheater() ==>  
2023-12-21 01:34:03 index.ts[info]: data_stores_mysql_lib_user.getSingleTheater() 
2023-12-21 01:34:05 index.ts[info]: data_stores_mysql_lib_user.updateTheater() 
2023-12-21 01:34:05 index.ts[info]: helper.response_builder.responseBuilder() 
2023-12-21 01:34:32 index.ts[info]: initializeRoutes() 
2023-12-21 01:34:32 index.ts[info]: SERVER listening on PORT:5000 
2023-12-21 01:34:35 index.ts[info]: authentication.isAuthenticated() 
2023-12-21 01:34:35 index.ts[debug]: LOGGED IN USER:UserSession {
  userId: undefined,
  role: 'admin',
  userName: undefined,
  permissions: []
} 
2023-12-21 01:34:35 index.ts[info]: controller-admin-theaterController.updateTheater() 
2023-12-21 01:34:35 index.ts[debug]: controller-admin-theaterController.updateTheater() Object = {"theaterName":"YourTheaterName442","details":"ghdgjsdfjshdgfjsdgbcfuygjsgfjdgfjaghdfjgajksdgfkajgsdfjhgsadfkjagdfjkhasgdfjkagsdfjgasjdgfajgfkjahsgdfkjagsdasjgfajgfkjashfdjhabsdjhbajbhsdjhcbbajbhdsajbsdhcjhbacjhbcdhjbsjchbskjabhdcahsbdjhbbasdfasvdyasdfvabuysdfbavtsfdvyafsdkjfgjdsgfhsgfjahgsfyhjagsdjfgasdfasdfgas fas df as df asd fasfauysdfguagdf as fa gsgf uayg sdfuy asgyu","price":"10.99","noOfPersons":"100","extraPersonCost":"5.99      "} 
2023-12-21 01:34:35 index.ts[info]: helpers.data_mapping.TheaterDataMapping() 
2023-12-21 01:34:35 index.ts[info]: services.admin.theater.updateTheater() ==>  
2023-12-21 01:34:35 index.ts[info]: data_stores_mysql_lib_user.getSingleTheater() 
2023-12-21 01:34:40 index.ts[info]: data_stores_mysql_lib_user.updateTheater() 
2023-12-21 01:34:40 index.ts[info]: helper.response_builder.responseBuilder() 
